<?xml version="1.0" encoding="UTF-8"?>
<!-- Generated by org.testng.reporters.JUnitReportReporter -->
<testsuite hostname="Mahithas-PC" failures="0" tests="3007" name="com.erudex.test.login.LoginTestApache" time="1086.864" errors="0" timestamp="2023-07-05T12:41:19 EDT" skipped="0">
  <testcase classname="com.erudex.test.login.LoginTestApache" name="testLoginWithSession" time="0.351"/>
  <testcase classname="com.erudex.test.login.LoginTestApache" name="testLogin" time="0.565"/>
  <testcase classname="com.erudex.test.login.LoginTestApache" name="testLogoutWithSession" time="0.357"/>
  <testcase classname="com.erudex.test.login.LoginTestApache" name="testLogin" time="0.364"/>
  <testcase classname="com.erudex.test.login.LoginTestApache" name="testLogin" time="0.362"/>
  <testcase classname="com.erudex.test.login.LoginTestApache" name="testLoginWithSession" time="0.309"/>
  <testcase classname="com.erudex.test.login.LoginTestApache" name="testLoginWithSession" time="0.356"/>
  <testcase classname="com.erudex.test.login.LoginTestApache" name="testLoginWithSession" time="0.306"/>
  <testcase classname="com.erudex.test.login.LoginTestApache" name="testLoginWithSession" time="0.308"/>
  <testcase classname="com.erudex.test.login.LoginTestApache" name="testLogoutWithSession" time="0.364"/>
  <testcase classname="com.erudex.test.login.LoginTestApache" name="testLogoutWithSession" time="0.347"/>
  <testcase classname="com.erudex.test.login.LoginTestApache" name="testLoginWithSession" time="0.307"/>
  <testcase classname="com.erudex.test.login.LoginTestApache" name="testLoginWithSession" time="0.353"/>
  <testcase classname="com.erudex.test.login.LoginTestApache" name="testLoginWithSession" time="0.369"/>
  <testcase classname="com.erudex.test.login.LoginTestApache" name="testLoginWithSession" time="0.359"/>
  <testcase classname="com.erudex.test.login.LoginTestApache" name="testLogin" time="0.313"/>
  <testcase classname="com.erudex.test.login.LoginTestApache" name="testLogoutWithSession" time="0.549"/>
  <testcase classname="com.erudex.test.login.LoginTestApache" name="testLogoutWithSession" time="0.548"/>
  <testcase classname="com.erudex.test.login.LoginTestApache" name="testLogin" time="0.364"/>
  <testcase classname="com.erudex.test.login.LoginTestApache" name="testLoginWithSession" time="0.313"/>
  <testcase classname="com.erudex.test.login.LoginTestApache" name="testLogin" time="0.312"/>
  <testcase classname="com.erudex.test.login.LoginTestApache" name="testLogin" time="0.319"/>
  <testcase classname="com.erudex.test.login.LoginTestApache" name="testLogoutWithSession" time="0.359"/>
  <testcase classname="com.erudex.test.login.LoginTestApache" name="testLogin" time="0.311"/>
  <testcase classname="com.erudex.test.login.LoginTestApache" name="testLogin" time="0.361"/>
  <testcase classname="com.erudex.test.login.LoginTestApache" name="testLogoutWithSession" time="0.315"/>
  <testcase classname="com.erudex.test.login.LoginTestApache" name="testLoginWithSession" time="0.302"/>
  <testcase classname="com.erudex.test.login.LoginTestApache" name="testLogoutWithSession" time="0.361"/>
  <testcase classname="com.erudex.test.login.LoginTestApache" name="testLogoutWithSession" time="0.321"/>
  <testcase classname="com.erudex.test.login.LoginTestApache" name="testLogoutWithSession" time="0.317"/>
  <testcase classname="com.erudex.test.login.LoginTestApache" name="testLoginWithSession" time="0.347"/>
  <testcase classname="com.erudex.test.login.LoginTestApache" name="testLogin" time="0.374"/>
  <testcase classname="com.erudex.test.login.LoginTestApache" name="testLoginWithSession" time="0.303"/>
  <testcase classname="com.erudex.test.login.LoginTestApache" name="testLogin" time="0.364"/>
  <testcase classname="com.erudex.test.login.LoginTestApache" name="testLoginWithSession" time="0.309"/>
  <testcase classname="com.erudex.test.login.LoginTestApache" name="testLogoutWithSession" time="0.733"/>
  <testcase classname="com.erudex.test.login.LoginTestApache" name="testLoginWithSession" time="0.350"/>
  <testcase classname="com.erudex.test.login.LoginTestApache" name="testLoginWithSession" time="0.307"/>
  <testcase classname="com.erudex.test.login.LoginTestApache" name="testLogoutWithSession" time="0.364"/>
  <testcase classname="com.erudex.test.login.LoginTestApache" name="testLogoutWithSession" time="0.349"/>
  <testcase classname="com.erudex.test.login.LoginTestApache" name="testLogin" time="0.363"/>
  <testcase classname="com.erudex.test.login.LoginTestApache" name="testLoginWithSession" time="0.362"/>
  <testcase classname="com.erudex.test.login.LoginTestApache" name="testLogoutWithSession" time="0.363"/>
  <testcase classname="com.erudex.test.login.LoginTestApache" name="testLogin" time="0.320"/>
  <testcase classname="com.erudex.test.login.LoginTestApache" name="testLogoutWithSession" time="0.296"/>
  <testcase classname="com.erudex.test.login.LoginTestApache" name="testLogoutWithSession" time="0.309"/>
  <testcase classname="com.erudex.test.login.LoginTestApache" name="testLogin" time="0.347"/>
  <testcase classname="com.erudex.test.login.LoginTestApache" name="testLogin" time="0.360"/>
  <testcase classname="com.erudex.test.login.LoginTestApache" name="testLoginWithSession" time="0.354"/>
  <testcase classname="com.erudex.test.login.LoginTestApache" name="testLoginWithSession" time="0.304"/>
  <testcase classname="com.erudex.test.login.LoginTestApache" name="testLogoutWithSession" time="0.345"/>
  <testcase classname="com.erudex.test.login.LoginTestApache" name="testLogoutWithSession" time="0.377"/>
  <testcase classname="com.erudex.test.login.LoginTestApache" name="testLogoutWithSession" time="0.377"/>
  <testcase classname="com.erudex.test.login.LoginTestApache" name="testLogoutWithSession" time="0.311"/>
  <testcase classname="com.erudex.test.login.LoginTestApache" name="testLogoutWithSession" time="0.363"/>
  <testcase classname="com.erudex.test.login.LoginTestApache" name="testLoginWithSession" time="0.307"/>
  <testcase classname="com.erudex.test.login.LoginTestApache" name="testLoginWithSession" time="0.753"/>
  <testcase classname="com.erudex.test.login.LoginTestApache" name="testLogoutWithSession" time="0.348"/>
  <testcase classname="com.erudex.test.login.LoginTestApache" name="testLoginWithSession" time="0.314"/>
  <testcase classname="com.erudex.test.login.LoginTestApache" name="testLogoutWithSession" time="0.354"/>
  <testcase classname="com.erudex.test.login.LoginTestApache" name="testLogin" time="0.311"/>
  <testcase classname="com.erudex.test.login.LoginTestApache" name="testLogoutWithSession" time="0.748"/>
  <testcase classname="com.erudex.test.login.LoginTestApache" name="testLogoutWithSession" time="0.418"/>
  <testcase classname="com.erudex.test.login.LoginTestApache" name="testLogin" time="0.318"/>
  <testcase classname="com.erudex.test.login.LoginTestApache" name="testLogin" time="0.739"/>
  <testcase classname="com.erudex.test.login.LoginTestApache" name="testLogoutWithSession" time="0.363"/>
  <testcase classname="com.erudex.test.login.LoginTestApache" name="testLogoutWithSession" time="0.354"/>
  <testcase classname="com.erudex.test.login.LoginTestApache" name="testLogin" time="0.378"/>
  <testcase classname="com.erudex.test.login.LoginTestApache" name="testLogin" time="0.355"/>
  <testcase classname="com.erudex.test.login.LoginTestApache" name="testLoginWithSession" time="0.329"/>
  <testcase classname="com.erudex.test.login.LoginTestApache" name="testLoginWithSession" time="0.354"/>
  <testcase classname="com.erudex.test.login.LoginTestApache" name="testLogin" time="0.377"/>
  <testcase classname="com.erudex.test.login.LoginTestApache" name="testLoginWithSession" time="0.304"/>
  <testcase classname="com.erudex.test.login.LoginTestApache" name="testLogin" time="0.312"/>
  <testcase classname="com.erudex.test.login.LoginTestApache" name="testLogin" time="0.360"/>
  <testcase classname="com.erudex.test.login.LoginTestApache" name="testLogin" time="0.371"/>
  <testcase classname="com.erudex.test.login.LoginTestApache" name="testLogoutWithSession" time="0.307"/>
  <testcase classname="com.erudex.test.login.LoginTestApache" name="testLogoutWithSession" time="0.362"/>
  <testcase classname="com.erudex.test.login.LoginTestApache" name="testLoginWithSession" time="0.309"/>
  <testcase classname="com.erudex.test.login.LoginTestApache" name="testLogoutWithSession" time="0.367"/>
  <testcase classname="com.erudex.test.login.LoginTestApache" name="testLogoutWithSession" time="0.332"/>
  <testcase classname="com.erudex.test.login.LoginTestApache" name="testLogin" time="0.380"/>
  <testcase classname="com.erudex.test.login.LoginTestApache" name="testLoginWithSession" time="0.357"/>
  <testcase classname="com.erudex.test.login.LoginTestApache" name="testLoginWithSession" time="0.363"/>
  <testcase classname="com.erudex.test.login.LoginTestApache" name="testLogoutWithSession" time="0.368"/>
  <testcase classname="com.erudex.test.login.LoginTestApache" name="testLogin" time="0.362"/>
  <testcase classname="com.erudex.test.login.LoginTestApache" name="testLogin" time="0.367"/>
  <testcase classname="com.erudex.test.login.LoginTestApache" name="testLogin" time="0.359"/>
  <testcase classname="com.erudex.test.login.LoginTestApache" name="testLogoutWithSession" time="0.318"/>
  <testcase classname="com.erudex.test.login.LoginTestApache" name="testLogoutWithSession" time="0.352"/>
  <testcase classname="com.erudex.test.login.LoginTestApache" name="testLogin" time="0.352"/>
  <testcase classname="com.erudex.test.login.LoginTestApache" name="testLogin" time="0.353"/>
  <testcase classname="com.erudex.test.login.LoginTestApache" name="testLogin" time="0.366"/>
  <testcase classname="com.erudex.test.login.LoginTestApache" name="testLogoutWithSession" time="0.347"/>
  <testcase classname="com.erudex.test.login.LoginTestApache" name="testLogin" time="0.302"/>
  <testcase classname="com.erudex.test.login.LoginTestApache" name="testLogoutWithSession" time="0.712"/>
  <testcase classname="com.erudex.test.login.LoginTestApache" name="testLogin" time="0.360"/>
  <testcase classname="com.erudex.test.login.LoginTestApache" name="testLoginWithSession" time="0.744"/>
  <testcase classname="com.erudex.test.login.LoginTestApache" name="testLoginWithSession" time="0.347"/>
  <testcase classname="com.erudex.test.login.LoginTestApache" name="testLogoutWithSession" time="0.311"/>
  <testcase classname="com.erudex.test.login.LoginTestApache" name="testLogin" time="0.377"/>
  <testcase classname="com.erudex.test.login.LoginTestApache" name="testLoginWithSession" time="0.368"/>
  <testcase classname="com.erudex.test.login.LoginTestApache" name="testLoginWithSession" time="0.355"/>
  <testcase classname="com.erudex.test.login.LoginTestApache" name="testLoginWithSession" time="0.365"/>
  <testcase classname="com.erudex.test.login.LoginTestApache" name="testLogoutWithSession" time="0.358"/>
  <testcase classname="com.erudex.test.login.LoginTestApache" name="testLogoutWithSession" time="0.356"/>
  <testcase classname="com.erudex.test.login.LoginTestApache" name="testLogin" time="0.491"/>
  <testcase classname="com.erudex.test.login.LoginTestApache" name="testLogin" time="0.322"/>
  <testcase classname="com.erudex.test.login.LoginTestApache" name="testLogoutWithSession" time="0.351"/>
  <testcase classname="com.erudex.test.login.LoginTestApache" name="testLogoutWithSession" time="0.348"/>
  <testcase classname="com.erudex.test.login.LoginTestApache" name="testLogoutWithSession" time="0.354"/>
  <testcase classname="com.erudex.test.login.LoginTestApache" name="testLogoutWithSession" time="0.312"/>
  <testcase classname="com.erudex.test.login.LoginTestApache" name="testLoginWithSession" time="0.361"/>
  <testcase classname="com.erudex.test.login.LoginTestApache" name="testLogin" time="0.367"/>
  <testcase classname="com.erudex.test.login.LoginTestApache" name="testLogoutWithSession" time="0.741"/>
  <testcase classname="com.erudex.test.login.LoginTestApache" name="testLogin" time="0.315"/>
  <testcase classname="com.erudex.test.login.LoginTestApache" name="testLoginWithSession" time="0.358"/>
  <testcase classname="com.erudex.test.login.LoginTestApache" name="testLogin" time="0.359"/>
  <testcase classname="com.erudex.test.login.LoginTestApache" name="testLogin" time="0.367"/>
  <testcase classname="com.erudex.test.login.LoginTestApache" name="testLogin" time="0.323"/>
  <testcase classname="com.erudex.test.login.LoginTestApache" name="testLoginWithSession" time="0.348"/>
  <testcase classname="com.erudex.test.login.LoginTestApache" name="testLoginWithSession" time="0.521"/>
  <testcase classname="com.erudex.test.login.LoginTestApache" name="testLogoutWithSession" time="0.350"/>
  <testcase classname="com.erudex.test.login.LoginTestApache" name="testLogin" time="0.812"/>
  <testcase classname="com.erudex.test.login.LoginTestApache" name="testLogin" time="0.316"/>
  <testcase classname="com.erudex.test.login.LoginTestApache" name="testLoginWithSession" time="0.365"/>
  <testcase classname="com.erudex.test.login.LoginTestApache" name="testLogoutWithSession" time="0.351"/>
  <testcase classname="com.erudex.test.login.LoginTestApache" name="testLogin" time="0.359"/>
  <testcase classname="com.erudex.test.login.LoginTestApache" name="testLogoutWithSession" time="0.366"/>
  <testcase classname="com.erudex.test.login.LoginTestApache" name="testLogin" time="0.386"/>
  <testcase classname="com.erudex.test.login.LoginTestApache" name="testLogin" time="0.331"/>
  <testcase classname="com.erudex.test.login.LoginTestApache" name="testLogin" time="0.370"/>
  <testcase classname="com.erudex.test.login.LoginTestApache" name="testLogin" time="0.375"/>
  <testcase classname="com.erudex.test.login.LoginTestApache" name="testLoginWithSession" time="0.357"/>
  <testcase classname="com.erudex.test.login.LoginTestApache" name="testLoginWithSession" time="0.350"/>
  <testcase classname="com.erudex.test.login.LoginTestApache" name="testLogoutWithSession" time="0.345"/>
  <testcase classname="com.erudex.test.login.LoginTestApache" name="testLogin" time="0.317"/>
  <testcase classname="com.erudex.test.login.LoginTestApache" name="testLogoutWithSession" time="0.359"/>
  <testcase classname="com.erudex.test.login.LoginTestApache" name="testLogoutWithSession" time="0.370"/>
  <testcase classname="com.erudex.test.login.LoginTestApache" name="testLogin" time="0.336"/>
  <testcase classname="com.erudex.test.login.LoginTestApache" name="testLogin" time="0.377"/>
  <testcase classname="com.erudex.test.login.LoginTestApache" name="testLogoutWithSession" time="0.307"/>
  <testcase classname="com.erudex.test.login.LoginTestApache" name="testLoginWithSession" time="0.347"/>
  <testcase classname="com.erudex.test.login.LoginTestApache" name="testLogin" time="0.375"/>
  <testcase classname="com.erudex.test.login.LoginTestApache" name="testLoginWithSession" time="0.359"/>
  <testcase classname="com.erudex.test.login.LoginTestApache" name="testLogin" time="0.361"/>
  <testcase classname="com.erudex.test.login.LoginTestApache" name="testLogin" time="0.356"/>
  <testcase classname="com.erudex.test.login.LoginTestApache" name="testLoginWithSession" time="0.348"/>
  <testcase classname="com.erudex.test.login.LoginTestApache" name="testLoginWithSession" time="0.356"/>
  <testcase classname="com.erudex.test.login.LoginTestApache" name="testLogin" time="0.382"/>
  <testcase classname="com.erudex.test.login.LoginTestApache" name="testLogoutWithSession" time="0.361"/>
  <testcase classname="com.erudex.test.login.LoginTestApache" name="testLoginWithSession" time="0.357"/>
  <testcase classname="com.erudex.test.login.LoginTestApache" name="testLogoutWithSession" time="0.353"/>
  <testcase classname="com.erudex.test.login.LoginTestApache" name="testLogoutWithSession" time="0.350"/>
  <testcase classname="com.erudex.test.login.LoginTestApache" name="testLogin" time="0.311"/>
  <testcase classname="com.erudex.test.login.LoginTestApache" name="testLoginWithSession" time="0.303"/>
  <testcase classname="com.erudex.test.login.LoginTestApache" name="testLoginWithSession" time="0.345"/>
  <testcase classname="com.erudex.test.login.LoginTestApache" name="testLogoutWithSession" time="0.362"/>
  <testcase classname="com.erudex.test.login.LoginTestApache" name="testLogoutWithSession" time="0.742"/>
  <testcase classname="com.erudex.test.login.LoginTestApache" name="testLogin" time="0.314"/>
  <testcase classname="com.erudex.test.login.LoginTestApache" name="testLogoutWithSession" time="0.309"/>
  <testcase classname="com.erudex.test.login.LoginTestApache" name="testLoginWithSession" time="0.348"/>
  <testcase classname="com.erudex.test.login.LoginTestApache" name="testLoginWithSession" time="0.365"/>
  <testcase classname="com.erudex.test.login.LoginTestApache" name="testLoginWithSession" time="0.353"/>
  <testcase classname="com.erudex.test.login.LoginTestApache" name="testLogoutWithSession" time="0.364"/>
  <testcase classname="com.erudex.test.login.LoginTestApache" name="testLoginWithSession" time="0.355"/>
  <testcase classname="com.erudex.test.login.LoginTestApache" name="testLogin" time="0.322"/>
  <testcase classname="com.erudex.test.login.LoginTestApache" name="testLogin" time="0.347"/>
  <testcase classname="com.erudex.test.login.LoginTestApache" name="testLoginWithSession" time="0.358"/>
  <testcase classname="com.erudex.test.login.LoginTestApache" name="testLogoutWithSession" time="0.313"/>
  <testcase classname="com.erudex.test.login.LoginTestApache" name="testLoginWithSession" time="0.348"/>
  <testcase classname="com.erudex.test.login.LoginTestApache" name="testLoginWithSession" time="0.305"/>
  <testcase classname="com.erudex.test.login.LoginTestApache" name="testLogoutWithSession" time="0.356"/>
  <testcase classname="com.erudex.test.login.LoginTestApache" name="testLogin" time="0.336"/>
  <testcase classname="com.erudex.test.login.LoginTestApache" name="testLogoutWithSession" time="0.306"/>
  <testcase classname="com.erudex.test.login.LoginTestApache" name="testLogoutWithSession" time="0.305"/>
  <testcase classname="com.erudex.test.login.LoginTestApache" name="testLoginWithSession" time="0.306"/>
  <testcase classname="com.erudex.test.login.LoginTestApache" name="testLoginWithSession" time="0.309"/>
  <testcase classname="com.erudex.test.login.LoginTestApache" name="testLogin" time="0.313"/>
  <testcase classname="com.erudex.test.login.LoginTestApache" name="testLogin" time="0.368"/>
  <testcase classname="com.erudex.test.login.LoginTestApache" name="testLoginWithSession" time="0.395"/>
  <testcase classname="com.erudex.test.login.LoginTestApache" name="testLogoutWithSession" time="0.309"/>
  <testcase classname="com.erudex.test.login.LoginTestApache" name="testLoginWithSession" time="0.361"/>
  <testcase classname="com.erudex.test.login.LoginTestApache" name="testLogin" time="0.373"/>
  <testcase classname="com.erudex.test.login.LoginTestApache" name="testLogoutWithSession" time="0.360"/>
  <testcase classname="com.erudex.test.login.LoginTestApache" name="testLogin" time="0.375"/>
  <testcase classname="com.erudex.test.login.LoginTestApache" name="testLoginWithSession" time="0.357"/>
  <testcase classname="com.erudex.test.login.LoginTestApache" name="testLogoutWithSession" time="0.342"/>
  <testcase classname="com.erudex.test.login.LoginTestApache" name="testLogin" time="0.318"/>
  <testcase classname="com.erudex.test.login.LoginTestApache" name="testLogin" time="0.361"/>
  <testcase classname="com.erudex.test.login.LoginTestApache" name="testLogin" time="0.363"/>
  <testcase classname="com.erudex.test.login.LoginTestApache" name="testLoginWithSession" time="0.343"/>
  <testcase classname="com.erudex.test.login.LoginTestApache" name="testLogin" time="0.359"/>
  <testcase classname="com.erudex.test.login.LoginTestApache" name="testLoginWithSession" time="0.315"/>
  <testcase classname="com.erudex.test.login.LoginTestApache" name="testLoginWithSession" time="0.356"/>
  <testcase classname="com.erudex.test.login.LoginTestApache" name="testLoginWithSession" time="0.346"/>
  <testcase classname="com.erudex.test.login.LoginTestApache" name="testLogin" time="0.371"/>
  <testcase classname="com.erudex.test.login.LoginTestApache" name="testLoginWithSession" time="0.357"/>
  <testcase classname="com.erudex.test.login.LoginTestApache" name="testLogin" time="0.375"/>
  <testcase classname="com.erudex.test.login.LoginTestApache" name="testLogoutWithSession" time="0.357"/>
  <testcase classname="com.erudex.test.login.LoginTestApache" name="testLogin" time="0.358"/>
  <testcase classname="com.erudex.test.login.LoginTestApache" name="testLogoutWithSession" time="0.355"/>
  <testcase classname="com.erudex.test.login.LoginTestApache" name="testLogoutWithSession" time="0.346"/>
  <testcase classname="com.erudex.test.login.LoginTestApache" name="testLogoutWithSession" time="0.345"/>
  <testcase classname="com.erudex.test.login.LoginTestApache" name="testLoginWithSession" time="0.309"/>
  <testcase classname="com.erudex.test.login.LoginTestApache" name="testLoginWithSession" time="0.347"/>
  <testcase classname="com.erudex.test.login.LoginTestApache" name="testLogoutWithSession" time="0.308"/>
  <testcase classname="com.erudex.test.login.LoginTestApache" name="testLoginWithSession" time="0.307"/>
  <testcase classname="com.erudex.test.login.LoginTestApache" name="testLoginWithSession" time="0.369"/>
  <testcase classname="com.erudex.test.login.LoginTestApache" name="testLoginWithSession" time="0.354"/>
  <testcase classname="com.erudex.test.login.LoginTestApache" name="testLogoutWithSession" time="0.354"/>
  <testcase classname="com.erudex.test.login.LoginTestApache" name="testLoginWithSession" time="0.368"/>
  <testcase classname="com.erudex.test.login.LoginTestApache" name="testLoginWithSession" time="0.414"/>
  <testcase classname="com.erudex.test.login.LoginTestApache" name="testLogin" time="0.356"/>
  <testcase classname="com.erudex.test.login.LoginTestApache" name="testLogin" time="0.366"/>
  <testcase classname="com.erudex.test.login.LoginTestApache" name="testLogin" time="0.762"/>
  <testcase classname="com.erudex.test.login.LoginTestApache" name="testLogin" time="0.373"/>
  <testcase classname="com.erudex.test.login.LoginTestApache" name="testLoginWithSession" time="0.358"/>
  <testcase classname="com.erudex.test.login.LoginTestApache" name="testLogoutWithSession" time="0.309"/>
  <testcase classname="com.erudex.test.login.LoginTestApache" name="testLogoutWithSession" time="0.310"/>
  <testcase classname="com.erudex.test.login.LoginTestApache" name="testLoginWithSession" time="0.357"/>
  <testcase classname="com.erudex.test.login.LoginTestApache" name="testLoginWithSession" time="0.353"/>
  <testcase classname="com.erudex.test.login.LoginTestApache" name="testLoginWithSession" time="0.354"/>
  <testcase classname="com.erudex.test.login.LoginTestApache" name="testLogin" time="0.363"/>
  <testcase classname="com.erudex.test.login.LoginTestApache" name="testLoginWithSession" time="0.360"/>
  <testcase classname="com.erudex.test.login.LoginTestApache" name="testLogoutWithSession" time="0.361"/>
  <testcase classname="com.erudex.test.login.LoginTestApache" name="testLogin" time="0.445"/>
  <testcase classname="com.erudex.test.login.LoginTestApache" name="testLogin" time="0.423"/>
  <testcase classname="com.erudex.test.login.LoginTestApache" name="testLogoutWithSession" time="0.330"/>
  <testcase classname="com.erudex.test.login.LoginTestApache" name="testLogoutWithSession" time="0.358"/>
  <testcase classname="com.erudex.test.login.LoginTestApache" name="testLogin" time="0.513"/>
  <testcase classname="com.erudex.test.login.LoginTestApache" name="testLogoutWithSession" time="0.359"/>
  <testcase classname="com.erudex.test.login.LoginTestApache" name="testLogoutWithSession" time="0.302"/>
  <testcase classname="com.erudex.test.login.LoginTestApache" name="testLogin" time="0.317"/>
  <testcase classname="com.erudex.test.login.LoginTestApache" name="testLoginWithSession" time="0.360"/>
  <testcase classname="com.erudex.test.login.LoginTestApache" name="testLogin" time="0.577"/>
  <testcase classname="com.erudex.test.login.LoginTestApache" name="testLogoutWithSession" time="0.356"/>
  <testcase classname="com.erudex.test.login.LoginTestApache" name="testLogin" time="0.311"/>
  <testcase classname="com.erudex.test.login.LoginTestApache" name="testLogin" time="0.376"/>
  <testcase classname="com.erudex.test.login.LoginTestApache" name="testLogin" time="0.359"/>
  <testcase classname="com.erudex.test.login.LoginTestApache" name="testLogin" time="0.358"/>
  <testcase classname="com.erudex.test.login.LoginTestApache" name="testLoginWithSession" time="0.313"/>
  <testcase classname="com.erudex.test.login.LoginTestApache" name="testLogin" time="0.332"/>
  <testcase classname="com.erudex.test.login.LoginTestApache" name="testLogoutWithSession" time="0.356"/>
  <testcase classname="com.erudex.test.login.LoginTestApache" name="testLoginWithSession" time="0.309"/>
  <testcase classname="com.erudex.test.login.LoginTestApache" name="testLoginWithSession" time="0.365"/>
  <testcase classname="com.erudex.test.login.LoginTestApache" name="testLoginWithSession" time="0.346"/>
  <testcase classname="com.erudex.test.login.LoginTestApache" name="testLoginWithSession" time="0.356"/>
  <testcase classname="com.erudex.test.login.LoginTestApache" name="testLoginWithSession" time="0.318"/>
  <testcase classname="com.erudex.test.login.LoginTestApache" name="testLogin" time="0.748"/>
  <testcase classname="com.erudex.test.login.LoginTestApache" name="testLogoutWithSession" time="0.357"/>
  <testcase classname="com.erudex.test.login.LoginTestApache" name="testLoginWithSession" time="0.357"/>
  <testcase classname="com.erudex.test.login.LoginTestApache" name="testLoginWithSession" time="0.359"/>
  <testcase classname="com.erudex.test.login.LoginTestApache" name="testLoginWithSession" time="0.363"/>
  <testcase classname="com.erudex.test.login.LoginTestApache" name="testLoginWithSession" time="0.355"/>
  <testcase classname="com.erudex.test.login.LoginTestApache" name="testLoginWithSession" time="0.307"/>
  <testcase classname="com.erudex.test.login.LoginTestApache" name="testLogin" time="0.316"/>
  <testcase classname="com.erudex.test.login.LoginTestApache" name="testLoginWithSession" time="0.435"/>
  <testcase classname="com.erudex.test.login.LoginTestApache" name="testLogoutWithSession" time="0.359"/>
  <testcase classname="com.erudex.test.login.LoginTestApache" name="testLogoutWithSession" time="0.358"/>
  <testcase classname="com.erudex.test.login.LoginTestApache" name="testLogoutWithSession" time="0.308"/>
  <testcase classname="com.erudex.test.login.LoginTestApache" name="testLoginWithSession" time="0.343"/>
  <testcase classname="com.erudex.test.login.LoginTestApache" name="testLogoutWithSession" time="0.355"/>
  <testcase classname="com.erudex.test.login.LoginTestApache" name="testLogoutWithSession" time="0.305"/>
  <testcase classname="com.erudex.test.login.LoginTestApache" name="testLoginWithSession" time="0.354"/>
  <testcase classname="com.erudex.test.login.LoginTestApache" name="testLogoutWithSession" time="0.311"/>
  <testcase classname="com.erudex.test.login.LoginTestApache" name="testLoginWithSession" time="0.310"/>
  <testcase classname="com.erudex.test.login.LoginTestApache" name="testLoginWithSession" time="0.314"/>
  <testcase classname="com.erudex.test.login.LoginTestApache" name="testLoginWithSession" time="0.362"/>
  <testcase classname="com.erudex.test.login.LoginTestApache" name="testLoginWithSession" time="0.347"/>
  <testcase classname="com.erudex.test.login.LoginTestApache" name="testLoginWithSession" time="0.305"/>
  <testcase classname="com.erudex.test.login.LoginTestApache" name="testLogoutWithSession" time="0.349"/>
  <testcase classname="com.erudex.test.login.LoginTestApache" name="testLogin" time="0.365"/>
  <testcase classname="com.erudex.test.login.LoginTestApache" name="testLoginWithSession" time="0.372"/>
  <testcase classname="com.erudex.test.login.LoginTestApache" name="testLogin" time="0.363"/>
  <testcase classname="com.erudex.test.login.LoginTestApache" name="testLoginWithSession" time="0.350"/>
  <testcase classname="com.erudex.test.login.LoginTestApache" name="testLoginWithSession" time="0.316"/>
  <testcase classname="com.erudex.test.login.LoginTestApache" name="testLoginWithSession" time="0.354"/>
  <testcase classname="com.erudex.test.login.LoginTestApache" name="testLogin" time="0.315"/>
  <testcase classname="com.erudex.test.login.LoginTestApache" name="testLoginWithSession" time="0.717"/>
  <testcase classname="com.erudex.test.login.LoginTestApache" name="testLogoutWithSession" time="0.359"/>
  <testcase classname="com.erudex.test.login.LoginTestApache" name="testLogoutWithSession" time="0.356"/>
  <testcase classname="com.erudex.test.login.LoginTestApache" name="testLogoutWithSession" time="0.359"/>
  <testcase classname="com.erudex.test.login.LoginTestApache" name="testLoginWithSession" time="0.362"/>
  <testcase classname="com.erudex.test.login.LoginTestApache" name="testLogoutWithSession" time="0.349"/>
  <testcase classname="com.erudex.test.login.LoginTestApache" name="testLogin" time="0.369"/>
  <testcase classname="com.erudex.test.login.LoginTestApache" name="testLogin" time="0.359"/>
  <testcase classname="com.erudex.test.login.LoginTestApache" name="testLogoutWithSession" time="0.308"/>
  <testcase classname="com.erudex.test.login.LoginTestApache" name="testLogin" time="0.366"/>
  <testcase classname="com.erudex.test.login.LoginTestApache" name="testLogin" time="0.358"/>
  <testcase classname="com.erudex.test.login.LoginTestApache" name="testLogoutWithSession" time="0.353"/>
  <testcase classname="com.erudex.test.login.LoginTestApache" name="testLogin" time="0.358"/>
  <testcase classname="com.erudex.test.login.LoginTestApache" name="testLogoutWithSession" time="0.356"/>
  <testcase classname="com.erudex.test.login.LoginTestApache" name="testLogoutWithSession" time="0.351"/>
  <testcase classname="com.erudex.test.login.LoginTestApache" name="testLoginWithSession" time="0.342"/>
  <testcase classname="com.erudex.test.login.LoginTestApache" name="testLoginWithSession" time="0.360"/>
  <testcase classname="com.erudex.test.login.LoginTestApache" name="testLogin" time="0.407"/>
  <testcase classname="com.erudex.test.login.LoginTestApache" name="testLoginWithSession" time="0.355"/>
  <testcase classname="com.erudex.test.login.LoginTestApache" name="testLogin" time="0.362"/>
  <testcase classname="com.erudex.test.login.LoginTestApache" name="testLogoutWithSession" time="0.344"/>
  <testcase classname="com.erudex.test.login.LoginTestApache" name="testLogoutWithSession" time="0.309"/>
  <testcase classname="com.erudex.test.login.LoginTestApache" name="testLogoutWithSession" time="0.365"/>
  <testcase classname="com.erudex.test.login.LoginTestApache" name="testLogoutWithSession" time="0.743"/>
  <testcase classname="com.erudex.test.login.LoginTestApache" name="testLogin" time="0.743"/>
  <testcase classname="com.erudex.test.login.LoginTestApache" name="testLogoutWithSession" time="0.362"/>
  <testcase classname="com.erudex.test.login.LoginTestApache" name="testLogoutWithSession" time="0.299"/>
  <testcase classname="com.erudex.test.login.LoginTestApache" name="testLoginWithSession" time="0.362"/>
  <testcase classname="com.erudex.test.login.LoginTestApache" name="testLogin" time="0.331"/>
  <testcase classname="com.erudex.test.login.LoginTestApache" name="testLogoutWithSession" time="0.360"/>
  <testcase classname="com.erudex.test.login.LoginTestApache" name="testLogin" time="0.360"/>
  <testcase classname="com.erudex.test.login.LoginTestApache" name="testLoginWithSession" time="0.321"/>
  <testcase classname="com.erudex.test.login.LoginTestApache" name="testLoginWithSession" time="0.361"/>
  <testcase classname="com.erudex.test.login.LoginTestApache" name="testLogoutWithSession" time="0.350"/>
  <testcase classname="com.erudex.test.login.LoginTestApache" name="testLogin" time="0.412"/>
  <testcase classname="com.erudex.test.login.LoginTestApache" name="testLogin" time="0.323"/>
  <testcase classname="com.erudex.test.login.LoginTestApache" name="testLogin" time="0.411"/>
  <testcase classname="com.erudex.test.login.LoginTestApache" name="testLoginWithSession" time="0.317"/>
  <testcase classname="com.erudex.test.login.LoginTestApache" name="testLoginWithSession" time="0.350"/>
  <testcase classname="com.erudex.test.login.LoginTestApache" name="testLogoutWithSession" time="0.310"/>
  <testcase classname="com.erudex.test.login.LoginTestApache" name="testLogin" time="0.356"/>
  <testcase classname="com.erudex.test.login.LoginTestApache" name="testLogoutWithSession" time="0.345"/>
  <testcase classname="com.erudex.test.login.LoginTestApache" name="testLoginWithSession" time="0.312"/>
  <testcase classname="com.erudex.test.login.LoginTestApache" name="testLoginWithSession" time="0.362"/>
  <testcase classname="com.erudex.test.login.LoginTestApache" name="testLogoutWithSession" time="0.363"/>
  <testcase classname="com.erudex.test.login.LoginTestApache" name="testLogin" time="0.322"/>
  <testcase classname="com.erudex.test.login.LoginTestApache" name="testLogin" time="0.315"/>
  <testcase classname="com.erudex.test.login.LoginTestApache" name="testLogoutWithSession" time="0.347"/>
  <testcase classname="com.erudex.test.login.LoginTestApache" name="testLogin" time="0.682"/>
  <testcase classname="com.erudex.test.login.LoginTestApache" name="testLogoutWithSession" time="0.306"/>
  <testcase classname="com.erudex.test.login.LoginTestApache" name="testLoginWithSession" time="0.950"/>
  <testcase classname="com.erudex.test.login.LoginTestApache" name="testLoginWithSession" time="0.353"/>
  <testcase classname="com.erudex.test.login.LoginTestApache" name="testLoginWithSession" time="0.364"/>
  <testcase classname="com.erudex.test.login.LoginTestApache" name="testLoginWithSession" time="0.364"/>
  <testcase classname="com.erudex.test.login.LoginTestApache" name="testLogin" time="0.361"/>
  <testcase classname="com.erudex.test.login.LoginTestApache" name="testLogin" time="0.313"/>
  <testcase classname="com.erudex.test.login.LoginTestApache" name="testLogoutWithSession" time="0.355"/>
  <testcase classname="com.erudex.test.login.LoginTestApache" name="testLoginWithSession" time="0.357"/>
  <testcase classname="com.erudex.test.login.LoginTestApache" name="testLogin" time="0.358"/>
  <testcase classname="com.erudex.test.login.LoginTestApache" name="testLoginWithSession" time="0.368"/>
  <testcase classname="com.erudex.test.login.LoginTestApache" name="testLogoutWithSession" time="0.331"/>
  <testcase classname="com.erudex.test.login.LoginTestApache" name="testLogin" time="0.371"/>
  <testcase classname="com.erudex.test.login.LoginTestApache" name="testLoginWithSession" time="0.356"/>
  <testcase classname="com.erudex.test.login.LoginTestApache" name="testLoginWithSession" time="0.363"/>
  <testcase classname="com.erudex.test.login.LoginTestApache" name="testLoginWithSession" time="0.360"/>
  <testcase classname="com.erudex.test.login.LoginTestApache" name="testLogoutWithSession" time="0.359"/>
  <testcase classname="com.erudex.test.login.LoginTestApache" name="testLogoutWithSession" time="0.352"/>
  <testcase classname="com.erudex.test.login.LoginTestApache" name="testLogoutWithSession" time="0.361"/>
  <testcase classname="com.erudex.test.login.LoginTestApache" name="testLogin" time="0.311"/>
  <testcase classname="com.erudex.test.login.LoginTestApache" name="testLoginWithSession" time="0.307"/>
  <testcase classname="com.erudex.test.login.LoginTestApache" name="testLoginWithSession" time="0.360"/>
  <testcase classname="com.erudex.test.login.LoginTestApache" name="testLogoutWithSession" time="0.309"/>
  <testcase classname="com.erudex.test.login.LoginTestApache" name="testLogin" time="0.384"/>
  <testcase classname="com.erudex.test.login.LoginTestApache" name="testLogoutWithSession" time="0.318"/>
  <testcase classname="com.erudex.test.login.LoginTestApache" name="testLogoutWithSession" time="0.310"/>
  <testcase classname="com.erudex.test.login.LoginTestApache" name="testLogin" time="0.320"/>
  <testcase classname="com.erudex.test.login.LoginTestApache" name="testLogin" time="0.452"/>
  <testcase classname="com.erudex.test.login.LoginTestApache" name="testLogoutWithSession" time="0.351"/>
  <testcase classname="com.erudex.test.login.LoginTestApache" name="testLogin" time="0.318"/>
  <testcase classname="com.erudex.test.login.LoginTestApache" name="testLoginWithSession" time="0.359"/>
  <testcase classname="com.erudex.test.login.LoginTestApache" name="testLogin" time="0.364"/>
  <testcase classname="com.erudex.test.login.LoginTestApache" name="testLogoutWithSession" time="0.346"/>
  <testcase classname="com.erudex.test.login.LoginTestApache" name="testLoginWithSession" time="0.364"/>
  <testcase classname="com.erudex.test.login.LoginTestApache" name="testLogoutWithSession" time="0.346"/>
  <testcase classname="com.erudex.test.login.LoginTestApache" name="testLoginWithSession" time="0.364"/>
  <testcase classname="com.erudex.test.login.LoginTestApache" name="testLogin" time="0.356"/>
  <testcase classname="com.erudex.test.login.LoginTestApache" name="testLoginWithSession" time="0.345"/>
  <testcase classname="com.erudex.test.login.LoginTestApache" name="testLogoutWithSession" time="0.369"/>
  <testcase classname="com.erudex.test.login.LoginTestApache" name="testLogoutWithSession" time="0.315"/>
  <testcase classname="com.erudex.test.login.LoginTestApache" name="testLogoutWithSession" time="0.356"/>
  <testcase classname="com.erudex.test.login.LoginTestApache" name="testLogoutWithSession" time="0.311"/>
  <testcase classname="com.erudex.test.login.LoginTestApache" name="testLogoutWithSession" time="0.358"/>
  <testcase classname="com.erudex.test.login.LoginTestApache" name="testLogin" time="0.316"/>
  <testcase classname="com.erudex.test.login.LoginTestApache" name="testLoginWithSession" time="0.301"/>
  <testcase classname="com.erudex.test.login.LoginTestApache" name="testLogoutWithSession" time="0.355"/>
  <testcase classname="com.erudex.test.login.LoginTestApache" name="testLoginWithSession" time="0.316"/>
  <testcase classname="com.erudex.test.login.LoginTestApache" name="testLogoutWithSession" time="0.361"/>
  <testcase classname="com.erudex.test.login.LoginTestApache" name="testLogin" time="0.358"/>
  <testcase classname="com.erudex.test.login.LoginTestApache" name="testLogoutWithSession" time="0.313"/>
  <testcase classname="com.erudex.test.login.LoginTestApache" name="testLogin" time="0.368"/>
  <testcase classname="com.erudex.test.login.LoginTestApache" name="testLogin" time="0.323"/>
  <testcase classname="com.erudex.test.login.LoginTestApache" name="testLoginWithSession" time="0.352"/>
  <testcase classname="com.erudex.test.login.LoginTestApache" name="testLoginWithSession" time="0.368"/>
  <testcase classname="com.erudex.test.login.LoginTestApache" name="testLogoutWithSession" time="0.301"/>
  <testcase classname="com.erudex.test.login.LoginTestApache" name="testLoginWithSession" time="0.350"/>
  <testcase classname="com.erudex.test.login.LoginTestApache" name="testLogin" time="0.366"/>
  <testcase classname="com.erudex.test.login.LoginTestApache" name="testLoginWithSession" time="0.353"/>
  <testcase classname="com.erudex.test.login.LoginTestApache" name="testLogoutWithSession" time="0.355"/>
  <testcase classname="com.erudex.test.login.LoginTestApache" name="testLoginWithSession" time="0.355"/>
  <testcase classname="com.erudex.test.login.LoginTestApache" name="testLogin" time="0.312"/>
  <testcase classname="com.erudex.test.login.LoginTestApache" name="testLogin" time="0.359"/>
  <testcase classname="com.erudex.test.login.LoginTestApache" name="testLogin" time="0.360"/>
  <testcase classname="com.erudex.test.login.LoginTestApache" name="testLoginWithSession" time="0.317"/>
  <testcase classname="com.erudex.test.login.LoginTestApache" name="testLogin" time="0.324"/>
  <testcase classname="com.erudex.test.login.LoginTestApache" name="testLogin" time="0.364"/>
  <testcase classname="com.erudex.test.login.LoginTestApache" name="testLoginWithSession" time="0.354"/>
  <testcase classname="com.erudex.test.login.LoginTestApache" name="testLogoutWithSession" time="0.350"/>
  <testcase classname="com.erudex.test.login.LoginTestApache" name="testLogoutWithSession" time="0.346"/>
  <testcase classname="com.erudex.test.login.LoginTestApache" name="testLoginWithSession" time="0.356"/>
  <testcase classname="com.erudex.test.login.LoginTestApache" name="testLogoutWithSession" time="0.358"/>
  <testcase classname="com.erudex.test.login.LoginTestApache" name="testLogoutWithSession" time="0.345"/>
  <testcase classname="com.erudex.test.login.LoginTestApache" name="testLogin" time="0.355"/>
  <testcase classname="com.erudex.test.login.LoginTestApache" name="testLogin" time="0.506"/>
  <testcase classname="com.erudex.test.login.LoginTestApache" name="testLogoutWithSession" time="0.326"/>
  <testcase classname="com.erudex.test.login.LoginTestApache" name="testLoginWithSession" time="0.354"/>
  <testcase classname="com.erudex.test.login.LoginTestApache" name="testLogin" time="0.364"/>
  <testcase classname="com.erudex.test.login.LoginTestApache" name="testLogin" time="0.309"/>
  <testcase classname="com.erudex.test.login.LoginTestApache" name="testLogin" time="0.356"/>
  <testcase classname="com.erudex.test.login.LoginTestApache" name="testLogin" time="0.361"/>
  <testcase classname="com.erudex.test.login.LoginTestApache" name="testLoginWithSession" time="0.351"/>
  <testcase classname="com.erudex.test.login.LoginTestApache" name="testLogin" time="0.366"/>
  <testcase classname="com.erudex.test.login.LoginTestApache" name="testLoginWithSession" time="0.305"/>
  <testcase classname="com.erudex.test.login.LoginTestApache" name="testLogoutWithSession" time="0.310"/>
  <testcase classname="com.erudex.test.login.LoginTestApache" name="testLogin" time="0.345"/>
  <testcase classname="com.erudex.test.login.LoginTestApache" name="testLogin" time="0.360"/>
  <testcase classname="com.erudex.test.login.LoginTestApache" name="testLoginWithSession" time="0.349"/>
  <testcase classname="com.erudex.test.login.LoginTestApache" name="testLoginWithSession" time="0.333"/>
  <testcase classname="com.erudex.test.login.LoginTestApache" name="testLoginWithSession" time="0.351"/>
  <testcase classname="com.erudex.test.login.LoginTestApache" name="testLogoutWithSession" time="0.350"/>
  <testcase classname="com.erudex.test.login.LoginTestApache" name="testLogoutWithSession" time="0.353"/>
  <testcase classname="com.erudex.test.login.LoginTestApache" name="testLoginWithSession" time="0.409"/>
  <testcase classname="com.erudex.test.login.LoginTestApache" name="testLogin" time="0.313"/>
  <testcase classname="com.erudex.test.login.LoginTestApache" name="testLogoutWithSession" time="0.359"/>
  <testcase classname="com.erudex.test.login.LoginTestApache" name="testLoginWithSession" time="0.357"/>
  <testcase classname="com.erudex.test.login.LoginTestApache" name="testLoginWithSession" time="0.357"/>
  <testcase classname="com.erudex.test.login.LoginTestApache" name="testLogoutWithSession" time="0.751"/>
  <testcase classname="com.erudex.test.login.LoginTestApache" name="testLogoutWithSession" time="0.327"/>
  <testcase classname="com.erudex.test.login.LoginTestApache" name="testLoginWithSession" time="0.353"/>
  <testcase classname="com.erudex.test.login.LoginTestApache" name="testLogin" time="0.426"/>
  <testcase classname="com.erudex.test.login.LoginTestApache" name="testLogin" time="0.375"/>
  <testcase classname="com.erudex.test.login.LoginTestApache" name="testLogoutWithSession" time="0.310"/>
  <testcase classname="com.erudex.test.login.LoginTestApache" name="testLoginWithSession" time="0.318"/>
  <testcase classname="com.erudex.test.login.LoginTestApache" name="testLogin" time="0.363"/>
  <testcase classname="com.erudex.test.login.LoginTestApache" name="testLogoutWithSession" time="0.355"/>
  <testcase classname="com.erudex.test.login.LoginTestApache" name="testLogin" time="0.368"/>
  <testcase classname="com.erudex.test.login.LoginTestApache" name="testLoginWithSession" time="0.756"/>
  <testcase classname="com.erudex.test.login.LoginTestApache" name="testLoginWithSession" time="0.342"/>
  <testcase classname="com.erudex.test.login.LoginTestApache" name="testLogin" time="0.363"/>
  <testcase classname="com.erudex.test.login.LoginTestApache" name="testLoginWithSession" time="0.350"/>
  <testcase classname="com.erudex.test.login.LoginTestApache" name="testLogin" time="0.316"/>
  <testcase classname="com.erudex.test.login.LoginTestApache" name="testLogoutWithSession" time="0.313"/>
  <testcase classname="com.erudex.test.login.LoginTestApache" name="testLogin" time="0.367"/>
  <testcase classname="com.erudex.test.login.LoginTestApache" name="testLoginWithSession" time="0.304"/>
  <testcase classname="com.erudex.test.login.LoginTestApache" name="testLogoutWithSession" time="0.473"/>
  <testcase classname="com.erudex.test.login.LoginTestApache" name="testLogoutWithSession" time="0.355"/>
  <testcase classname="com.erudex.test.login.LoginTestApache" name="testLogoutWithSession" time="0.365"/>
  <testcase classname="com.erudex.test.login.LoginTestApache" name="testLogoutWithSession" time="0.353"/>
  <testcase classname="com.erudex.test.login.LoginTestApache" name="testLogin" time="0.348"/>
  <testcase classname="com.erudex.test.login.LoginTestApache" name="testLogoutWithSession" time="0.355"/>
  <testcase classname="com.erudex.test.login.LoginTestApache" name="testLogoutWithSession" time="0.359"/>
  <testcase classname="com.erudex.test.login.LoginTestApache" name="testLogoutWithSession" time="0.308"/>
  <testcase classname="com.erudex.test.login.LoginTestApache" name="testLogin" time="0.357"/>
  <testcase classname="com.erudex.test.login.LoginTestApache" name="testLoginWithSession" time="0.311"/>
  <testcase classname="com.erudex.test.login.LoginTestApache" name="testLoginWithSession" time="0.355"/>
  <testcase classname="com.erudex.test.login.LoginTestApache" name="testLogoutWithSession" time="0.360"/>
  <testcase classname="com.erudex.test.login.LoginTestApache" name="testLogin" time="0.358"/>
  <testcase classname="com.erudex.test.login.LoginTestApache" name="testLoginWithSession" time="0.349"/>
  <testcase classname="com.erudex.test.login.LoginTestApache" name="testLoginWithSession" time="0.330"/>
  <testcase classname="com.erudex.test.login.LoginTestApache" name="testLoginWithSession" time="0.361"/>
  <testcase classname="com.erudex.test.login.LoginTestApache" name="testLogin" time="0.352"/>
  <testcase classname="com.erudex.test.login.LoginTestApache" name="testLogoutWithSession" time="0.364"/>
  <testcase classname="com.erudex.test.login.LoginTestApache" name="testLogin" time="0.355"/>
  <testcase classname="com.erudex.test.login.LoginTestApache" name="testLogin" time="0.313"/>
  <testcase classname="com.erudex.test.login.LoginTestApache" name="testLogin" time="0.357"/>
  <testcase classname="com.erudex.test.login.LoginTestApache" name="testLogoutWithSession" time="0.306"/>
  <testcase classname="com.erudex.test.login.LoginTestApache" name="testLogoutWithSession" time="0.351"/>
  <testcase classname="com.erudex.test.login.LoginTestApache" name="testLogin" time="0.317"/>
  <testcase classname="com.erudex.test.login.LoginTestApache" name="testLoginWithSession" time="0.362"/>
  <testcase classname="com.erudex.test.login.LoginTestApache" name="testLogoutWithSession" time="0.306"/>
  <testcase classname="com.erudex.test.login.LoginTestApache" name="testLogin" time="0.370"/>
  <testcase classname="com.erudex.test.login.LoginTestApache" name="testLogin" time="0.348"/>
  <testcase classname="com.erudex.test.login.LoginTestApache" name="testLoginWithSession" time="0.366"/>
  <testcase classname="com.erudex.test.login.LoginTestApache" name="testLogoutWithSession" time="0.349"/>
  <testcase classname="com.erudex.test.login.LoginTestApache" name="testLoginWithSession" time="0.349"/>
  <testcase classname="com.erudex.test.login.LoginTestApache" name="testLoginWithSession" time="0.356"/>
  <testcase classname="com.erudex.test.login.LoginTestApache" name="testLogin" time="0.364"/>
  <testcase classname="com.erudex.test.login.LoginTestApache" name="testLoginWithSession" time="0.351"/>
  <testcase classname="com.erudex.test.login.LoginTestApache" name="testLogoutWithSession" time="0.362"/>
  <testcase classname="com.erudex.test.login.LoginTestApache" name="testLoginWithSession" time="0.308"/>
  <testcase classname="com.erudex.test.login.LoginTestApache" name="testLoginWithSession" time="0.359"/>
  <testcase classname="com.erudex.test.login.LoginTestApache" name="testLogin" time="0.354"/>
  <testcase classname="com.erudex.test.login.LoginTestApache" name="testLoginWithSession" time="0.306"/>
  <testcase classname="com.erudex.test.login.LoginTestApache" name="testLogin" time="0.369"/>
  <testcase classname="com.erudex.test.login.LoginTestApache" name="testLogin" time="0.321"/>
  <testcase classname="com.erudex.test.login.LoginTestApache" name="testLogoutWithSession" time="0.353"/>
  <testcase classname="com.erudex.test.login.LoginTestApache" name="testLoginWithSession" time="0.360"/>
  <testcase classname="com.erudex.test.login.LoginTestApache" name="testLogoutWithSession" time="0.349"/>
  <testcase classname="com.erudex.test.login.LoginTestApache" name="testLogoutWithSession" time="0.364"/>
  <testcase classname="com.erudex.test.login.LoginTestApache" name="testLoginWithSession" time="0.350"/>
  <testcase classname="com.erudex.test.login.LoginTestApache" name="testLogoutWithSession" time="0.304"/>
  <testcase classname="com.erudex.test.login.LoginTestApache" name="testLogin" time="0.346"/>
  <testcase classname="com.erudex.test.login.LoginTestApache" name="testLogoutWithSession" time="0.353"/>
  <testcase classname="com.erudex.test.login.LoginTestApache" name="testLogoutWithSession" time="0.346"/>
  <testcase classname="com.erudex.test.login.LoginTestApache" name="testLogin" time="0.316"/>
  <testcase classname="com.erudex.test.login.LoginTestApache" name="testLogoutWithSession" time="0.349"/>
  <testcase classname="com.erudex.test.login.LoginTestApache" name="testLoginWithSession" time="0.353"/>
  <testcase classname="com.erudex.test.login.LoginTestApache" name="testLoginWithSession" time="0.303"/>
  <testcase classname="com.erudex.test.login.LoginTestApache" name="testLoginWithSession" time="0.356"/>
  <testcase classname="com.erudex.test.login.LoginTestApache" name="testLoginWithSession" time="0.352"/>
  <testcase classname="com.erudex.test.login.LoginTestApache" name="testLoginWithSession" time="0.354"/>
  <testcase classname="com.erudex.test.login.LoginTestApache" name="testLogoutWithSession" time="0.354"/>
  <testcase classname="com.erudex.test.login.LoginTestApache" name="testLogoutWithSession" time="0.317"/>
  <testcase classname="com.erudex.test.login.LoginTestApache" name="testLoginWithSession" time="0.356"/>
  <testcase classname="com.erudex.test.login.LoginTestApache" name="testLogin" time="0.373"/>
  <testcase classname="com.erudex.test.login.LoginTestApache" name="testLogoutWithSession" time="0.359"/>
  <testcase classname="com.erudex.test.login.LoginTestApache" name="testLoginWithSession" time="0.357"/>
  <testcase classname="com.erudex.test.login.LoginTestApache" name="testLogoutWithSession" time="0.315"/>
  <testcase classname="com.erudex.test.login.LoginTestApache" name="testLoginWithSession" time="0.362"/>
  <testcase classname="com.erudex.test.login.LoginTestApache" name="testLogin" time="0.315"/>
  <testcase classname="com.erudex.test.login.LoginTestApache" name="testLogoutWithSession" time="0.349"/>
  <testcase classname="com.erudex.test.login.LoginTestApache" name="testLogin" time="0.407"/>
  <testcase classname="com.erudex.test.login.LoginTestApache" name="testLogin" time="0.324"/>
  <testcase classname="com.erudex.test.login.LoginTestApache" name="testLoginWithSession" time="0.310"/>
  <testcase classname="com.erudex.test.login.LoginTestApache" name="testLogoutWithSession" time="0.348"/>
  <testcase classname="com.erudex.test.login.LoginTestApache" name="testLogin" time="0.358"/>
  <testcase classname="com.erudex.test.login.LoginTestApache" name="testLoginWithSession" time="0.354"/>
  <testcase classname="com.erudex.test.login.LoginTestApache" name="testLogin" time="0.371"/>
  <testcase classname="com.erudex.test.login.LoginTestApache" name="testLogin" time="0.365"/>
  <testcase classname="com.erudex.test.login.LoginTestApache" name="testLoginWithSession" time="0.352"/>
  <testcase classname="com.erudex.test.login.LoginTestApache" name="testLogoutWithSession" time="0.357"/>
  <testcase classname="com.erudex.test.login.LoginTestApache" name="testLogoutWithSession" time="0.355"/>
  <testcase classname="com.erudex.test.login.LoginTestApache" name="testLoginWithSession" time="0.427"/>
  <testcase classname="com.erudex.test.login.LoginTestApache" name="testLogin" time="0.370"/>
  <testcase classname="com.erudex.test.login.LoginTestApache" name="testLoginWithSession" time="0.349"/>
  <testcase classname="com.erudex.test.login.LoginTestApache" name="testLoginWithSession" time="0.358"/>
  <testcase classname="com.erudex.test.login.LoginTestApache" name="testLoginWithSession" time="0.346"/>
  <testcase classname="com.erudex.test.login.LoginTestApache" name="testLogin" time="0.363"/>
  <testcase classname="com.erudex.test.login.LoginTestApache" name="testLoginWithSession" time="0.358"/>
  <testcase classname="com.erudex.test.login.LoginTestApache" name="testLogoutWithSession" time="0.348"/>
  <testcase classname="com.erudex.test.login.LoginTestApache" name="testLogin" time="0.362"/>
  <testcase classname="com.erudex.test.login.LoginTestApache" name="testLogin" time="0.357"/>
  <testcase classname="com.erudex.test.login.LoginTestApache" name="testLoginWithSession" time="0.353"/>
  <testcase classname="com.erudex.test.login.LoginTestApache" name="testLoginWithSession" time="0.306"/>
  <testcase classname="com.erudex.test.login.LoginTestApache" name="testLoginWithSession" time="0.405"/>
  <testcase classname="com.erudex.test.login.LoginTestApache" name="testLogoutWithSession" time="0.544"/>
  <testcase classname="com.erudex.test.login.LoginTestApache" name="testLogoutWithSession" time="0.335"/>
  <testcase classname="com.erudex.test.login.LoginTestApache" name="testLoginWithSession" time="0.350"/>
  <testcase classname="com.erudex.test.login.LoginTestApache" name="testLogoutWithSession" time="0.325"/>
  <testcase classname="com.erudex.test.login.LoginTestApache" name="testLogin" time="0.379"/>
  <testcase classname="com.erudex.test.login.LoginTestApache" name="testLogin" time="0.360"/>
  <testcase classname="com.erudex.test.login.LoginTestApache" name="testLogin" time="0.314"/>
  <testcase classname="com.erudex.test.login.LoginTestApache" name="testLogoutWithSession" time="0.359"/>
  <testcase classname="com.erudex.test.login.LoginTestApache" name="testLogin" time="0.324"/>
  <testcase classname="com.erudex.test.login.LoginTestApache" name="testLogin" time="0.365"/>
  <testcase classname="com.erudex.test.login.LoginTestApache" name="testLoginWithSession" time="0.367"/>
  <testcase classname="com.erudex.test.login.LoginTestApache" name="testLogoutWithSession" time="0.314"/>
  <testcase classname="com.erudex.test.login.LoginTestApache" name="testLogin" time="0.309"/>
  <testcase classname="com.erudex.test.login.LoginTestApache" name="testLogoutWithSession" time="0.351"/>
  <testcase classname="com.erudex.test.login.LoginTestApache" name="testLogin" time="0.365"/>
  <testcase classname="com.erudex.test.login.LoginTestApache" name="testLogoutWithSession" time="0.346"/>
  <testcase classname="com.erudex.test.login.LoginTestApache" name="testLoginWithSession" time="0.349"/>
  <testcase classname="com.erudex.test.login.LoginTestApache" name="testLogoutWithSession" time="0.309"/>
  <testcase classname="com.erudex.test.login.LoginTestApache" name="testLogoutWithSession" time="0.354"/>
  <testcase classname="com.erudex.test.login.LoginTestApache" name="testLogin" time="0.355"/>
  <testcase classname="com.erudex.test.login.LoginTestApache" name="testLogin" time="0.355"/>
  <testcase classname="com.erudex.test.login.LoginTestApache" name="testLoginWithSession" time="0.354"/>
  <testcase classname="com.erudex.test.login.LoginTestApache" name="testLogoutWithSession" time="0.353"/>
  <testcase classname="com.erudex.test.login.LoginTestApache" name="testLogin" time="0.354"/>
  <testcase classname="com.erudex.test.login.LoginTestApache" name="testLogoutWithSession" time="0.356"/>
  <testcase classname="com.erudex.test.login.LoginTestApache" name="testLoginWithSession" time="0.347"/>
  <testcase classname="com.erudex.test.login.LoginTestApache" name="testLogoutWithSession" time="0.355"/>
  <testcase classname="com.erudex.test.login.LoginTestApache" name="testLoginWithSession" time="0.352"/>
  <testcase classname="com.erudex.test.login.LoginTestApache" name="testLogin" time="0.329"/>
  <testcase classname="com.erudex.test.login.LoginTestApache" name="testLogoutWithSession" time="0.351"/>
  <testcase classname="com.erudex.test.login.LoginTestApache" name="testLoginWithSession" time="0.356"/>
  <testcase classname="com.erudex.test.login.LoginTestApache" name="testLogin" time="0.320"/>
  <testcase classname="com.erudex.test.login.LoginTestApache" name="testLoginWithSession" time="0.306"/>
  <testcase classname="com.erudex.test.login.LoginTestApache" name="testLogin" time="0.316"/>
  <testcase classname="com.erudex.test.login.LoginTestApache" name="testLogoutWithSession" time="0.344"/>
  <testcase classname="com.erudex.test.login.LoginTestApache" name="testLogin" time="0.373"/>
  <testcase classname="com.erudex.test.login.LoginTestApache" name="testLogin" time="0.377"/>
  <testcase classname="com.erudex.test.login.LoginTestApache" name="testLogin" time="0.363"/>
  <testcase classname="com.erudex.test.login.LoginTestApache" name="testLoginWithSession" time="0.363"/>
  <testcase classname="com.erudex.test.login.LoginTestApache" name="testLoginWithSession" time="0.300"/>
  <testcase classname="com.erudex.test.login.LoginTestApache" name="testLogin" time="0.346"/>
  <testcase classname="com.erudex.test.login.LoginTestApache" name="testLoginWithSession" time="0.348"/>
  <testcase classname="com.erudex.test.login.LoginTestApache" name="testLoginWithSession" time="0.357"/>
  <testcase classname="com.erudex.test.login.LoginTestApache" name="testLogin" time="0.356"/>
  <testcase classname="com.erudex.test.login.LoginTestApache" name="testLogin" time="0.369"/>
  <testcase classname="com.erudex.test.login.LoginTestApache" name="testLogin" time="0.366"/>
  <testcase classname="com.erudex.test.login.LoginTestApache" name="testLogin" time="0.360"/>
  <testcase classname="com.erudex.test.login.LoginTestApache" name="testLogin" time="0.315"/>
  <testcase classname="com.erudex.test.login.LoginTestApache" name="testLogoutWithSession" time="0.346"/>
  <testcase classname="com.erudex.test.login.LoginTestApache" name="testLogin" time="0.336"/>
  <testcase classname="com.erudex.test.login.LoginTestApache" name="testLogin" time="0.371"/>
  <testcase classname="com.erudex.test.login.LoginTestApache" name="testLogoutWithSession" time="0.358"/>
  <testcase classname="com.erudex.test.login.LoginTestApache" name="testLogoutWithSession" time="0.359"/>
  <testcase classname="com.erudex.test.login.LoginTestApache" name="testLogoutWithSession" time="0.356"/>
  <testcase classname="com.erudex.test.login.LoginTestApache" name="testLogin" time="0.353"/>
  <testcase classname="com.erudex.test.login.LoginTestApache" name="testLogoutWithSession" time="0.311"/>
  <testcase classname="com.erudex.test.login.LoginTestApache" name="testLogoutWithSession" time="0.396"/>
  <testcase classname="com.erudex.test.login.LoginTestApache" name="testLogoutWithSession" time="0.309"/>
  <testcase classname="com.erudex.test.login.LoginTestApache" name="testLogoutWithSession" time="0.365"/>
  <testcase classname="com.erudex.test.login.LoginTestApache" name="testLogin" time="0.326"/>
  <testcase classname="com.erudex.test.login.LoginTestApache" name="testLogin" time="0.367"/>
  <testcase classname="com.erudex.test.login.LoginTestApache" name="testLoginWithSession" time="0.316"/>
  <testcase classname="com.erudex.test.login.LoginTestApache" name="testLogoutWithSession" time="0.306"/>
  <testcase classname="com.erudex.test.login.LoginTestApache" name="testLogoutWithSession" time="0.363"/>
  <testcase classname="com.erudex.test.login.LoginTestApache" name="testLogin" time="0.357"/>
  <testcase classname="com.erudex.test.login.LoginTestApache" name="testLogoutWithSession" time="0.356"/>
  <testcase classname="com.erudex.test.login.LoginTestApache" name="testLogin" time="0.351"/>
  <testcase classname="com.erudex.test.login.LoginTestApache" name="testLoginWithSession" time="0.319"/>
  <testcase classname="com.erudex.test.login.LoginTestApache" name="testLogoutWithSession" time="0.360"/>
  <testcase classname="com.erudex.test.login.LoginTestApache" name="testLoginWithSession" time="0.353"/>
  <testcase classname="com.erudex.test.login.LoginTestApache" name="testLogin" time="0.365"/>
  <testcase classname="com.erudex.test.login.LoginTestApache" name="testLogin" time="0.348"/>
  <testcase classname="com.erudex.test.login.LoginTestApache" name="testLogin" time="0.314"/>
  <testcase classname="com.erudex.test.login.LoginTestApache" name="testLogin" time="0.364"/>
  <testcase classname="com.erudex.test.login.LoginTestApache" name="testLogoutWithSession" time="0.351"/>
  <testcase classname="com.erudex.test.login.LoginTestApache" name="testLoginWithSession" time="0.355"/>
  <testcase classname="com.erudex.test.login.LoginTestApache" name="testLoginWithSession" time="0.709"/>
  <testcase classname="com.erudex.test.login.LoginTestApache" name="testLoginWithSession" time="0.305"/>
  <testcase classname="com.erudex.test.login.LoginTestApache" name="testLogoutWithSession" time="0.351"/>
  <testcase classname="com.erudex.test.login.LoginTestApache" name="testLogin" time="0.359"/>
  <testcase classname="com.erudex.test.login.LoginTestApache" name="testLogoutWithSession" time="0.310"/>
  <testcase classname="com.erudex.test.login.LoginTestApache" name="testLogin" time="0.411"/>
  <testcase classname="com.erudex.test.login.LoginTestApache" name="testLoginWithSession" time="0.304"/>
  <testcase classname="com.erudex.test.login.LoginTestApache" name="testLogin" time="0.364"/>
  <testcase classname="com.erudex.test.login.LoginTestApache" name="testLogin" time="0.367"/>
  <testcase classname="com.erudex.test.login.LoginTestApache" name="testLogoutWithSession" time="0.355"/>
  <testcase classname="com.erudex.test.login.LoginTestApache" name="testLogoutWithSession" time="0.302"/>
  <testcase classname="com.erudex.test.login.LoginTestApache" name="testLogin" time="0.367"/>
  <testcase classname="com.erudex.test.login.LoginTestApache" name="testLogin" time="0.354"/>
  <testcase classname="com.erudex.test.login.LoginTestApache" name="testLoginWithSession" time="0.361"/>
  <testcase classname="com.erudex.test.login.LoginTestApache" name="testLogoutWithSession" time="0.311"/>
  <testcase classname="com.erudex.test.login.LoginTestApache" name="testLogin" time="0.359"/>
  <testcase classname="com.erudex.test.login.LoginTestApache" name="testLoginWithSession" time="0.298"/>
  <testcase classname="com.erudex.test.login.LoginTestApache" name="testLogin" time="0.347"/>
  <testcase classname="com.erudex.test.login.LoginTestApache" name="testLogoutWithSession" time="0.356"/>
  <testcase classname="com.erudex.test.login.LoginTestApache" name="testLogin" time="0.356"/>
  <testcase classname="com.erudex.test.login.LoginTestApache" name="testLogoutWithSession" time="0.347"/>
  <testcase classname="com.erudex.test.login.LoginTestApache" name="testLogoutWithSession" time="0.301"/>
  <testcase classname="com.erudex.test.login.LoginTestApache" name="testLogoutWithSession" time="0.310"/>
  <testcase classname="com.erudex.test.login.LoginTestApache" name="testLoginWithSession" time="0.349"/>
  <testcase classname="com.erudex.test.login.LoginTestApache" name="testLoginWithSession" time="0.307"/>
  <testcase classname="com.erudex.test.login.LoginTestApache" name="testLogoutWithSession" time="0.364"/>
  <testcase classname="com.erudex.test.login.LoginTestApache" name="testLogin" time="0.370"/>
  <testcase classname="com.erudex.test.login.LoginTestApache" name="testLogoutWithSession" time="0.302"/>
  <testcase classname="com.erudex.test.login.LoginTestApache" name="testLogin" time="0.337"/>
  <testcase classname="com.erudex.test.login.LoginTestApache" name="testLoginWithSession" time="0.355"/>
  <testcase classname="com.erudex.test.login.LoginTestApache" name="testLogin" time="0.322"/>
  <testcase classname="com.erudex.test.login.LoginTestApache" name="testLogoutWithSession" time="0.343"/>
  <testcase classname="com.erudex.test.login.LoginTestApache" name="testLoginWithSession" time="0.353"/>
  <testcase classname="com.erudex.test.login.LoginTestApache" name="testLoginWithSession" time="0.352"/>
  <testcase classname="com.erudex.test.login.LoginTestApache" name="testLoginWithSession" time="0.360"/>
  <testcase classname="com.erudex.test.login.LoginTestApache" name="testLoginWithSession" time="0.351"/>
  <testcase classname="com.erudex.test.login.LoginTestApache" name="testLogin" time="0.364"/>
  <testcase classname="com.erudex.test.login.LoginTestApache" name="testLogin" time="0.356"/>
  <testcase classname="com.erudex.test.login.LoginTestApache" name="testLoginWithSession" time="0.313"/>
  <testcase classname="com.erudex.test.login.LoginTestApache" name="testLogoutWithSession" time="0.359"/>
  <testcase classname="com.erudex.test.login.LoginTestApache" name="testLoginWithSession" time="0.306"/>
  <testcase classname="com.erudex.test.login.LoginTestApache" name="testLogoutWithSession" time="0.302"/>
  <testcase classname="com.erudex.test.login.LoginTestApache" name="testLoginWithSession" time="0.353"/>
  <testcase classname="com.erudex.test.login.LoginTestApache" name="testLogin" time="0.412"/>
  <testcase classname="com.erudex.test.login.LoginTestApache" name="testLogoutWithSession" time="0.360"/>
  <testcase classname="com.erudex.test.login.LoginTestApache" name="testLogoutWithSession" time="0.357"/>
  <testcase classname="com.erudex.test.login.LoginTestApache" name="testLogin" time="0.478"/>
  <testcase classname="com.erudex.test.login.LoginTestApache" name="testLogoutWithSession" time="0.371"/>
  <testcase classname="com.erudex.test.login.LoginTestApache" name="testLogin" time="0.313"/>
  <testcase classname="com.erudex.test.login.LoginTestApache" name="testLoginWithSession" time="0.352"/>
  <testcase classname="com.erudex.test.login.LoginTestApache" name="testLogoutWithSession" time="0.315"/>
  <testcase classname="com.erudex.test.login.LoginTestApache" name="testLoginWithSession" time="0.356"/>
  <testcase classname="com.erudex.test.login.LoginTestApache" name="testLogin" time="0.760"/>
  <testcase classname="com.erudex.test.login.LoginTestApache" name="testLoginWithSession" time="0.300"/>
  <testcase classname="com.erudex.test.login.LoginTestApache" name="testLogin" time="0.371"/>
  <testcase classname="com.erudex.test.login.LoginTestApache" name="testLoginWithSession" time="0.306"/>
  <testcase classname="com.erudex.test.login.LoginTestApache" name="testLoginWithSession" time="0.357"/>
  <testcase classname="com.erudex.test.login.LoginTestApache" name="testLogin" time="0.319"/>
  <testcase classname="com.erudex.test.login.LoginTestApache" name="testLogin" time="0.500"/>
  <testcase classname="com.erudex.test.login.LoginTestApache" name="testLogoutWithSession" time="0.368"/>
  <testcase classname="com.erudex.test.login.LoginTestApache" name="testLogin" time="0.356"/>
  <testcase classname="com.erudex.test.login.LoginTestApache" name="testLogoutWithSession" time="0.309"/>
  <testcase classname="com.erudex.test.login.LoginTestApache" name="testLogin" time="0.602"/>
  <testcase classname="com.erudex.test.login.LoginTestApache" name="testLogin" time="0.365"/>
  <testcase classname="com.erudex.test.login.LoginTestApache" name="testLoginWithSession" time="0.314"/>
  <testcase classname="com.erudex.test.login.LoginTestApache" name="testLogin" time="0.397"/>
  <testcase classname="com.erudex.test.login.LoginTestApache" name="testLogoutWithSession" time="0.325"/>
  <testcase classname="com.erudex.test.login.LoginTestApache" name="testLogin" time="0.358"/>
  <testcase classname="com.erudex.test.login.LoginTestApache" name="testLogoutWithSession" time="0.355"/>
  <testcase classname="com.erudex.test.login.LoginTestApache" name="testLogoutWithSession" time="0.357"/>
  <testcase classname="com.erudex.test.login.LoginTestApache" name="testLogin" time="0.365"/>
  <testcase classname="com.erudex.test.login.LoginTestApache" name="testLogoutWithSession" time="0.748"/>
  <testcase classname="com.erudex.test.login.LoginTestApache" name="testLogoutWithSession" time="0.304"/>
  <testcase classname="com.erudex.test.login.LoginTestApache" name="testLogin" time="0.361"/>
  <testcase classname="com.erudex.test.login.LoginTestApache" name="testLogoutWithSession" time="0.343"/>
  <testcase classname="com.erudex.test.login.LoginTestApache" name="testLoginWithSession" time="0.322"/>
  <testcase classname="com.erudex.test.login.LoginTestApache" name="testLoginWithSession" time="0.356"/>
  <testcase classname="com.erudex.test.login.LoginTestApache" name="testLogoutWithSession" time="0.356"/>
  <testcase classname="com.erudex.test.login.LoginTestApache" name="testLogin" time="0.361"/>
  <testcase classname="com.erudex.test.login.LoginTestApache" name="testLogin" time="0.396"/>
  <testcase classname="com.erudex.test.login.LoginTestApache" name="testLogoutWithSession" time="0.376"/>
  <testcase classname="com.erudex.test.login.LoginTestApache" name="testLogoutWithSession" time="0.312"/>
  <testcase classname="com.erudex.test.login.LoginTestApache" name="testLogin" time="0.317"/>
  <testcase classname="com.erudex.test.login.LoginTestApache" name="testLogoutWithSession" time="0.356"/>
  <testcase classname="com.erudex.test.login.LoginTestApache" name="testLoginWithSession" time="0.352"/>
  <testcase classname="com.erudex.test.login.LoginTestApache" name="testLoginWithSession" time="0.352"/>
  <testcase classname="com.erudex.test.login.LoginTestApache" name="testLogoutWithSession" time="0.389"/>
  <testcase classname="com.erudex.test.login.LoginTestApache" name="testLoginWithSession" time="0.351"/>
  <testcase classname="com.erudex.test.login.LoginTestApache" name="testLoginWithSession" time="0.369"/>
  <testcase classname="com.erudex.test.login.LoginTestApache" name="testLoginWithSession" time="0.356"/>
  <testcase classname="com.erudex.test.login.LoginTestApache" name="testLogin" time="0.360"/>
  <testcase classname="com.erudex.test.login.LoginTestApache" name="testLoginWithSession" time="0.317"/>
  <testcase classname="com.erudex.test.login.LoginTestApache" name="testLogin" time="0.753"/>
  <testcase classname="com.erudex.test.login.LoginTestApache" name="testLoginWithSession" time="0.303"/>
  <testcase classname="com.erudex.test.login.LoginTestApache" name="testLogoutWithSession" time="0.308"/>
  <testcase classname="com.erudex.test.login.LoginTestApache" name="testLogoutWithSession" time="0.368"/>
  <testcase classname="com.erudex.test.login.LoginTestApache" name="testLogoutWithSession" time="0.349"/>
  <testcase classname="com.erudex.test.login.LoginTestApache" name="testLoginWithSession" time="0.301"/>
  <testcase classname="com.erudex.test.login.LoginTestApache" name="testLoginWithSession" time="0.355"/>
  <testcase classname="com.erudex.test.login.LoginTestApache" name="testLogoutWithSession" time="0.360"/>
  <testcase classname="com.erudex.test.login.LoginTestApache" name="testLogoutWithSession" time="0.354"/>
  <testcase classname="com.erudex.test.login.LoginTestApache" name="testLogoutWithSession" time="0.357"/>
  <testcase classname="com.erudex.test.login.LoginTestApache" name="testLogoutWithSession" time="0.359"/>
  <testcase classname="com.erudex.test.login.LoginTestApache" name="testLoginWithSession" time="0.312"/>
  <testcase classname="com.erudex.test.login.LoginTestApache" name="testLogoutWithSession" time="0.305"/>
  <testcase classname="com.erudex.test.login.LoginTestApache" name="testLogoutWithSession" time="0.361"/>
  <testcase classname="com.erudex.test.login.LoginTestApache" name="testLogin" time="0.348"/>
  <testcase classname="com.erudex.test.login.LoginTestApache" name="testLoginWithSession" time="0.350"/>
  <testcase classname="com.erudex.test.login.LoginTestApache" name="testLogin" time="0.357"/>
  <testcase classname="com.erudex.test.login.LoginTestApache" name="testLogoutWithSession" time="0.307"/>
  <testcase classname="com.erudex.test.login.LoginTestApache" name="testLogin" time="0.372"/>
  <testcase classname="com.erudex.test.login.LoginTestApache" name="testLoginWithSession" time="0.350"/>
  <testcase classname="com.erudex.test.login.LoginTestApache" name="testLogoutWithSession" time="0.360"/>
  <testcase classname="com.erudex.test.login.LoginTestApache" name="testLoginWithSession" time="0.745"/>
  <testcase classname="com.erudex.test.login.LoginTestApache" name="testLoginWithSession" time="0.750"/>
  <testcase classname="com.erudex.test.login.LoginTestApache" name="testLogoutWithSession" time="0.311"/>
  <testcase classname="com.erudex.test.login.LoginTestApache" name="testLoginWithSession" time="0.310"/>
  <testcase classname="com.erudex.test.login.LoginTestApache" name="testLogin" time="0.464"/>
  <testcase classname="com.erudex.test.login.LoginTestApache" name="testLoginWithSession" time="0.345"/>
  <testcase classname="com.erudex.test.login.LoginTestApache" name="testLogin" time="0.359"/>
  <testcase classname="com.erudex.test.login.LoginTestApache" name="testLoginWithSession" time="0.354"/>
  <testcase classname="com.erudex.test.login.LoginTestApache" name="testLogoutWithSession" time="0.357"/>
  <testcase classname="com.erudex.test.login.LoginTestApache" name="testLoginWithSession" time="0.311"/>
  <testcase classname="com.erudex.test.login.LoginTestApache" name="testLogoutWithSession" time="0.354"/>
  <testcase classname="com.erudex.test.login.LoginTestApache" name="testLogin" time="0.358"/>
  <testcase classname="com.erudex.test.login.LoginTestApache" name="testLogoutWithSession" time="0.356"/>
  <testcase classname="com.erudex.test.login.LoginTestApache" name="testLogoutWithSession" time="0.351"/>
  <testcase classname="com.erudex.test.login.LoginTestApache" name="testLoginWithSession" time="0.351"/>
  <testcase classname="com.erudex.test.login.LoginTestApache" name="testLogoutWithSession" time="0.373"/>
  <testcase classname="com.erudex.test.login.LoginTestApache" name="testLoginWithSession" time="0.364"/>
  <testcase classname="com.erudex.test.login.LoginTestApache" name="testLogoutWithSession" time="0.366"/>
  <testcase classname="com.erudex.test.login.LoginTestApache" name="testLogin" time="0.314"/>
  <testcase classname="com.erudex.test.login.LoginTestApache" name="testLogin" time="0.345"/>
  <testcase classname="com.erudex.test.login.LoginTestApache" name="testLogoutWithSession" time="0.356"/>
  <testcase classname="com.erudex.test.login.LoginTestApache" name="testLogin" time="0.387"/>
  <testcase classname="com.erudex.test.login.LoginTestApache" name="testLogoutWithSession" time="0.348"/>
  <testcase classname="com.erudex.test.login.LoginTestApache" name="testLoginWithSession" time="0.358"/>
  <testcase classname="com.erudex.test.login.LoginTestApache" name="testLogin" time="0.319"/>
  <testcase classname="com.erudex.test.login.LoginTestApache" name="testLogoutWithSession" time="0.364"/>
  <testcase classname="com.erudex.test.login.LoginTestApache" name="testLogoutWithSession" time="0.311"/>
  <testcase classname="com.erudex.test.login.LoginTestApache" name="testLogin" time="0.371"/>
  <testcase classname="com.erudex.test.login.LoginTestApache" name="testLogoutWithSession" time="0.360"/>
  <testcase classname="com.erudex.test.login.LoginTestApache" name="testLogin" time="0.311"/>
  <testcase classname="com.erudex.test.login.LoginTestApache" name="testLogoutWithSession" time="0.359"/>
  <testcase classname="com.erudex.test.login.LoginTestApache" name="testLoginWithSession" time="0.307"/>
  <testcase classname="com.erudex.test.login.LoginTestApache" name="testLogoutWithSession" time="0.320"/>
  <testcase classname="com.erudex.test.login.LoginTestApache" name="testLogoutWithSession" time="0.363"/>
  <testcase classname="com.erudex.test.login.LoginTestApache" name="testLogin" time="0.364"/>
  <testcase classname="com.erudex.test.login.LoginTestApache" name="testLoginWithSession" time="0.357"/>
  <testcase classname="com.erudex.test.login.LoginTestApache" name="testLoginWithSession" time="0.351"/>
  <testcase classname="com.erudex.test.login.LoginTestApache" name="testLogoutWithSession" time="0.311"/>
  <testcase classname="com.erudex.test.login.LoginTestApache" name="testLogin" time="0.356"/>
  <testcase classname="com.erudex.test.login.LoginTestApache" name="testLogoutWithSession" time="0.357"/>
  <testcase classname="com.erudex.test.login.LoginTestApache" name="testLogoutWithSession" time="0.355"/>
  <testcase classname="com.erudex.test.login.LoginTestApache" name="testLoginWithSession" time="0.360"/>
  <testcase classname="com.erudex.test.login.LoginTestApache" name="testLogin" time="0.314"/>
  <testcase classname="com.erudex.test.login.LoginTestApache" name="testLogin" time="0.316"/>
  <testcase classname="com.erudex.test.login.LoginTestApache" name="testLoginWithSession" time="0.306"/>
  <testcase classname="com.erudex.test.login.LoginTestApache" name="testLoginWithSession" time="0.353"/>
  <testcase classname="com.erudex.test.login.LoginTestApache" name="testLoginWithSession" time="0.309"/>
  <testcase classname="com.erudex.test.login.LoginTestApache" name="testLoginWithSession" time="0.379"/>
  <testcase classname="com.erudex.test.login.LoginTestApache" name="testLogoutWithSession" time="0.344"/>
  <testcase classname="com.erudex.test.login.LoginTestApache" name="testLoginWithSession" time="0.359"/>
  <testcase classname="com.erudex.test.login.LoginTestApache" name="testLogin" time="0.317"/>
  <testcase classname="com.erudex.test.login.LoginTestApache" name="testLoginWithSession" time="0.319"/>
  <testcase classname="com.erudex.test.login.LoginTestApache" name="testLogin" time="0.355"/>
  <testcase classname="com.erudex.test.login.LoginTestApache" name="testLogoutWithSession" time="0.357"/>
  <testcase classname="com.erudex.test.login.LoginTestApache" name="testLogoutWithSession" time="0.356"/>
  <testcase classname="com.erudex.test.login.LoginTestApache" name="testLogoutWithSession" time="0.366"/>
  <testcase classname="com.erudex.test.login.LoginTestApache" name="testLogin" time="0.370"/>
  <testcase classname="com.erudex.test.login.LoginTestApache" name="testLogin" time="0.714"/>
  <testcase classname="com.erudex.test.login.LoginTestApache" name="testLogoutWithSession" time="0.496"/>
  <testcase classname="com.erudex.test.login.LoginTestApache" name="testLoginWithSession" time="0.311"/>
  <testcase classname="com.erudex.test.login.LoginTestApache" name="testLogoutWithSession" time="0.355"/>
  <testcase classname="com.erudex.test.login.LoginTestApache" name="testLogin" time="0.312"/>
  <testcase classname="com.erudex.test.login.LoginTestApache" name="testLoginWithSession" time="0.309"/>
  <testcase classname="com.erudex.test.login.LoginTestApache" name="testLogin" time="0.464"/>
  <testcase classname="com.erudex.test.login.LoginTestApache" name="testLogin" time="0.314"/>
  <testcase classname="com.erudex.test.login.LoginTestApache" name="testLogin" time="0.366"/>
  <testcase classname="com.erudex.test.login.LoginTestApache" name="testLoginWithSession" time="0.443"/>
  <testcase classname="com.erudex.test.login.LoginTestApache" name="testLoginWithSession" time="0.756"/>
  <testcase classname="com.erudex.test.login.LoginTestApache" name="testLogoutWithSession" time="0.299"/>
  <testcase classname="com.erudex.test.login.LoginTestApache" name="testLogin" time="0.375"/>
  <testcase classname="com.erudex.test.login.LoginTestApache" name="testLoginWithSession" time="0.376"/>
  <testcase classname="com.erudex.test.login.LoginTestApache" name="testLogoutWithSession" time="0.315"/>
  <testcase classname="com.erudex.test.login.LoginTestApache" name="testLogoutWithSession" time="0.311"/>
  <testcase classname="com.erudex.test.login.LoginTestApache" name="testLogoutWithSession" time="0.307"/>
  <testcase classname="com.erudex.test.login.LoginTestApache" name="testLogin" time="0.325"/>
  <testcase classname="com.erudex.test.login.LoginTestApache" name="testLogin" time="0.313"/>
  <testcase classname="com.erudex.test.login.LoginTestApache" name="testLogoutWithSession" time="0.333"/>
  <testcase classname="com.erudex.test.login.LoginTestApache" name="testLogoutWithSession" time="0.342"/>
  <testcase classname="com.erudex.test.login.LoginTestApache" name="testLogin" time="0.366"/>
  <testcase classname="com.erudex.test.login.LoginTestApache" name="testLoginWithSession" time="0.359"/>
  <testcase classname="com.erudex.test.login.LoginTestApache" name="testLoginWithSession" time="0.309"/>
  <testcase classname="com.erudex.test.login.LoginTestApache" name="testLogin" time="0.786"/>
  <testcase classname="com.erudex.test.login.LoginTestApache" name="testLoginWithSession" time="0.352"/>
  <testcase classname="com.erudex.test.login.LoginTestApache" name="testLogin" time="0.370"/>
  <testcase classname="com.erudex.test.login.LoginTestApache" name="testLogoutWithSession" time="0.345"/>
  <testcase classname="com.erudex.test.login.LoginTestApache" name="testLogoutWithSession" time="0.346"/>
  <testcase classname="com.erudex.test.login.LoginTestApache" name="testLogin" time="0.362"/>
  <testcase classname="com.erudex.test.login.LoginTestApache" name="testLogin" time="0.369"/>
  <testcase classname="com.erudex.test.login.LoginTestApache" name="testLogin" time="0.362"/>
  <testcase classname="com.erudex.test.login.LoginTestApache" name="testLoginWithSession" time="0.307"/>
  <testcase classname="com.erudex.test.login.LoginTestApache" name="testLogin" time="0.381"/>
  <testcase classname="com.erudex.test.login.LoginTestApache" name="testLoginWithSession" time="0.330"/>
  <testcase classname="com.erudex.test.login.LoginTestApache" name="testLogin" time="0.360"/>
  <testcase classname="com.erudex.test.login.LoginTestApache" name="testLogoutWithSession" time="0.348"/>
  <testcase classname="com.erudex.test.login.LoginTestApache" name="testLogoutWithSession" time="0.355"/>
  <testcase classname="com.erudex.test.login.LoginTestApache" name="testLogin" time="0.320"/>
  <testcase classname="com.erudex.test.login.LoginTestApache" name="testLogoutWithSession" time="0.356"/>
  <testcase classname="com.erudex.test.login.LoginTestApache" name="testLogin" time="0.354"/>
  <testcase classname="com.erudex.test.login.LoginTestApache" name="testLogin" time="0.352"/>
  <testcase classname="com.erudex.test.login.LoginTestApache" name="testLogoutWithSession" time="0.311"/>
  <testcase classname="com.erudex.test.login.LoginTestApache" name="testLogoutWithSession" time="0.310"/>
  <testcase classname="com.erudex.test.login.LoginTestApache" name="testLogin" time="0.391"/>
  <testcase classname="com.erudex.test.login.LoginTestApache" name="testLogoutWithSession" time="0.308"/>
  <testcase classname="com.erudex.test.login.LoginTestApache" name="testLogoutWithSession" time="0.356"/>
  <testcase classname="com.erudex.test.login.LoginTestApache" name="testLoginWithSession" time="0.313"/>
  <testcase classname="com.erudex.test.login.LoginTestApache" name="testLogoutWithSession" time="0.747"/>
  <testcase classname="com.erudex.test.login.LoginTestApache" name="testLogoutWithSession" time="0.348"/>
  <testcase classname="com.erudex.test.login.LoginTestApache" name="testLogoutWithSession" time="0.307"/>
  <testcase classname="com.erudex.test.login.LoginTestApache" name="testLogin" time="0.362"/>
  <testcase classname="com.erudex.test.login.LoginTestApache" name="testLogin" time="0.758"/>
  <testcase classname="com.erudex.test.login.LoginTestApache" name="testLoginWithSession" time="0.364"/>
  <testcase classname="com.erudex.test.login.LoginTestApache" name="testLogoutWithSession" time="0.307"/>
  <testcase classname="com.erudex.test.login.LoginTestApache" name="testLogin" time="0.364"/>
  <testcase classname="com.erudex.test.login.LoginTestApache" name="testLogin" time="0.772"/>
  <testcase classname="com.erudex.test.login.LoginTestApache" name="testLogoutWithSession" time="0.353"/>
  <testcase classname="com.erudex.test.login.LoginTestApache" name="testLogoutWithSession" time="0.316"/>
  <testcase classname="com.erudex.test.login.LoginTestApache" name="testLogin" time="0.369"/>
  <testcase classname="com.erudex.test.login.LoginTestApache" name="testLogoutWithSession" time="0.309"/>
  <testcase classname="com.erudex.test.login.LoginTestApache" name="testLogoutWithSession" time="0.411"/>
  <testcase classname="com.erudex.test.login.LoginTestApache" name="testLoginWithSession" time="0.354"/>
  <testcase classname="com.erudex.test.login.LoginTestApache" name="testLogoutWithSession" time="0.311"/>
  <testcase classname="com.erudex.test.login.LoginTestApache" name="testLogin" time="0.364"/>
  <testcase classname="com.erudex.test.login.LoginTestApache" name="testLoginWithSession" time="0.306"/>
  <testcase classname="com.erudex.test.login.LoginTestApache" name="testLogin" time="0.316"/>
  <testcase classname="com.erudex.test.login.LoginTestApache" name="testLoginWithSession" time="0.356"/>
  <testcase classname="com.erudex.test.login.LoginTestApache" name="testLogoutWithSession" time="0.349"/>
  <testcase classname="com.erudex.test.login.LoginTestApache" name="testLoginWithSession" time="0.360"/>
  <testcase classname="com.erudex.test.login.LoginTestApache" name="testLogoutWithSession" time="0.318"/>
  <testcase classname="com.erudex.test.login.LoginTestApache" name="testLogoutWithSession" time="0.356"/>
  <testcase classname="com.erudex.test.login.LoginTestApache" name="testLogoutWithSession" time="0.357"/>
  <testcase classname="com.erudex.test.login.LoginTestApache" name="testLogin" time="0.351"/>
  <testcase classname="com.erudex.test.login.LoginTestApache" name="testLoginWithSession" time="0.354"/>
  <testcase classname="com.erudex.test.login.LoginTestApache" name="testLogoutWithSession" time="0.359"/>
  <testcase classname="com.erudex.test.login.LoginTestApache" name="testLogin" time="0.357"/>
  <testcase classname="com.erudex.test.login.LoginTestApache" name="testLoginWithSession" time="0.312"/>
  <testcase classname="com.erudex.test.login.LoginTestApache" name="testLogoutWithSession" time="0.359"/>
  <testcase classname="com.erudex.test.login.LoginTestApache" name="testLogin" time="0.365"/>
  <testcase classname="com.erudex.test.login.LoginTestApache" name="testLoginWithSession" time="0.347"/>
  <testcase classname="com.erudex.test.login.LoginTestApache" name="testLogoutWithSession" time="0.314"/>
  <testcase classname="com.erudex.test.login.LoginTestApache" name="testLogin" time="0.316"/>
  <testcase classname="com.erudex.test.login.LoginTestApache" name="testLoginWithSession" time="0.307"/>
  <testcase classname="com.erudex.test.login.LoginTestApache" name="testLogoutWithSession" time="0.302"/>
  <testcase classname="com.erudex.test.login.LoginTestApache" name="testLogin" time="0.360"/>
  <testcase classname="com.erudex.test.login.LoginTestApache" name="testLoginWithSession" time="0.308"/>
  <testcase classname="com.erudex.test.login.LoginTestApache" name="testLogin" time="0.364"/>
  <testcase classname="com.erudex.test.login.LoginTestApache" name="testLogoutWithSession" time="0.351"/>
  <testcase classname="com.erudex.test.login.LoginTestApache" name="testLogin" time="0.326"/>
  <testcase classname="com.erudex.test.login.LoginTestApache" name="testLoginWithSession" time="0.311"/>
  <testcase classname="com.erudex.test.login.LoginTestApache" name="testLogin" time="0.379"/>
  <testcase classname="com.erudex.test.login.LoginTestApache" name="testLogoutWithSession" time="0.689"/>
  <testcase classname="com.erudex.test.login.LoginTestApache" name="testLogoutWithSession" time="0.347"/>
  <testcase classname="com.erudex.test.login.LoginTestApache" name="testLogoutWithSession" time="0.314"/>
  <testcase classname="com.erudex.test.login.LoginTestApache" name="testLogin" time="0.370"/>
  <testcase classname="com.erudex.test.login.LoginTestApache" name="testLoginWithSession" time="0.365"/>
  <testcase classname="com.erudex.test.login.LoginTestApache" name="testLoginWithSession" time="0.359"/>
  <testcase classname="com.erudex.test.login.LoginTestApache" name="testLogoutWithSession" time="0.351"/>
  <testcase classname="com.erudex.test.login.LoginTestApache" name="testLoginWithSession" time="0.357"/>
  <testcase classname="com.erudex.test.login.LoginTestApache" name="testLogoutWithSession" time="0.369"/>
  <testcase classname="com.erudex.test.login.LoginTestApache" name="testLogoutWithSession" time="0.352"/>
  <testcase classname="com.erudex.test.login.LoginTestApache" name="testLoginWithSession" time="0.341"/>
  <testcase classname="com.erudex.test.login.LoginTestApache" name="testLoginWithSession" time="0.356"/>
  <testcase classname="com.erudex.test.login.LoginTestApache" name="testLogin" time="0.360"/>
  <testcase classname="com.erudex.test.login.LoginTestApache" name="testLogin" time="0.364"/>
  <testcase classname="com.erudex.test.login.LoginTestApache" name="testLogoutWithSession" time="0.313"/>
  <testcase classname="com.erudex.test.login.LoginTestApache" name="testLogoutWithSession" time="0.307"/>
  <testcase classname="com.erudex.test.login.LoginTestApache" name="testLogin" time="0.371"/>
  <testcase classname="com.erudex.test.login.LoginTestApache" name="testLoginWithSession" time="0.355"/>
  <testcase classname="com.erudex.test.login.LoginTestApache" name="testLoginWithSession" time="0.353"/>
  <testcase classname="com.erudex.test.login.LoginTestApache" name="testLogoutWithSession" time="0.343"/>
  <testcase classname="com.erudex.test.login.LoginTestApache" name="testLogoutWithSession" time="0.353"/>
  <testcase classname="com.erudex.test.login.LoginTestApache" name="testLogoutWithSession" time="0.304"/>
  <testcase classname="com.erudex.test.login.LoginTestApache" name="testLogin" time="0.397"/>
  <testcase classname="com.erudex.test.login.LoginTestApache" name="testLoginWithSession" time="0.360"/>
  <testcase classname="com.erudex.test.login.LoginTestApache" name="testLogin" time="0.323"/>
  <testcase classname="com.erudex.test.login.LoginTestApache" name="testLogoutWithSession" time="0.607"/>
  <testcase classname="com.erudex.test.login.LoginTestApache" name="testLogin" time="0.376"/>
  <testcase classname="com.erudex.test.login.LoginTestApache" name="testLogoutWithSession" time="0.368"/>
  <testcase classname="com.erudex.test.login.LoginTestApache" name="testLoginWithSession" time="0.353"/>
  <testcase classname="com.erudex.test.login.LoginTestApache" name="testLoginWithSession" time="0.317"/>
  <testcase classname="com.erudex.test.login.LoginTestApache" name="testLogin" time="0.316"/>
  <testcase classname="com.erudex.test.login.LoginTestApache" name="testLoginWithSession" time="0.326"/>
  <testcase classname="com.erudex.test.login.LoginTestApache" name="testLogoutWithSession" time="0.306"/>
  <testcase classname="com.erudex.test.login.LoginTestApache" name="testLogoutWithSession" time="0.360"/>
  <testcase classname="com.erudex.test.login.LoginTestApache" name="testLoginWithSession" time="0.305"/>
  <testcase classname="com.erudex.test.login.LoginTestApache" name="testLoginWithSession" time="0.312"/>
  <testcase classname="com.erudex.test.login.LoginTestApache" name="testLogin" time="0.362"/>
  <testcase classname="com.erudex.test.login.LoginTestApache" name="testLogin" time="0.401"/>
  <testcase classname="com.erudex.test.login.LoginTestApache" name="testLogoutWithSession" time="0.358"/>
  <testcase classname="com.erudex.test.login.LoginTestApache" name="testLogin" time="0.362"/>
  <testcase classname="com.erudex.test.login.LoginTestApache" name="testLogoutWithSession" time="0.355"/>
  <testcase classname="com.erudex.test.login.LoginTestApache" name="testLoginWithSession" time="0.352"/>
  <testcase classname="com.erudex.test.login.LoginTestApache" name="testLogoutWithSession" time="0.351"/>
  <testcase classname="com.erudex.test.login.LoginTestApache" name="testLogin" time="0.309"/>
  <testcase classname="com.erudex.test.login.LoginTestApache" name="testLogin" time="0.372"/>
  <testcase classname="com.erudex.test.login.LoginTestApache" name="testLogoutWithSession" time="0.350"/>
  <testcase classname="com.erudex.test.login.LoginTestApache" name="testLogoutWithSession" time="0.311"/>
  <testcase classname="com.erudex.test.login.LoginTestApache" name="testLogoutWithSession" time="0.310"/>
  <testcase classname="com.erudex.test.login.LoginTestApache" name="testLogoutWithSession" time="0.317"/>
  <testcase classname="com.erudex.test.login.LoginTestApache" name="testLogin" time="0.364"/>
  <testcase classname="com.erudex.test.login.LoginTestApache" name="testLoginWithSession" time="0.354"/>
  <testcase classname="com.erudex.test.login.LoginTestApache" name="testLoginWithSession" time="0.390"/>
  <testcase classname="com.erudex.test.login.LoginTestApache" name="testLoginWithSession" time="0.354"/>
  <testcase classname="com.erudex.test.login.LoginTestApache" name="testLoginWithSession" time="0.351"/>
  <testcase classname="com.erudex.test.login.LoginTestApache" name="testLoginWithSession" time="0.318"/>
  <testcase classname="com.erudex.test.login.LoginTestApache" name="testLogoutWithSession" time="0.350"/>
  <testcase classname="com.erudex.test.login.LoginTestApache" name="testLoginWithSession" time="0.350"/>
  <testcase classname="com.erudex.test.login.LoginTestApache" name="testLogoutWithSession" time="0.348"/>
  <testcase classname="com.erudex.test.login.LoginTestApache" name="testLogoutWithSession" time="0.310"/>
  <testcase classname="com.erudex.test.login.LoginTestApache" name="testLogin" time="0.316"/>
  <testcase classname="com.erudex.test.login.LoginTestApache" name="testLoginWithSession" time="0.305"/>
  <testcase classname="com.erudex.test.login.LoginTestApache" name="testLoginWithSession" time="0.352"/>
  <testcase classname="com.erudex.test.login.LoginTestApache" name="testLogoutWithSession" time="0.361"/>
  <testcase classname="com.erudex.test.login.LoginTestApache" name="testLogoutWithSession" time="0.707"/>
  <testcase classname="com.erudex.test.login.LoginTestApache" name="testLogoutWithSession" time="0.306"/>
  <testcase classname="com.erudex.test.login.LoginTestApache" name="testLoginWithSession" time="0.356"/>
  <testcase classname="com.erudex.test.login.LoginTestApache" name="testLogoutWithSession" time="0.348"/>
  <testcase classname="com.erudex.test.login.LoginTestApache" name="testLogin" time="0.359"/>
  <testcase classname="com.erudex.test.login.LoginTestApache" name="testLoginWithSession" time="0.332"/>
  <testcase classname="com.erudex.test.login.LoginTestApache" name="testLogin" time="0.361"/>
  <testcase classname="com.erudex.test.login.LoginTestApache" name="testLogoutWithSession" time="0.353"/>
  <testcase classname="com.erudex.test.login.LoginTestApache" name="testLogoutWithSession" time="0.316"/>
  <testcase classname="com.erudex.test.login.LoginTestApache" name="testLogin" time="0.409"/>
  <testcase classname="com.erudex.test.login.LoginTestApache" name="testLogin" time="0.313"/>
  <testcase classname="com.erudex.test.login.LoginTestApache" name="testLogoutWithSession" time="0.357"/>
  <testcase classname="com.erudex.test.login.LoginTestApache" name="testLogoutWithSession" time="0.311"/>
  <testcase classname="com.erudex.test.login.LoginTestApache" name="testLogin" time="0.357"/>
  <testcase classname="com.erudex.test.login.LoginTestApache" name="testLogin" time="0.369"/>
  <testcase classname="com.erudex.test.login.LoginTestApache" name="testLogoutWithSession" time="0.353"/>
  <testcase classname="com.erudex.test.login.LoginTestApache" name="testLogin" time="0.361"/>
  <testcase classname="com.erudex.test.login.LoginTestApache" name="testLogin" time="0.338"/>
  <testcase classname="com.erudex.test.login.LoginTestApache" name="testLogin" time="0.356"/>
  <testcase classname="com.erudex.test.login.LoginTestApache" name="testLogin" time="0.307"/>
  <testcase classname="com.erudex.test.login.LoginTestApache" name="testLoginWithSession" time="0.337"/>
  <testcase classname="com.erudex.test.login.LoginTestApache" name="testLogoutWithSession" time="0.363"/>
  <testcase classname="com.erudex.test.login.LoginTestApache" name="testLoginWithSession" time="0.353"/>
  <testcase classname="com.erudex.test.login.LoginTestApache" name="testLogin" time="0.315"/>
  <testcase classname="com.erudex.test.login.LoginTestApache" name="testLogoutWithSession" time="0.350"/>
  <testcase classname="com.erudex.test.login.LoginTestApache" name="testLogin" time="0.323"/>
  <testcase classname="com.erudex.test.login.LoginTestApache" name="testLoginWithSession" time="0.302"/>
  <testcase classname="com.erudex.test.login.LoginTestApache" name="testLogoutWithSession" time="0.348"/>
  <testcase classname="com.erudex.test.login.LoginTestApache" name="testLoginWithSession" time="0.358"/>
  <testcase classname="com.erudex.test.login.LoginTestApache" name="testLoginWithSession" time="0.357"/>
  <testcase classname="com.erudex.test.login.LoginTestApache" name="testLogoutWithSession" time="0.317"/>
  <testcase classname="com.erudex.test.login.LoginTestApache" name="testLogin" time="0.358"/>
  <testcase classname="com.erudex.test.login.LoginTestApache" name="testLogoutWithSession" time="0.359"/>
  <testcase classname="com.erudex.test.login.LoginTestApache" name="testLogoutWithSession" time="0.366"/>
  <testcase classname="com.erudex.test.login.LoginTestApache" name="testLogoutWithSession" time="0.359"/>
  <testcase classname="com.erudex.test.login.LoginTestApache" name="testLogin" time="0.357"/>
  <testcase classname="com.erudex.test.login.LoginTestApache" name="testLogin" time="0.311"/>
  <testcase classname="com.erudex.test.login.LoginTestApache" name="testLogin" time="0.333"/>
  <testcase classname="com.erudex.test.login.LoginTestApache" name="testLogoutWithSession" time="0.354"/>
  <testcase classname="com.erudex.test.login.LoginTestApache" name="testLogin" time="0.344"/>
  <testcase classname="com.erudex.test.login.LoginTestApache" name="testLogin" time="0.415"/>
  <testcase classname="com.erudex.test.login.LoginTestApache" name="testLoginWithSession" time="0.360"/>
  <testcase classname="com.erudex.test.login.LoginTestApache" name="testLoginWithSession" time="0.349"/>
  <testcase classname="com.erudex.test.login.LoginTestApache" name="testLoginWithSession" time="0.350"/>
  <testcase classname="com.erudex.test.login.LoginTestApache" name="testLoginWithSession" time="0.361"/>
  <testcase classname="com.erudex.test.login.LoginTestApache" name="testLoginWithSession" time="0.357"/>
  <testcase classname="com.erudex.test.login.LoginTestApache" name="testLoginWithSession" time="0.377"/>
  <testcase classname="com.erudex.test.login.LoginTestApache" name="testLogoutWithSession" time="0.353"/>
  <testcase classname="com.erudex.test.login.LoginTestApache" name="testLogin" time="0.361"/>
  <testcase classname="com.erudex.test.login.LoginTestApache" name="testLogin" time="0.314"/>
  <testcase classname="com.erudex.test.login.LoginTestApache" name="testLoginWithSession" time="0.750"/>
  <testcase classname="com.erudex.test.login.LoginTestApache" name="testLoginWithSession" time="0.351"/>
  <testcase classname="com.erudex.test.login.LoginTestApache" name="testLogin" time="0.370"/>
  <testcase classname="com.erudex.test.login.LoginTestApache" name="testLogoutWithSession" time="0.345"/>
  <testcase classname="com.erudex.test.login.LoginTestApache" name="testLogin" time="0.355"/>
  <testcase classname="com.erudex.test.login.LoginTestApache" name="testLoginWithSession" time="0.354"/>
  <testcase classname="com.erudex.test.login.LoginTestApache" name="testLoginWithSession" time="0.351"/>
  <testcase classname="com.erudex.test.login.LoginTestApache" name="testLogin" time="0.472"/>
  <testcase classname="com.erudex.test.login.LoginTestApache" name="testLogin" time="0.369"/>
  <testcase classname="com.erudex.test.login.LoginTestApache" name="testLogoutWithSession" time="0.469"/>
  <testcase classname="com.erudex.test.login.LoginTestApache" name="testLogin" time="0.357"/>
  <testcase classname="com.erudex.test.login.LoginTestApache" name="testLoginWithSession" time="0.349"/>
  <testcase classname="com.erudex.test.login.LoginTestApache" name="testLogin" time="0.466"/>
  <testcase classname="com.erudex.test.login.LoginTestApache" name="testLogin" time="0.330"/>
  <testcase classname="com.erudex.test.login.LoginTestApache" name="testLogoutWithSession" time="0.351"/>
  <testcase classname="com.erudex.test.login.LoginTestApache" name="testLoginWithSession" time="0.354"/>
  <testcase classname="com.erudex.test.login.LoginTestApache" name="testLogoutWithSession" time="0.365"/>
  <testcase classname="com.erudex.test.login.LoginTestApache" name="testLogin" time="0.346"/>
  <testcase classname="com.erudex.test.login.LoginTestApache" name="testLoginWithSession" time="0.353"/>
  <testcase classname="com.erudex.test.login.LoginTestApache" name="testLogoutWithSession" time="0.352"/>
  <testcase classname="com.erudex.test.login.LoginTestApache" name="testLogoutWithSession" time="0.380"/>
  <testcase classname="com.erudex.test.login.LoginTestApache" name="testLogin" time="0.324"/>
  <testcase classname="com.erudex.test.login.LoginTestApache" name="testLogin" time="0.311"/>
  <testcase classname="com.erudex.test.login.LoginTestApache" name="testLogin" time="0.329"/>
  <testcase classname="com.erudex.test.login.LoginTestApache" name="testLogoutWithSession" time="0.499"/>
  <testcase classname="com.erudex.test.login.LoginTestApache" name="testLogoutWithSession" time="0.353"/>
  <testcase classname="com.erudex.test.login.LoginTestApache" name="testLogoutWithSession" time="0.347"/>
  <testcase classname="com.erudex.test.login.LoginTestApache" name="testLoginWithSession" time="0.307"/>
  <testcase classname="com.erudex.test.login.LoginTestApache" name="testLogoutWithSession" time="0.411"/>
  <testcase classname="com.erudex.test.login.LoginTestApache" name="testLogin" time="0.312"/>
  <testcase classname="com.erudex.test.login.LoginTestApache" name="testLoginWithSession" time="0.349"/>
  <testcase classname="com.erudex.test.login.LoginTestApache" name="testLogin" time="0.320"/>
  <testcase classname="com.erudex.test.login.LoginTestApache" name="testLogoutWithSession" time="0.354"/>
  <testcase classname="com.erudex.test.login.LoginTestApache" name="testLoginWithSession" time="0.316"/>
  <testcase classname="com.erudex.test.login.LoginTestApache" name="testLogoutWithSession" time="0.305"/>
  <testcase classname="com.erudex.test.login.LoginTestApache" name="testLogin" time="0.368"/>
  <testcase classname="com.erudex.test.login.LoginTestApache" name="testLogin" time="0.381"/>
  <testcase classname="com.erudex.test.login.LoginTestApache" name="testLogin" time="0.364"/>
  <testcase classname="com.erudex.test.login.LoginTestApache" name="testLogin" time="0.372"/>
  <testcase classname="com.erudex.test.login.LoginTestApache" name="testLogoutWithSession" time="0.492"/>
  <testcase classname="com.erudex.test.login.LoginTestApache" name="testLoginWithSession" time="0.360"/>
  <testcase classname="com.erudex.test.login.LoginTestApache" name="testLogin" time="0.315"/>
  <testcase classname="com.erudex.test.login.LoginTestApache" name="testLogoutWithSession" time="0.347"/>
  <testcase classname="com.erudex.test.login.LoginTestApache" name="testLoginWithSession" time="0.313"/>
  <testcase classname="com.erudex.test.login.LoginTestApache" name="testLogin" time="0.365"/>
  <testcase classname="com.erudex.test.login.LoginTestApache" name="testLogoutWithSession" time="0.311"/>
  <testcase classname="com.erudex.test.login.LoginTestApache" name="testLogin" time="0.363"/>
  <testcase classname="com.erudex.test.login.LoginTestApache" name="testLogin" time="0.385"/>
  <testcase classname="com.erudex.test.login.LoginTestApache" name="testLogin" time="0.361"/>
  <testcase classname="com.erudex.test.login.LoginTestApache" name="testLoginWithSession" time="0.308"/>
  <testcase classname="com.erudex.test.login.LoginTestApache" name="testLogoutWithSession" time="0.303"/>
  <testcase classname="com.erudex.test.login.LoginTestApache" name="testLoginWithSession" time="0.368"/>
  <testcase classname="com.erudex.test.login.LoginTestApache" name="testLogoutWithSession" time="0.308"/>
  <testcase classname="com.erudex.test.login.LoginTestApache" name="testLogin" time="0.316"/>
  <testcase classname="com.erudex.test.login.LoginTestApache" name="testLogin" time="0.318"/>
  <testcase classname="com.erudex.test.login.LoginTestApache" name="testLoginWithSession" time="0.361"/>
  <testcase classname="com.erudex.test.login.LoginTestApache" name="testLoginWithSession" time="0.344"/>
  <testcase classname="com.erudex.test.login.LoginTestApache" name="testLoginWithSession" time="0.350"/>
  <testcase classname="com.erudex.test.login.LoginTestApache" name="testLoginWithSession" time="0.357"/>
  <testcase classname="com.erudex.test.login.LoginTestApache" name="testLoginWithSession" time="0.348"/>
  <testcase classname="com.erudex.test.login.LoginTestApache" name="testLogin" time="0.366"/>
  <testcase classname="com.erudex.test.login.LoginTestApache" name="testLoginWithSession" time="0.355"/>
  <testcase classname="com.erudex.test.login.LoginTestApache" name="testLogin" time="0.366"/>
  <testcase classname="com.erudex.test.login.LoginTestApache" name="testLoginWithSession" time="0.449"/>
  <testcase classname="com.erudex.test.login.LoginTestApache" name="testLogin" time="0.317"/>
  <testcase classname="com.erudex.test.login.LoginTestApache" name="testLogoutWithSession" time="0.367"/>
  <testcase classname="com.erudex.test.login.LoginTestApache" name="testLogoutWithSession" time="0.351"/>
  <testcase classname="com.erudex.test.login.LoginTestApache" name="testLogoutWithSession" time="0.357"/>
  <testcase classname="com.erudex.test.login.LoginTestApache" name="testLogoutWithSession" time="0.355"/>
  <testcase classname="com.erudex.test.login.LoginTestApache" name="testLogin" time="0.365"/>
  <testcase classname="com.erudex.test.login.LoginTestApache" name="testLogin" time="0.358"/>
  <testcase classname="com.erudex.test.login.LoginTestApache" name="testLogin" time="0.307"/>
  <testcase classname="com.erudex.test.login.LoginTestApache" name="testLogoutWithSession" time="0.361"/>
  <testcase classname="com.erudex.test.login.LoginTestApache" name="testLogoutWithSession" time="0.309"/>
  <testcase classname="com.erudex.test.login.LoginTestApache" name="testLogin" time="0.365"/>
  <testcase classname="com.erudex.test.login.LoginTestApache" name="testLogin" time="0.355"/>
  <testcase classname="com.erudex.test.login.LoginTestApache" name="testLogin" time="0.363"/>
  <testcase classname="com.erudex.test.login.LoginTestApache" name="testLogoutWithSession" time="0.450"/>
  <testcase classname="com.erudex.test.login.LoginTestApache" name="testLoginWithSession" time="0.346"/>
  <testcase classname="com.erudex.test.login.LoginTestApache" name="testLoginWithSession" time="0.349"/>
  <testcase classname="com.erudex.test.login.LoginTestApache" name="testLogoutWithSession" time="0.360"/>
  <testcase classname="com.erudex.test.login.LoginTestApache" name="testLogoutWithSession" time="0.353"/>
  <testcase classname="com.erudex.test.login.LoginTestApache" name="testLogin" time="0.362"/>
  <testcase classname="com.erudex.test.login.LoginTestApache" name="testLoginWithSession" time="0.311"/>
  <testcase classname="com.erudex.test.login.LoginTestApache" name="testLogin" time="0.312"/>
  <testcase classname="com.erudex.test.login.LoginTestApache" name="testLogoutWithSession" time="0.314"/>
  <testcase classname="com.erudex.test.login.LoginTestApache" name="testLogin" time="0.389"/>
  <testcase classname="com.erudex.test.login.LoginTestApache" name="testLogin" time="0.323"/>
  <testcase classname="com.erudex.test.login.LoginTestApache" name="testLoginWithSession" time="0.312"/>
  <testcase classname="com.erudex.test.login.LoginTestApache" name="testLoginWithSession" time="0.374"/>
  <testcase classname="com.erudex.test.login.LoginTestApache" name="testLogin" time="0.363"/>
  <testcase classname="com.erudex.test.login.LoginTestApache" name="testLoginWithSession" time="0.384"/>
  <testcase classname="com.erudex.test.login.LoginTestApache" name="testLogin" time="0.371"/>
  <testcase classname="com.erudex.test.login.LoginTestApache" name="testLogin" time="0.449"/>
  <testcase classname="com.erudex.test.login.LoginTestApache" name="testLogin" time="0.368"/>
  <testcase classname="com.erudex.test.login.LoginTestApache" name="testLoginWithSession" time="0.310"/>
  <testcase classname="com.erudex.test.login.LoginTestApache" name="testLogin" time="0.318"/>
  <testcase classname="com.erudex.test.login.LoginTestApache" name="testLogoutWithSession" time="0.360"/>
  <testcase classname="com.erudex.test.login.LoginTestApache" name="testLogoutWithSession" time="0.310"/>
  <testcase classname="com.erudex.test.login.LoginTestApache" name="testLogin" time="0.738"/>
  <testcase classname="com.erudex.test.login.LoginTestApache" name="testLogin" time="0.362"/>
  <testcase classname="com.erudex.test.login.LoginTestApache" name="testLogin" time="0.316"/>
  <testcase classname="com.erudex.test.login.LoginTestApache" name="testLoginWithSession" time="0.329"/>
  <testcase classname="com.erudex.test.login.LoginTestApache" name="testLogoutWithSession" time="0.363"/>
  <testcase classname="com.erudex.test.login.LoginTestApache" name="testLogoutWithSession" time="0.360"/>
  <testcase classname="com.erudex.test.login.LoginTestApache" name="testLogin" time="0.321"/>
  <testcase classname="com.erudex.test.login.LoginTestApache" name="testLogoutWithSession" time="0.356"/>
  <testcase classname="com.erudex.test.login.LoginTestApache" name="testLoginWithSession" time="0.309"/>
  <testcase classname="com.erudex.test.login.LoginTestApache" name="testLogin" time="0.367"/>
  <testcase classname="com.erudex.test.login.LoginTestApache" name="testLogoutWithSession" time="0.306"/>
  <testcase classname="com.erudex.test.login.LoginTestApache" name="testLogoutWithSession" time="0.358"/>
  <testcase classname="com.erudex.test.login.LoginTestApache" name="testLoginWithSession" time="0.307"/>
  <testcase classname="com.erudex.test.login.LoginTestApache" name="testLoginWithSession" time="0.348"/>
  <testcase classname="com.erudex.test.login.LoginTestApache" name="testLogin" time="0.366"/>
  <testcase classname="com.erudex.test.login.LoginTestApache" name="testLoginWithSession" time="0.369"/>
  <testcase classname="com.erudex.test.login.LoginTestApache" name="testLoginWithSession" time="0.307"/>
  <testcase classname="com.erudex.test.login.LoginTestApache" name="testLogoutWithSession" time="0.356"/>
  <testcase classname="com.erudex.test.login.LoginTestApache" name="testLogin" time="0.358"/>
  <testcase classname="com.erudex.test.login.LoginTestApache" name="testLogin" time="0.365"/>
  <testcase classname="com.erudex.test.login.LoginTestApache" name="testLogin" time="0.355"/>
  <testcase classname="com.erudex.test.login.LoginTestApache" name="testLoginWithSession" time="0.360"/>
  <testcase classname="com.erudex.test.login.LoginTestApache" name="testLogin" time="0.379"/>
  <testcase classname="com.erudex.test.login.LoginTestApache" name="testLoginWithSession" time="0.305"/>
  <testcase classname="com.erudex.test.login.LoginTestApache" name="testLogin" time="0.363"/>
  <testcase classname="com.erudex.test.login.LoginTestApache" name="testLogoutWithSession" time="0.310"/>
  <testcase classname="com.erudex.test.login.LoginTestApache" name="testLoginWithSession" time="0.345"/>
  <testcase classname="com.erudex.test.login.LoginTestApache" name="testLoginWithSession" time="0.312"/>
  <testcase classname="com.erudex.test.login.LoginTestApache" name="testLoginWithSession" time="0.351"/>
  <testcase classname="com.erudex.test.login.LoginTestApache" name="testLogoutWithSession" time="0.341"/>
  <testcase classname="com.erudex.test.login.LoginTestApache" name="testLogin" time="0.321"/>
  <testcase classname="com.erudex.test.login.LoginTestApache" name="testLoginWithSession" time="0.361"/>
  <testcase classname="com.erudex.test.login.LoginTestApache" name="testLogin" time="0.315"/>
  <testcase classname="com.erudex.test.login.LoginTestApache" name="testLogin" time="0.367"/>
  <testcase classname="com.erudex.test.login.LoginTestApache" name="testLogin" time="0.363"/>
  <testcase classname="com.erudex.test.login.LoginTestApache" name="testLoginWithSession" time="0.371"/>
  <testcase classname="com.erudex.test.login.LoginTestApache" name="testLoginWithSession" time="0.358"/>
  <testcase classname="com.erudex.test.login.LoginTestApache" name="testLoginWithSession" time="0.355"/>
  <testcase classname="com.erudex.test.login.LoginTestApache" name="testLoginWithSession" time="0.304"/>
  <testcase classname="com.erudex.test.login.LoginTestApache" name="testLogoutWithSession" time="0.346"/>
  <testcase classname="com.erudex.test.login.LoginTestApache" name="testLogoutWithSession" time="0.347"/>
  <testcase classname="com.erudex.test.login.LoginTestApache" name="testLoginWithSession" time="0.747"/>
  <testcase classname="com.erudex.test.login.LoginTestApache" name="testLogin" time="0.367"/>
  <testcase classname="com.erudex.test.login.LoginTestApache" name="testLoginWithSession" time="0.347"/>
  <testcase classname="com.erudex.test.login.LoginTestApache" name="testLoginWithSession" time="0.352"/>
  <testcase classname="com.erudex.test.login.LoginTestApache" name="testLoginWithSession" time="0.298"/>
  <testcase classname="com.erudex.test.login.LoginTestApache" name="testLoginWithSession" time="0.310"/>
  <testcase classname="com.erudex.test.login.LoginTestApache" name="testLogoutWithSession" time="0.354"/>
  <testcase classname="com.erudex.test.login.LoginTestApache" name="testLoginWithSession" time="0.745"/>
  <testcase classname="com.erudex.test.login.LoginTestApache" name="testLogin" time="0.386"/>
  <testcase classname="com.erudex.test.login.LoginTestApache" name="testLogin" time="0.360"/>
  <testcase classname="com.erudex.test.login.LoginTestApache" name="testLogoutWithSession" time="0.377"/>
  <testcase classname="com.erudex.test.login.LoginTestApache" name="testLoginWithSession" time="0.348"/>
  <testcase classname="com.erudex.test.login.LoginTestApache" name="testLogoutWithSession" time="0.445"/>
  <testcase classname="com.erudex.test.login.LoginTestApache" name="testLogin" time="0.365"/>
  <testcase classname="com.erudex.test.login.LoginTestApache" name="testLogin" time="0.370"/>
  <testcase classname="com.erudex.test.login.LoginTestApache" name="testLogoutWithSession" time="0.311"/>
  <testcase classname="com.erudex.test.login.LoginTestApache" name="testLoginWithSession" time="0.359"/>
  <testcase classname="com.erudex.test.login.LoginTestApache" name="testLogin" time="0.622"/>
  <testcase classname="com.erudex.test.login.LoginTestApache" name="testLogin" time="0.363"/>
  <testcase classname="com.erudex.test.login.LoginTestApache" name="testLogin" time="0.314"/>
  <testcase classname="com.erudex.test.login.LoginTestApache" name="testLogin" time="0.355"/>
  <testcase classname="com.erudex.test.login.LoginTestApache" name="testLoginWithSession" time="0.352"/>
  <testcase classname="com.erudex.test.login.LoginTestApache" name="testLoginWithSession" time="0.355"/>
  <testcase classname="com.erudex.test.login.LoginTestApache" name="testLogoutWithSession" time="0.354"/>
  <testcase classname="com.erudex.test.login.LoginTestApache" name="testLogin" time="0.357"/>
  <testcase classname="com.erudex.test.login.LoginTestApache" name="testLogin" time="0.360"/>
  <testcase classname="com.erudex.test.login.LoginTestApache" name="testLoginWithSession" time="0.498"/>
  <testcase classname="com.erudex.test.login.LoginTestApache" name="testLoginWithSession" time="0.316"/>
  <testcase classname="com.erudex.test.login.LoginTestApache" name="testLogin" time="0.422"/>
  <testcase classname="com.erudex.test.login.LoginTestApache" name="testLoginWithSession" time="0.357"/>
  <testcase classname="com.erudex.test.login.LoginTestApache" name="testLoginWithSession" time="0.356"/>
  <testcase classname="com.erudex.test.login.LoginTestApache" name="testLogoutWithSession" time="0.357"/>
  <testcase classname="com.erudex.test.login.LoginTestApache" name="testLogoutWithSession" time="0.358"/>
  <testcase classname="com.erudex.test.login.LoginTestApache" name="testLogin" time="0.358"/>
  <testcase classname="com.erudex.test.login.LoginTestApache" name="testLoginWithSession" time="0.348"/>
  <testcase classname="com.erudex.test.login.LoginTestApache" name="testLoginWithSession" time="0.350"/>
  <testcase classname="com.erudex.test.login.LoginTestApache" name="testLogoutWithSession" time="0.361"/>
  <testcase classname="com.erudex.test.login.LoginTestApache" name="testLoginWithSession" time="0.715"/>
  <testcase classname="com.erudex.test.login.LoginTestApache" name="testLogin" time="0.358"/>
  <testcase classname="com.erudex.test.login.LoginTestApache" name="testLogoutWithSession" time="0.359"/>
  <testcase classname="com.erudex.test.login.LoginTestApache" name="testLogin" time="0.320"/>
  <testcase classname="com.erudex.test.login.LoginTestApache" name="testLogoutWithSession" time="0.354"/>
  <testcase classname="com.erudex.test.login.LoginTestApache" name="testLoginWithSession" time="0.306"/>
  <testcase classname="com.erudex.test.login.LoginTestApache" name="testLoginWithSession" time="0.350"/>
  <testcase classname="com.erudex.test.login.LoginTestApache" name="testLogin" time="0.356"/>
  <testcase classname="com.erudex.test.login.LoginTestApache" name="testLogin" time="0.452"/>
  <testcase classname="com.erudex.test.login.LoginTestApache" name="testLogin" time="0.368"/>
  <testcase classname="com.erudex.test.login.LoginTestApache" name="testLogin" time="0.327"/>
  <testcase classname="com.erudex.test.login.LoginTestApache" name="testLoginWithSession" time="0.350"/>
  <testcase classname="com.erudex.test.login.LoginTestApache" name="testLogin" time="0.362"/>
  <testcase classname="com.erudex.test.login.LoginTestApache" name="testLoginWithSession" time="0.446"/>
  <testcase classname="com.erudex.test.login.LoginTestApache" name="testLoginWithSession" time="0.307"/>
  <testcase classname="com.erudex.test.login.LoginTestApache" name="testLoginWithSession" time="0.307"/>
  <testcase classname="com.erudex.test.login.LoginTestApache" name="testLogin" time="0.360"/>
  <testcase classname="com.erudex.test.login.LoginTestApache" name="testLoginWithSession" time="0.306"/>
  <testcase classname="com.erudex.test.login.LoginTestApache" name="testLoginWithSession" time="0.361"/>
  <testcase classname="com.erudex.test.login.LoginTestApache" name="testLogoutWithSession" time="0.358"/>
  <testcase classname="com.erudex.test.login.LoginTestApache" name="testLogoutWithSession" time="0.348"/>
  <testcase classname="com.erudex.test.login.LoginTestApache" name="testLogoutWithSession" time="0.358"/>
  <testcase classname="com.erudex.test.login.LoginTestApache" name="testLoginWithSession" time="0.353"/>
  <testcase classname="com.erudex.test.login.LoginTestApache" name="testLogin" time="0.358"/>
  <testcase classname="com.erudex.test.login.LoginTestApache" name="testLogin" time="0.366"/>
  <testcase classname="com.erudex.test.login.LoginTestApache" name="testLogin" time="0.323"/>
  <testcase classname="com.erudex.test.login.LoginTestApache" name="testLogin" time="0.322"/>
  <testcase classname="com.erudex.test.login.LoginTestApache" name="testLogin" time="0.320"/>
  <testcase classname="com.erudex.test.login.LoginTestApache" name="testLogin" time="0.358"/>
  <testcase classname="com.erudex.test.login.LoginTestApache" name="testLogin" time="0.365"/>
  <testcase classname="com.erudex.test.login.LoginTestApache" name="testLogoutWithSession" time="0.413"/>
  <testcase classname="com.erudex.test.login.LoginTestApache" name="testLoginWithSession" time="0.313"/>
  <testcase classname="com.erudex.test.login.LoginTestApache" name="testLogoutWithSession" time="0.414"/>
  <testcase classname="com.erudex.test.login.LoginTestApache" name="testLogin" time="0.354"/>
  <testcase classname="com.erudex.test.login.LoginTestApache" name="testLogin" time="0.322"/>
  <testcase classname="com.erudex.test.login.LoginTestApache" name="testLoginWithSession" time="0.364"/>
  <testcase classname="com.erudex.test.login.LoginTestApache" name="testLogoutWithSession" time="0.348"/>
  <testcase classname="com.erudex.test.login.LoginTestApache" name="testLogin" time="0.371"/>
  <testcase classname="com.erudex.test.login.LoginTestApache" name="testLogin" time="0.490"/>
  <testcase classname="com.erudex.test.login.LoginTestApache" name="testLogoutWithSession" time="0.316"/>
  <testcase classname="com.erudex.test.login.LoginTestApache" name="testLoginWithSession" time="0.314"/>
  <testcase classname="com.erudex.test.login.LoginTestApache" name="testLogin" time="0.360"/>
  <testcase classname="com.erudex.test.login.LoginTestApache" name="testLogin" time="0.363"/>
  <testcase classname="com.erudex.test.login.LoginTestApache" name="testLoginWithSession" time="0.298"/>
  <testcase classname="com.erudex.test.login.LoginTestApache" name="testLogoutWithSession" time="0.360"/>
  <testcase classname="com.erudex.test.login.LoginTestApache" name="testLogin" time="0.312"/>
  <testcase classname="com.erudex.test.login.LoginTestApache" name="testLogin" time="0.344"/>
  <testcase classname="com.erudex.test.login.LoginTestApache" name="testLoginWithSession" time="0.370"/>
  <testcase classname="com.erudex.test.login.LoginTestApache" name="testLogin" time="0.360"/>
  <testcase classname="com.erudex.test.login.LoginTestApache" name="testLoginWithSession" time="0.312"/>
  <testcase classname="com.erudex.test.login.LoginTestApache" name="testLogin" time="0.356"/>
  <testcase classname="com.erudex.test.login.LoginTestApache" name="testLogoutWithSession" time="0.358"/>
  <testcase classname="com.erudex.test.login.LoginTestApache" name="testLoginWithSession" time="0.352"/>
  <testcase classname="com.erudex.test.login.LoginTestApache" name="testLogoutWithSession" time="0.359"/>
  <testcase classname="com.erudex.test.login.LoginTestApache" name="testLogoutWithSession" time="0.348"/>
  <testcase classname="com.erudex.test.login.LoginTestApache" name="testLogin" time="0.316"/>
  <testcase classname="com.erudex.test.login.LoginTestApache" name="testLogin" time="0.317"/>
  <testcase classname="com.erudex.test.login.LoginTestApache" name="testLoginWithSession" time="0.349"/>
  <testcase classname="com.erudex.test.login.LoginTestApache" name="testLogoutWithSession" time="0.322"/>
  <testcase classname="com.erudex.test.login.LoginTestApache" name="testLogin" time="0.313"/>
  <testcase classname="com.erudex.test.login.LoginTestApache" name="testLogoutWithSession" time="0.354"/>
  <testcase classname="com.erudex.test.login.LoginTestApache" name="testLogin" time="0.365"/>
  <testcase classname="com.erudex.test.login.LoginTestApache" name="testLoginWithSession" time="0.351"/>
  <testcase classname="com.erudex.test.login.LoginTestApache" name="testLogoutWithSession" time="0.340"/>
  <testcase classname="com.erudex.test.login.LoginTestApache" name="testLogoutWithSession" time="0.317"/>
  <testcase classname="com.erudex.test.login.LoginTestApache" name="testLoginWithSession" time="0.362"/>
  <testcase classname="com.erudex.test.login.LoginTestApache" name="testLoginWithSession" time="0.315"/>
  <testcase classname="com.erudex.test.login.LoginTestApache" name="testLogoutWithSession" time="0.363"/>
  <testcase classname="com.erudex.test.login.LoginTestApache" name="testLogin" time="0.364"/>
  <testcase classname="com.erudex.test.login.LoginTestApache" name="testLoginWithSession" time="0.312"/>
  <testcase classname="com.erudex.test.login.LoginTestApache" name="testLogin" time="0.319"/>
  <testcase classname="com.erudex.test.login.LoginTestApache" name="testLogoutWithSession" time="0.356"/>
  <testcase classname="com.erudex.test.login.LoginTestApache" name="testLoginWithSession" time="0.309"/>
  <testcase classname="com.erudex.test.login.LoginTestApache" name="testLogin" time="0.361"/>
  <testcase classname="com.erudex.test.login.LoginTestApache" name="testLogin" time="0.314"/>
  <testcase classname="com.erudex.test.login.LoginTestApache" name="testLogin" time="0.349"/>
  <testcase classname="com.erudex.test.login.LoginTestApache" name="testLoginWithSession" time="0.352"/>
  <testcase classname="com.erudex.test.login.LoginTestApache" name="testLogoutWithSession" time="0.303"/>
  <testcase classname="com.erudex.test.login.LoginTestApache" name="testLogoutWithSession" time="0.353"/>
  <testcase classname="com.erudex.test.login.LoginTestApache" name="testLogin" time="0.359"/>
  <testcase classname="com.erudex.test.login.LoginTestApache" name="testLoginWithSession" time="0.351"/>
  <testcase classname="com.erudex.test.login.LoginTestApache" name="testLogoutWithSession" time="0.362"/>
  <testcase classname="com.erudex.test.login.LoginTestApache" name="testLogin" time="0.314"/>
  <testcase classname="com.erudex.test.login.LoginTestApache" name="testLogin" time="0.331"/>
  <testcase classname="com.erudex.test.login.LoginTestApache" name="testLogin" time="0.355"/>
  <testcase classname="com.erudex.test.login.LoginTestApache" name="testLogoutWithSession" time="0.356"/>
  <testcase classname="com.erudex.test.login.LoginTestApache" name="testLogin" time="0.360"/>
  <testcase classname="com.erudex.test.login.LoginTestApache" name="testLogin" time="0.360"/>
  <testcase classname="com.erudex.test.login.LoginTestApache" name="testLoginWithSession" time="0.348"/>
  <testcase classname="com.erudex.test.login.LoginTestApache" name="testLogoutWithSession" time="0.353"/>
  <testcase classname="com.erudex.test.login.LoginTestApache" name="testLogoutWithSession" time="0.360"/>
  <testcase classname="com.erudex.test.login.LoginTestApache" name="testLogin" time="0.321"/>
  <testcase classname="com.erudex.test.login.LoginTestApache" name="testLoginWithSession" time="0.347"/>
  <testcase classname="com.erudex.test.login.LoginTestApache" name="testLogoutWithSession" time="0.360"/>
  <testcase classname="com.erudex.test.login.LoginTestApache" name="testLogin" time="0.410"/>
  <testcase classname="com.erudex.test.login.LoginTestApache" name="testLogoutWithSession" time="0.347"/>
  <testcase classname="com.erudex.test.login.LoginTestApache" name="testLoginWithSession" time="0.362"/>
  <testcase classname="com.erudex.test.login.LoginTestApache" name="testLogoutWithSession" time="0.354"/>
  <testcase classname="com.erudex.test.login.LoginTestApache" name="testLogoutWithSession" time="0.309"/>
  <testcase classname="com.erudex.test.login.LoginTestApache" name="testLogoutWithSession" time="0.312"/>
  <testcase classname="com.erudex.test.login.LoginTestApache" name="testLoginWithSession" time="0.348"/>
  <testcase classname="com.erudex.test.login.LoginTestApache" name="testLogoutWithSession" time="0.313"/>
  <testcase classname="com.erudex.test.login.LoginTestApache" name="testLogoutWithSession" time="0.352"/>
  <testcase classname="com.erudex.test.login.LoginTestApache" name="testLoginWithSession" time="0.389"/>
  <testcase classname="com.erudex.test.login.LoginTestApache" name="testLogoutWithSession" time="0.347"/>
  <testcase classname="com.erudex.test.login.LoginTestApache" name="testLogoutWithSession" time="0.350"/>
  <testcase classname="com.erudex.test.login.LoginTestApache" name="testLogin" time="0.304"/>
  <testcase classname="com.erudex.test.login.LoginTestApache" name="testLoginWithSession" time="0.355"/>
  <testcase classname="com.erudex.test.login.LoginTestApache" name="testLogin" time="0.366"/>
  <testcase classname="com.erudex.test.login.LoginTestApache" name="testLogin" time="0.374"/>
  <testcase classname="com.erudex.test.login.LoginTestApache" name="testLogoutWithSession" time="0.303"/>
  <testcase classname="com.erudex.test.login.LoginTestApache" name="testLogin" time="0.367"/>
  <testcase classname="com.erudex.test.login.LoginTestApache" name="testLogin" time="0.369"/>
  <testcase classname="com.erudex.test.login.LoginTestApache" name="testLogoutWithSession" time="0.732"/>
  <testcase classname="com.erudex.test.login.LoginTestApache" name="testLogin" time="0.360"/>
  <testcase classname="com.erudex.test.login.LoginTestApache" name="testLogin" time="0.358"/>
  <testcase classname="com.erudex.test.login.LoginTestApache" name="testLoginWithSession" time="0.361"/>
  <testcase classname="com.erudex.test.login.LoginTestApache" name="testLoginWithSession" time="0.353"/>
  <testcase classname="com.erudex.test.login.LoginTestApache" name="testLoginWithSession" time="0.304"/>
  <testcase classname="com.erudex.test.login.LoginTestApache" name="testLogin" time="0.312"/>
  <testcase classname="com.erudex.test.login.LoginTestApache" name="testLogin" time="0.327"/>
  <testcase classname="com.erudex.test.login.LoginTestApache" name="testLogoutWithSession" time="0.354"/>
  <testcase classname="com.erudex.test.login.LoginTestApache" name="testLoginWithSession" time="0.351"/>
  <testcase classname="com.erudex.test.login.LoginTestApache" name="testLoginWithSession" time="0.347"/>
  <testcase classname="com.erudex.test.login.LoginTestApache" name="testLoginWithSession" time="0.367"/>
  <testcase classname="com.erudex.test.login.LoginTestApache" name="testLogin" time="0.400"/>
  <testcase classname="com.erudex.test.login.LoginTestApache" name="testLogin" time="0.363"/>
  <testcase classname="com.erudex.test.login.LoginTestApache" name="testLogoutWithSession" time="0.347"/>
  <testcase classname="com.erudex.test.login.LoginTestApache" name="testLoginWithSession" time="0.363"/>
  <testcase classname="com.erudex.test.login.LoginTestApache" name="testLogin" time="0.358"/>
  <testcase classname="com.erudex.test.login.LoginTestApache" name="testLogin" time="0.319"/>
  <testcase classname="com.erudex.test.login.LoginTestApache" name="testLogin" time="0.642"/>
  <testcase classname="com.erudex.test.login.LoginTestApache" name="testLogoutWithSession" time="0.360"/>
  <testcase classname="com.erudex.test.login.LoginTestApache" name="testLogin" time="0.349"/>
  <testcase classname="com.erudex.test.login.LoginTestApache" name="testLogoutWithSession" time="0.352"/>
  <testcase classname="com.erudex.test.login.LoginTestApache" name="testLogin" time="0.372"/>
  <testcase classname="com.erudex.test.login.LoginTestApache" name="testLogoutWithSession" time="0.315"/>
  <testcase classname="com.erudex.test.login.LoginTestApache" name="testLogin" time="0.367"/>
  <testcase classname="com.erudex.test.login.LoginTestApache" name="testLoginWithSession" time="0.357"/>
  <testcase classname="com.erudex.test.login.LoginTestApache" name="testLoginWithSession" time="0.347"/>
  <testcase classname="com.erudex.test.login.LoginTestApache" name="testLoginWithSession" time="0.356"/>
  <testcase classname="com.erudex.test.login.LoginTestApache" name="testLogin" time="0.371"/>
  <testcase classname="com.erudex.test.login.LoginTestApache" name="testLogin" time="0.491"/>
  <testcase classname="com.erudex.test.login.LoginTestApache" name="testLoginWithSession" time="0.354"/>
  <testcase classname="com.erudex.test.login.LoginTestApache" name="testLogoutWithSession" time="0.344"/>
  <testcase classname="com.erudex.test.login.LoginTestApache" name="testLoginWithSession" time="0.350"/>
  <testcase classname="com.erudex.test.login.LoginTestApache" name="testLogoutWithSession" time="0.355"/>
  <testcase classname="com.erudex.test.login.LoginTestApache" name="testLogin" time="0.360"/>
  <testcase classname="com.erudex.test.login.LoginTestApache" name="testLoginWithSession" time="0.367"/>
  <testcase classname="com.erudex.test.login.LoginTestApache" name="testLogoutWithSession" time="0.366"/>
  <testcase classname="com.erudex.test.login.LoginTestApache" name="testLogoutWithSession" time="0.301"/>
  <testcase classname="com.erudex.test.login.LoginTestApache" name="testLogoutWithSession" time="0.315"/>
  <testcase classname="com.erudex.test.login.LoginTestApache" name="testLoginWithSession" time="0.352"/>
  <testcase classname="com.erudex.test.login.LoginTestApache" name="testLoginWithSession" time="0.357"/>
  <testcase classname="com.erudex.test.login.LoginTestApache" name="testLogoutWithSession" time="0.296"/>
  <testcase classname="com.erudex.test.login.LoginTestApache" name="testLogin" time="0.355"/>
  <testcase classname="com.erudex.test.login.LoginTestApache" name="testLoginWithSession" time="0.311"/>
  <testcase classname="com.erudex.test.login.LoginTestApache" name="testLoginWithSession" time="0.351"/>
  <testcase classname="com.erudex.test.login.LoginTestApache" name="testLoginWithSession" time="0.360"/>
  <testcase classname="com.erudex.test.login.LoginTestApache" name="testLogoutWithSession" time="0.356"/>
  <testcase classname="com.erudex.test.login.LoginTestApache" name="testLogoutWithSession" time="0.347"/>
  <testcase classname="com.erudex.test.login.LoginTestApache" name="testLogoutWithSession" time="0.307"/>
  <testcase classname="com.erudex.test.login.LoginTestApache" name="testLogoutWithSession" time="0.351"/>
  <testcase classname="com.erudex.test.login.LoginTestApache" name="testLogin" time="0.319"/>
  <testcase classname="com.erudex.test.login.LoginTestApache" name="testLoginWithSession" time="0.310"/>
  <testcase classname="com.erudex.test.login.LoginTestApache" name="testLogin" time="0.360"/>
  <testcase classname="com.erudex.test.login.LoginTestApache" name="testLoginWithSession" time="0.352"/>
  <testcase classname="com.erudex.test.login.LoginTestApache" name="testLogoutWithSession" time="0.356"/>
  <testcase classname="com.erudex.test.login.LoginTestApache" name="testLogoutWithSession" time="0.549"/>
  <testcase classname="com.erudex.test.login.LoginTestApache" name="testLogoutWithSession" time="0.363"/>
  <testcase classname="com.erudex.test.login.LoginTestApache" name="testLogin" time="0.384"/>
  <testcase classname="com.erudex.test.login.LoginTestApache" name="testLoginWithSession" time="0.309"/>
  <testcase classname="com.erudex.test.login.LoginTestApache" name="testLogoutWithSession" time="0.313"/>
  <testcase classname="com.erudex.test.login.LoginTestApache" name="testLogin" time="0.374"/>
  <testcase classname="com.erudex.test.login.LoginTestApache" name="testLogin" time="0.361"/>
  <testcase classname="com.erudex.test.login.LoginTestApache" name="testLoginWithSession" time="0.376"/>
  <testcase classname="com.erudex.test.login.LoginTestApache" name="testLoginWithSession" time="0.314"/>
  <testcase classname="com.erudex.test.login.LoginTestApache" name="testLogin" time="0.317"/>
  <testcase classname="com.erudex.test.login.LoginTestApache" name="testLogin" time="0.374"/>
  <testcase classname="com.erudex.test.login.LoginTestApache" name="testLogoutWithSession" time="0.336"/>
  <testcase classname="com.erudex.test.login.LoginTestApache" name="testLogin" time="0.407"/>
  <testcase classname="com.erudex.test.login.LoginTestApache" name="testLoginWithSession" time="0.355"/>
  <testcase classname="com.erudex.test.login.LoginTestApache" name="testLogoutWithSession" time="0.351"/>
  <testcase classname="com.erudex.test.login.LoginTestApache" name="testLogin" time="0.310"/>
  <testcase classname="com.erudex.test.login.LoginTestApache" name="testLogoutWithSession" time="0.351"/>
  <testcase classname="com.erudex.test.login.LoginTestApache" name="testLogin" time="0.378"/>
  <testcase classname="com.erudex.test.login.LoginTestApache" name="testLogoutWithSession" time="0.354"/>
  <testcase classname="com.erudex.test.login.LoginTestApache" name="testLoginWithSession" time="0.349"/>
  <testcase classname="com.erudex.test.login.LoginTestApache" name="testLoginWithSession" time="0.700"/>
  <testcase classname="com.erudex.test.login.LoginTestApache" name="testLoginWithSession" time="0.303"/>
  <testcase classname="com.erudex.test.login.LoginTestApache" name="testLogoutWithSession" time="0.349"/>
  <testcase classname="com.erudex.test.login.LoginTestApache" name="testLogoutWithSession" time="0.316"/>
  <testcase classname="com.erudex.test.login.LoginTestApache" name="testLoginWithSession" time="0.751"/>
  <testcase classname="com.erudex.test.login.LoginTestApache" name="testLoginWithSession" time="0.350"/>
  <testcase classname="com.erudex.test.login.LoginTestApache" name="testLogoutWithSession" time="0.413"/>
  <testcase classname="com.erudex.test.login.LoginTestApache" name="testLoginWithSession" time="0.311"/>
  <testcase classname="com.erudex.test.login.LoginTestApache" name="testLogin" time="0.362"/>
  <testcase classname="com.erudex.test.login.LoginTestApache" name="testLoginWithSession" time="0.317"/>
  <testcase classname="com.erudex.test.login.LoginTestApache" name="testLoginWithSession" time="0.359"/>
  <testcase classname="com.erudex.test.login.LoginTestApache" name="testLogin" time="0.362"/>
  <testcase classname="com.erudex.test.login.LoginTestApache" name="testLogoutWithSession" time="0.314"/>
  <testcase classname="com.erudex.test.login.LoginTestApache" name="testLogin" time="0.365"/>
  <testcase classname="com.erudex.test.login.LoginTestApache" name="testLogoutWithSession" time="0.367"/>
  <testcase classname="com.erudex.test.login.LoginTestApache" name="testLogin" time="0.374"/>
  <testcase classname="com.erudex.test.login.LoginTestApache" name="testLoginWithSession" time="0.321"/>
  <testcase classname="com.erudex.test.login.LoginTestApache" name="testLoginWithSession" time="0.360"/>
  <testcase classname="com.erudex.test.login.LoginTestApache" name="testLogoutWithSession" time="0.357"/>
  <testcase classname="com.erudex.test.login.LoginTestApache" name="testLogoutWithSession" time="0.365"/>
  <testcase classname="com.erudex.test.login.LoginTestApache" name="testLogoutWithSession" time="0.349"/>
  <testcase classname="com.erudex.test.login.LoginTestApache" name="testLogin" time="0.360"/>
  <testcase classname="com.erudex.test.login.LoginTestApache" name="testLogoutWithSession" time="0.315"/>
  <testcase classname="com.erudex.test.login.LoginTestApache" name="testLogin" time="0.317"/>
  <testcase classname="com.erudex.test.login.LoginTestApache" name="testLogin" time="0.314"/>
  <testcase classname="com.erudex.test.login.LoginTestApache" name="testLogin" time="0.671"/>
  <testcase classname="com.erudex.test.login.LoginTestApache" name="testLogoutWithSession" time="0.349"/>
  <testcase classname="com.erudex.test.login.LoginTestApache" name="testLogin" time="0.371"/>
  <testcase classname="com.erudex.test.login.LoginTestApache" name="testLoginWithSession" time="0.367"/>
  <testcase classname="com.erudex.test.login.LoginTestApache" name="testLogoutWithSession" time="0.367"/>
  <testcase classname="com.erudex.test.login.LoginTestApache" name="testLoginWithSession" time="0.425"/>
  <testcase classname="com.erudex.test.login.LoginTestApache" name="testLogoutWithSession" time="0.309"/>
  <testcase classname="com.erudex.test.login.LoginTestApache" name="testLogin" time="0.357"/>
  <testcase classname="com.erudex.test.login.LoginTestApache" name="testLogoutWithSession" time="0.347"/>
  <testcase classname="com.erudex.test.login.LoginTestApache" name="testLoginWithSession" time="0.308"/>
  <testcase classname="com.erudex.test.login.LoginTestApache" name="testLogoutWithSession" time="0.364"/>
  <testcase classname="com.erudex.test.login.LoginTestApache" name="testLoginWithSession" time="0.352"/>
  <testcase classname="com.erudex.test.login.LoginTestApache" name="testLogin" time="0.317"/>
  <testcase classname="com.erudex.test.login.LoginTestApache" name="testLoginWithSession" time="0.353"/>
  <testcase classname="com.erudex.test.login.LoginTestApache" name="testLoginWithSession" time="0.359"/>
  <testcase classname="com.erudex.test.login.LoginTestApache" name="testLogoutWithSession" time="0.308"/>
  <testcase classname="com.erudex.test.login.LoginTestApache" name="testLoginWithSession" time="0.742"/>
  <testcase classname="com.erudex.test.login.LoginTestApache" name="testLogoutWithSession" time="0.353"/>
  <testcase classname="com.erudex.test.login.LoginTestApache" name="testLogoutWithSession" time="0.366"/>
  <testcase classname="com.erudex.test.login.LoginTestApache" name="testLogin" time="0.325"/>
  <testcase classname="com.erudex.test.login.LoginTestApache" name="testLogin" time="0.388"/>
  <testcase classname="com.erudex.test.login.LoginTestApache" name="testLoginWithSession" time="0.353"/>
  <testcase classname="com.erudex.test.login.LoginTestApache" name="testLogoutWithSession" time="0.353"/>
  <testcase classname="com.erudex.test.login.LoginTestApache" name="testLoginWithSession" time="0.408"/>
  <testcase classname="com.erudex.test.login.LoginTestApache" name="testLoginWithSession" time="0.352"/>
  <testcase classname="com.erudex.test.login.LoginTestApache" name="testLoginWithSession" time="0.348"/>
  <testcase classname="com.erudex.test.login.LoginTestApache" name="testLogoutWithSession" time="0.350"/>
  <testcase classname="com.erudex.test.login.LoginTestApache" name="testLoginWithSession" time="0.362"/>
  <testcase classname="com.erudex.test.login.LoginTestApache" name="testLoginWithSession" time="0.355"/>
  <testcase classname="com.erudex.test.login.LoginTestApache" name="testLogoutWithSession" time="0.675"/>
  <testcase classname="com.erudex.test.login.LoginTestApache" name="testLogin" time="0.317"/>
  <testcase classname="com.erudex.test.login.LoginTestApache" name="testLogin" time="0.328"/>
  <testcase classname="com.erudex.test.login.LoginTestApache" name="testLoginWithSession" time="0.361"/>
  <testcase classname="com.erudex.test.login.LoginTestApache" name="testLogoutWithSession" time="0.352"/>
  <testcase classname="com.erudex.test.login.LoginTestApache" name="testLogoutWithSession" time="0.349"/>
  <testcase classname="com.erudex.test.login.LoginTestApache" name="testLogin" time="0.418"/>
  <testcase classname="com.erudex.test.login.LoginTestApache" name="testLogin" time="0.361"/>
  <testcase classname="com.erudex.test.login.LoginTestApache" name="testLogin" time="0.380"/>
  <testcase classname="com.erudex.test.login.LoginTestApache" name="testLoginWithSession" time="0.357"/>
  <testcase classname="com.erudex.test.login.LoginTestApache" name="testLoginWithSession" time="0.367"/>
  <testcase classname="com.erudex.test.login.LoginTestApache" name="testLoginWithSession" time="0.348"/>
  <testcase classname="com.erudex.test.login.LoginTestApache" name="testLogoutWithSession" time="0.363"/>
  <testcase classname="com.erudex.test.login.LoginTestApache" name="testLogoutWithSession" time="0.363"/>
  <testcase classname="com.erudex.test.login.LoginTestApache" name="testLoginWithSession" time="0.361"/>
  <testcase classname="com.erudex.test.login.LoginTestApache" name="testLoginWithSession" time="0.305"/>
  <testcase classname="com.erudex.test.login.LoginTestApache" name="testLoginWithSession" time="0.308"/>
  <testcase classname="com.erudex.test.login.LoginTestApache" name="testLogin" time="0.357"/>
  <testcase classname="com.erudex.test.login.LoginTestApache" name="testLogin" time="0.311"/>
  <testcase classname="com.erudex.test.login.LoginTestApache" name="testLogin" time="0.356"/>
  <testcase classname="com.erudex.test.login.LoginTestApache" name="testLogoutWithSession" time="0.318"/>
  <testcase classname="com.erudex.test.login.LoginTestApache" name="testLoginWithSession" time="0.353"/>
  <testcase classname="com.erudex.test.login.LoginTestApache" name="testLogin" time="0.458"/>
  <testcase classname="com.erudex.test.login.LoginTestApache" name="testLogin" time="0.342"/>
  <testcase classname="com.erudex.test.login.LoginTestApache" name="testLoginWithSession" time="0.311"/>
  <testcase classname="com.erudex.test.login.LoginTestApache" name="testLogin" time="0.313"/>
  <testcase classname="com.erudex.test.login.LoginTestApache" name="testLogoutWithSession" time="0.353"/>
  <testcase classname="com.erudex.test.login.LoginTestApache" name="testLogin" time="0.472"/>
  <testcase classname="com.erudex.test.login.LoginTestApache" name="testLogoutWithSession" time="0.363"/>
  <testcase classname="com.erudex.test.login.LoginTestApache" name="testLoginWithSession" time="0.361"/>
  <testcase classname="com.erudex.test.login.LoginTestApache" name="testLoginWithSession" time="0.349"/>
  <testcase classname="com.erudex.test.login.LoginTestApache" name="testLoginWithSession" time="0.361"/>
  <testcase classname="com.erudex.test.login.LoginTestApache" name="testLoginWithSession" time="0.351"/>
  <testcase classname="com.erudex.test.login.LoginTestApache" name="testLoginWithSession" time="0.350"/>
  <testcase classname="com.erudex.test.login.LoginTestApache" name="testLogoutWithSession" time="0.360"/>
  <testcase classname="com.erudex.test.login.LoginTestApache" name="testLogoutWithSession" time="0.359"/>
  <testcase classname="com.erudex.test.login.LoginTestApache" name="testLogoutWithSession" time="0.310"/>
  <testcase classname="com.erudex.test.login.LoginTestApache" name="testLogin" time="0.314"/>
  <testcase classname="com.erudex.test.login.LoginTestApache" name="testLogin" time="0.322"/>
  <testcase classname="com.erudex.test.login.LoginTestApache" name="testLogin" time="0.357"/>
  <testcase classname="com.erudex.test.login.LoginTestApache" name="testLogoutWithSession" time="0.304"/>
  <testcase classname="com.erudex.test.login.LoginTestApache" name="testLoginWithSession" time="0.370"/>
  <testcase classname="com.erudex.test.login.LoginTestApache" name="testLogoutWithSession" time="0.301"/>
  <testcase classname="com.erudex.test.login.LoginTestApache" name="testLoginWithSession" time="0.355"/>
  <testcase classname="com.erudex.test.login.LoginTestApache" name="testLogin" time="0.373"/>
  <testcase classname="com.erudex.test.login.LoginTestApache" name="testLoginWithSession" time="0.305"/>
  <testcase classname="com.erudex.test.login.LoginTestApache" name="testLoginWithSession" time="0.347"/>
  <testcase classname="com.erudex.test.login.LoginTestApache" name="testLogoutWithSession" time="0.350"/>
  <testcase classname="com.erudex.test.login.LoginTestApache" name="testLogoutWithSession" time="0.308"/>
  <testcase classname="com.erudex.test.login.LoginTestApache" name="testLogin" time="0.312"/>
  <testcase classname="com.erudex.test.login.LoginTestApache" name="testLogin" time="0.318"/>
  <testcase classname="com.erudex.test.login.LoginTestApache" name="testLogin" time="0.358"/>
  <testcase classname="com.erudex.test.login.LoginTestApache" name="testLoginWithSession" time="0.350"/>
  <testcase classname="com.erudex.test.login.LoginTestApache" name="testLogoutWithSession" time="0.305"/>
  <testcase classname="com.erudex.test.login.LoginTestApache" name="testLogin" time="0.360"/>
  <testcase classname="com.erudex.test.login.LoginTestApache" name="testLogoutWithSession" time="0.359"/>
  <testcase classname="com.erudex.test.login.LoginTestApache" name="testLoginWithSession" time="0.351"/>
  <testcase classname="com.erudex.test.login.LoginTestApache" name="testLoginWithSession" time="0.356"/>
  <testcase classname="com.erudex.test.login.LoginTestApache" name="testLoginWithSession" time="0.361"/>
  <testcase classname="com.erudex.test.login.LoginTestApache" name="testLogin" time="0.369"/>
  <testcase classname="com.erudex.test.login.LoginTestApache" name="testLoginWithSession" time="0.314"/>
  <testcase classname="com.erudex.test.login.LoginTestApache" name="testLogoutWithSession" time="0.301"/>
  <testcase classname="com.erudex.test.login.LoginTestApache" name="testLogin" time="0.366"/>
  <testcase classname="com.erudex.test.login.LoginTestApache" name="testLogin" time="0.375"/>
  <testcase classname="com.erudex.test.login.LoginTestApache" name="testLogin" time="0.364"/>
  <testcase classname="com.erudex.test.login.LoginTestApache" name="testLogoutWithSession" time="0.365"/>
  <testcase classname="com.erudex.test.login.LoginTestApache" name="testLogin" time="0.312"/>
  <testcase classname="com.erudex.test.login.LoginTestApache" name="testLogoutWithSession" time="0.354"/>
  <testcase classname="com.erudex.test.login.LoginTestApache" name="testLoginWithSession" time="0.305"/>
  <testcase classname="com.erudex.test.login.LoginTestApache" name="testLogoutWithSession" time="0.359"/>
  <testcase classname="com.erudex.test.login.LoginTestApache" name="testLoginWithSession" time="0.362"/>
  <testcase classname="com.erudex.test.login.LoginTestApache" name="testLogin" time="0.312"/>
  <testcase classname="com.erudex.test.login.LoginTestApache" name="testLogin" time="0.366"/>
  <testcase classname="com.erudex.test.login.LoginTestApache" name="testLogoutWithSession" time="0.363"/>
  <testcase classname="com.erudex.test.login.LoginTestApache" name="testLogin" time="0.356"/>
  <testcase classname="com.erudex.test.login.LoginTestApache" name="testLoginWithSession" time="0.352"/>
  <testcase classname="com.erudex.test.login.LoginTestApache" name="testLoginWithSession" time="0.303"/>
  <testcase classname="com.erudex.test.login.LoginTestApache" name="testLogin" time="0.314"/>
  <testcase classname="com.erudex.test.login.LoginTestApache" name="testLoginWithSession" time="0.353"/>
  <testcase classname="com.erudex.test.login.LoginTestApache" name="testLoginWithSession" time="0.306"/>
  <testcase classname="com.erudex.test.login.LoginTestApache" name="testLogoutWithSession" time="0.347"/>
  <testcase classname="com.erudex.test.login.LoginTestApache" name="testLogoutWithSession" time="0.318"/>
  <testcase classname="com.erudex.test.login.LoginTestApache" name="testLogin" time="0.356"/>
  <testcase classname="com.erudex.test.login.LoginTestApache" name="testLogoutWithSession" time="0.345"/>
  <testcase classname="com.erudex.test.login.LoginTestApache" name="testLogoutWithSession" time="0.313"/>
  <testcase classname="com.erudex.test.login.LoginTestApache" name="testLogin" time="0.357"/>
  <testcase classname="com.erudex.test.login.LoginTestApache" name="testLogin" time="0.363"/>
  <testcase classname="com.erudex.test.login.LoginTestApache" name="testLogoutWithSession" time="0.338"/>
  <testcase classname="com.erudex.test.login.LoginTestApache" name="testLoginWithSession" time="0.361"/>
  <testcase classname="com.erudex.test.login.LoginTestApache" name="testLogoutWithSession" time="0.368"/>
  <testcase classname="com.erudex.test.login.LoginTestApache" name="testLogoutWithSession" time="0.374"/>
  <testcase classname="com.erudex.test.login.LoginTestApache" name="testLoginWithSession" time="0.356"/>
  <testcase classname="com.erudex.test.login.LoginTestApache" name="testLoginWithSession" time="0.302"/>
  <testcase classname="com.erudex.test.login.LoginTestApache" name="testLogoutWithSession" time="0.362"/>
  <testcase classname="com.erudex.test.login.LoginTestApache" name="testLogin" time="0.719"/>
  <testcase classname="com.erudex.test.login.LoginTestApache" name="testLogoutWithSession" time="0.357"/>
  <testcase classname="com.erudex.test.login.LoginTestApache" name="testLogoutWithSession" time="0.349"/>
  <testcase classname="com.erudex.test.login.LoginTestApache" name="testLoginWithSession" time="0.359"/>
  <testcase classname="com.erudex.test.login.LoginTestApache" name="testLogoutWithSession" time="0.358"/>
  <testcase classname="com.erudex.test.login.LoginTestApache" name="testLogin" time="0.355"/>
  <testcase classname="com.erudex.test.login.LoginTestApache" name="testLogin" time="0.370"/>
  <testcase classname="com.erudex.test.login.LoginTestApache" name="testLoginWithSession" time="0.323"/>
  <testcase classname="com.erudex.test.login.LoginTestApache" name="testLoginWithSession" time="0.732"/>
  <testcase classname="com.erudex.test.login.LoginTestApache" name="testLogoutWithSession" time="0.353"/>
  <testcase classname="com.erudex.test.login.LoginTestApache" name="testLogin" time="0.359"/>
  <testcase classname="com.erudex.test.login.LoginTestApache" name="testLoginWithSession" time="0.356"/>
  <testcase classname="com.erudex.test.login.LoginTestApache" name="testLoginWithSession" time="0.357"/>
  <testcase classname="com.erudex.test.login.LoginTestApache" name="testLogoutWithSession" time="0.361"/>
  <testcase classname="com.erudex.test.login.LoginTestApache" name="testLoginWithSession" time="0.354"/>
  <testcase classname="com.erudex.test.login.LoginTestApache" name="testLogoutWithSession" time="0.354"/>
  <testcase classname="com.erudex.test.login.LoginTestApache" name="testLoginWithSession" time="0.353"/>
  <testcase classname="com.erudex.test.login.LoginTestApache" name="testLogoutWithSession" time="0.358"/>
  <testcase classname="com.erudex.test.login.LoginTestApache" name="testLogin" time="0.366"/>
  <testcase classname="com.erudex.test.login.LoginTestApache" name="testLogin" time="0.314"/>
  <testcase classname="com.erudex.test.login.LoginTestApache" name="testLoginWithSession" time="0.350"/>
  <testcase classname="com.erudex.test.login.LoginTestApache" name="testLoginWithSession" time="0.315"/>
  <testcase classname="com.erudex.test.login.LoginTestApache" name="testLogoutWithSession" time="0.349"/>
  <testcase classname="com.erudex.test.login.LoginTestApache" name="testLogoutWithSession" time="0.360"/>
  <testcase classname="com.erudex.test.login.LoginTestApache" name="testLoginWithSession" time="0.378"/>
  <testcase classname="com.erudex.test.login.LoginTestApache" name="testLogin" time="0.358"/>
  <testcase classname="com.erudex.test.login.LoginTestApache" name="testLogin" time="0.351"/>
  <testcase classname="com.erudex.test.login.LoginTestApache" name="testLogoutWithSession" time="0.318"/>
  <testcase classname="com.erudex.test.login.LoginTestApache" name="testLogoutWithSession" time="0.351"/>
  <testcase classname="com.erudex.test.login.LoginTestApache" name="testLogoutWithSession" time="0.358"/>
  <testcase classname="com.erudex.test.login.LoginTestApache" name="testLogoutWithSession" time="0.353"/>
  <testcase classname="com.erudex.test.login.LoginTestApache" name="testLogoutWithSession" time="0.308"/>
  <testcase classname="com.erudex.test.login.LoginTestApache" name="testLoginWithSession" time="0.357"/>
  <testcase classname="com.erudex.test.login.LoginTestApache" name="testLogin" time="0.358"/>
  <testcase classname="com.erudex.test.login.LoginTestApache" name="testLogoutWithSession" time="0.302"/>
  <testcase classname="com.erudex.test.login.LoginTestApache" name="testLoginWithSession" time="0.358"/>
  <testcase classname="com.erudex.test.login.LoginTestApache" name="testLogin" time="0.707"/>
  <testcase classname="com.erudex.test.login.LoginTestApache" name="testLoginWithSession" time="0.364"/>
  <testcase classname="com.erudex.test.login.LoginTestApache" name="testLogoutWithSession" time="0.344"/>
  <testcase classname="com.erudex.test.login.LoginTestApache" name="testLogin" time="0.370"/>
  <testcase classname="com.erudex.test.login.LoginTestApache" name="testLoginWithSession" time="0.348"/>
  <testcase classname="com.erudex.test.login.LoginTestApache" name="testLogoutWithSession" time="0.364"/>
  <testcase classname="com.erudex.test.login.LoginTestApache" name="testLogoutWithSession" time="0.353"/>
  <testcase classname="com.erudex.test.login.LoginTestApache" name="testLogoutWithSession" time="0.356"/>
  <testcase classname="com.erudex.test.login.LoginTestApache" name="testLogin" time="0.360"/>
  <testcase classname="com.erudex.test.login.LoginTestApache" name="testLogin" time="0.491"/>
  <testcase classname="com.erudex.test.login.LoginTestApache" name="testLogin" time="0.310"/>
  <testcase classname="com.erudex.test.login.LoginTestApache" name="testLoginWithSession" time="0.355"/>
  <testcase classname="com.erudex.test.login.LoginTestApache" name="testLogoutWithSession" time="0.306"/>
  <testcase classname="com.erudex.test.login.LoginTestApache" name="testLogin" time="0.336"/>
  <testcase classname="com.erudex.test.login.LoginTestApache" name="testLoginWithSession" time="0.373"/>
  <testcase classname="com.erudex.test.login.LoginTestApache" name="testLogin" time="0.361"/>
  <testcase classname="com.erudex.test.login.LoginTestApache" name="testLoginWithSession" time="0.350"/>
  <testcase classname="com.erudex.test.login.LoginTestApache" name="testLoginWithSession" time="0.363"/>
  <testcase classname="com.erudex.test.login.LoginTestApache" name="testLoginWithSession" time="0.313"/>
  <testcase classname="com.erudex.test.login.LoginTestApache" name="testLoginWithSession" time="0.349"/>
  <testcase classname="com.erudex.test.login.LoginTestApache" name="testLogoutWithSession" time="0.357"/>
  <testcase classname="com.erudex.test.login.LoginTestApache" name="testLogin" time="0.355"/>
  <testcase classname="com.erudex.test.login.LoginTestApache" name="testLoginWithSession" time="0.346"/>
  <testcase classname="com.erudex.test.login.LoginTestApache" name="testLogoutWithSession" time="0.354"/>
  <testcase classname="com.erudex.test.login.LoginTestApache" name="testLogoutWithSession" time="0.311"/>
  <testcase classname="com.erudex.test.login.LoginTestApache" name="testLogin" time="0.381"/>
  <testcase classname="com.erudex.test.login.LoginTestApache" name="testLoginWithSession" time="0.354"/>
  <testcase classname="com.erudex.test.login.LoginTestApache" name="testLogin" time="0.324"/>
  <testcase classname="com.erudex.test.login.LoginTestApache" name="testLogoutWithSession" time="0.354"/>
  <testcase classname="com.erudex.test.login.LoginTestApache" name="testLogoutWithSession" time="0.373"/>
  <testcase classname="com.erudex.test.login.LoginTestApache" name="testLogin" time="0.352"/>
  <testcase classname="com.erudex.test.login.LoginTestApache" name="testLoginWithSession" time="0.353"/>
  <testcase classname="com.erudex.test.login.LoginTestApache" name="testLogin" time="0.372"/>
  <testcase classname="com.erudex.test.login.LoginTestApache" name="testLogoutWithSession" time="0.366"/>
  <testcase classname="com.erudex.test.login.LoginTestApache" name="testLogoutWithSession" time="0.404"/>
  <testcase classname="com.erudex.test.login.LoginTestApache" name="testLogin" time="0.358"/>
  <testcase classname="com.erudex.test.login.LoginTestApache" name="testLogin" time="0.375"/>
  <testcase classname="com.erudex.test.login.LoginTestApache" name="testLoginWithSession" time="0.348"/>
  <testcase classname="com.erudex.test.login.LoginTestApache" name="testLogin" time="0.313"/>
  <testcase classname="com.erudex.test.login.LoginTestApache" name="testLoginWithSession" time="0.312"/>
  <testcase classname="com.erudex.test.login.LoginTestApache" name="testLoginWithSession" time="0.307"/>
  <testcase classname="com.erudex.test.login.LoginTestApache" name="testLogin" time="0.317"/>
  <testcase classname="com.erudex.test.login.LoginTestApache" name="testLogoutWithSession" time="0.354"/>
  <testcase classname="com.erudex.test.login.LoginTestApache" name="testLogin" time="0.374"/>
  <testcase classname="com.erudex.test.login.LoginTestApache" name="testLoginWithSession" time="0.350"/>
  <testcase classname="com.erudex.test.login.LoginTestApache" name="testLogin" time="0.306"/>
  <testcase classname="com.erudex.test.login.LoginTestApache" name="testLogoutWithSession" time="0.306"/>
  <testcase classname="com.erudex.test.login.LoginTestApache" name="testLoginWithSession" time="0.311"/>
  <testcase classname="com.erudex.test.login.LoginTestApache" name="testLoginWithSession" time="0.382"/>
  <testcase classname="com.erudex.test.login.LoginTestApache" name="testLogoutWithSession" time="0.742"/>
  <testcase classname="com.erudex.test.login.LoginTestApache" name="testLogin" time="0.366"/>
  <testcase classname="com.erudex.test.login.LoginTestApache" name="testLogin" time="0.351"/>
  <testcase classname="com.erudex.test.login.LoginTestApache" name="testLogin" time="0.455"/>
  <testcase classname="com.erudex.test.login.LoginTestApache" name="testLoginWithSession" time="0.358"/>
  <testcase classname="com.erudex.test.login.LoginTestApache" name="testLoginWithSession" time="0.362"/>
  <testcase classname="com.erudex.test.login.LoginTestApache" name="testLogoutWithSession" time="0.316"/>
  <testcase classname="com.erudex.test.login.LoginTestApache" name="testLogoutWithSession" time="0.375"/>
  <testcase classname="com.erudex.test.login.LoginTestApache" name="testLogin" time="0.361"/>
  <testcase classname="com.erudex.test.login.LoginTestApache" name="testLogoutWithSession" time="0.351"/>
  <testcase classname="com.erudex.test.login.LoginTestApache" name="testLogin" time="0.315"/>
  <testcase classname="com.erudex.test.login.LoginTestApache" name="testLoginWithSession" time="0.344"/>
  <testcase classname="com.erudex.test.login.LoginTestApache" name="testLoginWithSession" time="0.362"/>
  <testcase classname="com.erudex.test.login.LoginTestApache" name="testLogoutWithSession" time="0.349"/>
  <testcase classname="com.erudex.test.login.LoginTestApache" name="testLogin" time="0.364"/>
  <testcase classname="com.erudex.test.login.LoginTestApache" name="testLogoutWithSession" time="0.737"/>
  <testcase classname="com.erudex.test.login.LoginTestApache" name="testLogoutWithSession" time="0.333"/>
  <testcase classname="com.erudex.test.login.LoginTestApache" name="testLoginWithSession" time="0.376"/>
  <testcase classname="com.erudex.test.login.LoginTestApache" name="testLoginWithSession" time="0.353"/>
  <testcase classname="com.erudex.test.login.LoginTestApache" name="testLoginWithSession" time="0.374"/>
  <testcase classname="com.erudex.test.login.LoginTestApache" name="testLoginWithSession" time="0.357"/>
  <testcase classname="com.erudex.test.login.LoginTestApache" name="testLogoutWithSession" time="0.357"/>
  <testcase classname="com.erudex.test.login.LoginTestApache" name="testLogoutWithSession" time="0.308"/>
  <testcase classname="com.erudex.test.login.LoginTestApache" name="testLogin" time="0.368"/>
  <testcase classname="com.erudex.test.login.LoginTestApache" name="testLogoutWithSession" time="0.345"/>
  <testcase classname="com.erudex.test.login.LoginTestApache" name="testLogoutWithSession" time="0.370"/>
  <testcase classname="com.erudex.test.login.LoginTestApache" name="testLogoutWithSession" time="0.342"/>
  <testcase classname="com.erudex.test.login.LoginTestApache" name="testLogin" time="0.359"/>
  <testcase classname="com.erudex.test.login.LoginTestApache" name="testLogin" time="0.386"/>
  <testcase classname="com.erudex.test.login.LoginTestApache" name="testLoginWithSession" time="0.355"/>
  <testcase classname="com.erudex.test.login.LoginTestApache" name="testLogoutWithSession" time="0.359"/>
  <testcase classname="com.erudex.test.login.LoginTestApache" name="testLogin" time="0.353"/>
  <testcase classname="com.erudex.test.login.LoginTestApache" name="testLogoutWithSession" time="0.314"/>
  <testcase classname="com.erudex.test.login.LoginTestApache" name="testLogin" time="0.356"/>
  <testcase classname="com.erudex.test.login.LoginTestApache" name="testLogin" time="0.376"/>
  <testcase classname="com.erudex.test.login.LoginTestApache" name="testLogoutWithSession" time="0.364"/>
  <testcase classname="com.erudex.test.login.LoginTestApache" name="testLogoutWithSession" time="0.353"/>
  <testcase classname="com.erudex.test.login.LoginTestApache" name="testLoginWithSession" time="0.306"/>
  <testcase classname="com.erudex.test.login.LoginTestApache" name="testLoginWithSession" time="0.352"/>
  <testcase classname="com.erudex.test.login.LoginTestApache" name="testLogoutWithSession" time="0.349"/>
  <testcase classname="com.erudex.test.login.LoginTestApache" name="testLogoutWithSession" time="0.366"/>
  <testcase classname="com.erudex.test.login.LoginTestApache" name="testLogoutWithSession" time="0.356"/>
  <testcase classname="com.erudex.test.login.LoginTestApache" name="testLoginWithSession" time="0.301"/>
  <testcase classname="com.erudex.test.login.LoginTestApache" name="testLoginWithSession" time="0.349"/>
  <testcase classname="com.erudex.test.login.LoginTestApache" name="testLogoutWithSession" time="0.348"/>
  <testcase classname="com.erudex.test.login.LoginTestApache" name="testLoginWithSession" time="0.358"/>
  <testcase classname="com.erudex.test.login.LoginTestApache" name="testLoginWithSession" time="0.360"/>
  <testcase classname="com.erudex.test.login.LoginTestApache" name="testLogin" time="0.315"/>
  <testcase classname="com.erudex.test.login.LoginTestApache" name="testLoginWithSession" time="0.357"/>
  <testcase classname="com.erudex.test.login.LoginTestApache" name="testLogin" time="0.379"/>
  <testcase classname="com.erudex.test.login.LoginTestApache" name="testLoginWithSession" time="0.306"/>
  <testcase classname="com.erudex.test.login.LoginTestApache" name="testLogin" time="0.355"/>
  <testcase classname="com.erudex.test.login.LoginTestApache" name="testLogin" time="0.321"/>
  <testcase classname="com.erudex.test.login.LoginTestApache" name="testLoginWithSession" time="0.360"/>
  <testcase classname="com.erudex.test.login.LoginTestApache" name="testLoginWithSession" time="0.344"/>
  <testcase classname="com.erudex.test.login.LoginTestApache" name="testLoginWithSession" time="0.303"/>
  <testcase classname="com.erudex.test.login.LoginTestApache" name="testLoginWithSession" time="0.406"/>
  <testcase classname="com.erudex.test.login.LoginTestApache" name="testLogin" time="0.317"/>
  <testcase classname="com.erudex.test.login.LoginTestApache" name="testLogoutWithSession" time="0.343"/>
  <testcase classname="com.erudex.test.login.LoginTestApache" name="testLoginWithSession" time="0.343"/>
  <testcase classname="com.erudex.test.login.LoginTestApache" name="testLoginWithSession" time="0.404"/>
  <testcase classname="com.erudex.test.login.LoginTestApache" name="testLogoutWithSession" time="0.302"/>
  <testcase classname="com.erudex.test.login.LoginTestApache" name="testLogin" time="0.313"/>
  <testcase classname="com.erudex.test.login.LoginTestApache" name="testLogin" time="0.362"/>
  <testcase classname="com.erudex.test.login.LoginTestApache" name="testLogin" time="0.325"/>
  <testcase classname="com.erudex.test.login.LoginTestApache" name="testLogin" time="0.321"/>
  <testcase classname="com.erudex.test.login.LoginTestApache" name="testLogoutWithSession" time="0.310"/>
  <testcase classname="com.erudex.test.login.LoginTestApache" name="testLogoutWithSession" time="0.317"/>
  <testcase classname="com.erudex.test.login.LoginTestApache" name="testLoginWithSession" time="0.742"/>
  <testcase classname="com.erudex.test.login.LoginTestApache" name="testLogoutWithSession" time="0.310"/>
  <testcase classname="com.erudex.test.login.LoginTestApache" name="testLogoutWithSession" time="0.356"/>
  <testcase classname="com.erudex.test.login.LoginTestApache" name="testLogin" time="0.317"/>
  <testcase classname="com.erudex.test.login.LoginTestApache" name="testLogin" time="0.347"/>
  <testcase classname="com.erudex.test.login.LoginTestApache" name="testLogin" time="0.389"/>
  <testcase classname="com.erudex.test.login.LoginTestApache" name="testLoginWithSession" time="0.352"/>
  <testcase classname="com.erudex.test.login.LoginTestApache" name="testLoginWithSession" time="0.312"/>
  <testcase classname="com.erudex.test.login.LoginTestApache" name="testLogoutWithSession" time="0.351"/>
  <testcase classname="com.erudex.test.login.LoginTestApache" name="testLogin" time="0.365"/>
  <testcase classname="com.erudex.test.login.LoginTestApache" name="testLogoutWithSession" time="0.300"/>
  <testcase classname="com.erudex.test.login.LoginTestApache" name="testLoginWithSession" time="0.349"/>
  <testcase classname="com.erudex.test.login.LoginTestApache" name="testLogin" time="0.356"/>
  <testcase classname="com.erudex.test.login.LoginTestApache" name="testLogin" time="0.358"/>
  <testcase classname="com.erudex.test.login.LoginTestApache" name="testLogoutWithSession" time="0.353"/>
  <testcase classname="com.erudex.test.login.LoginTestApache" name="testLogoutWithSession" time="0.737"/>
  <testcase classname="com.erudex.test.login.LoginTestApache" name="testLogin" time="0.372"/>
  <testcase classname="com.erudex.test.login.LoginTestApache" name="testLogoutWithSession" time="0.366"/>
  <testcase classname="com.erudex.test.login.LoginTestApache" name="testLogoutWithSession" time="0.351"/>
  <testcase classname="com.erudex.test.login.LoginTestApache" name="testLogin" time="0.364"/>
  <testcase classname="com.erudex.test.login.LoginTestApache" name="testLogin" time="0.318"/>
  <testcase classname="com.erudex.test.login.LoginTestApache" name="testLogoutWithSession" time="0.350"/>
  <testcase classname="com.erudex.test.login.LoginTestApache" name="testLoginWithSession" time="0.359"/>
  <testcase classname="com.erudex.test.login.LoginTestApache" name="testLoginWithSession" time="0.358"/>
  <testcase classname="com.erudex.test.login.LoginTestApache" name="testLoginWithSession" time="0.364"/>
  <testcase classname="com.erudex.test.login.LoginTestApache" name="testLoginWithSession" time="0.351"/>
  <testcase classname="com.erudex.test.login.LoginTestApache" name="testLogin" time="0.341"/>
  <testcase classname="com.erudex.test.login.LoginTestApache" name="testLogin" time="0.320"/>
  <testcase classname="com.erudex.test.login.LoginTestApache" name="testLogin" time="0.359"/>
  <testcase classname="com.erudex.test.login.LoginTestApache" name="testLoginWithSession" time="0.322"/>
  <testcase classname="com.erudex.test.login.LoginTestApache" name="testLogin" time="0.316"/>
  <testcase classname="com.erudex.test.login.LoginTestApache" name="testLogoutWithSession" time="0.310"/>
  <testcase classname="com.erudex.test.login.LoginTestApache" name="testLogin" time="0.375"/>
  <testcase classname="com.erudex.test.login.LoginTestApache" name="testLogoutWithSession" time="0.354"/>
  <testcase classname="com.erudex.test.login.LoginTestApache" name="testLogin" time="0.460"/>
  <testcase classname="com.erudex.test.login.LoginTestApache" name="testLogin" time="0.312"/>
  <testcase classname="com.erudex.test.login.LoginTestApache" name="testLogin" time="0.355"/>
  <testcase classname="com.erudex.test.login.LoginTestApache" name="testLogin" time="0.517"/>
  <testcase classname="com.erudex.test.login.LoginTestApache" name="testLogin" time="0.368"/>
  <testcase classname="com.erudex.test.login.LoginTestApache" name="testLoginWithSession" time="0.355"/>
  <testcase classname="com.erudex.test.login.LoginTestApache" name="testLogin" time="0.357"/>
  <testcase classname="com.erudex.test.login.LoginTestApache" name="testLogin" time="0.312"/>
  <testcase classname="com.erudex.test.login.LoginTestApache" name="testLogin" time="0.369"/>
  <testcase classname="com.erudex.test.login.LoginTestApache" name="testLogin" time="0.308"/>
  <testcase classname="com.erudex.test.login.LoginTestApache" name="testLogin" time="0.368"/>
  <testcase classname="com.erudex.test.login.LoginTestApache" name="testLogoutWithSession" time="0.365"/>
  <testcase classname="com.erudex.test.login.LoginTestApache" name="testLogoutWithSession" time="0.312"/>
  <testcase classname="com.erudex.test.login.LoginTestApache" name="testLogoutWithSession" time="0.359"/>
  <testcase classname="com.erudex.test.login.LoginTestApache" name="testLogin" time="0.370"/>
  <testcase classname="com.erudex.test.login.LoginTestApache" name="testLoginWithSession" time="0.314"/>
  <testcase classname="com.erudex.test.login.LoginTestApache" name="testLogin" time="0.376"/>
  <testcase classname="com.erudex.test.login.LoginTestApache" name="testLoginWithSession" time="0.351"/>
  <testcase classname="com.erudex.test.login.LoginTestApache" name="testLogoutWithSession" time="0.308"/>
  <testcase classname="com.erudex.test.login.LoginTestApache" name="testLoginWithSession" time="0.443"/>
  <testcase classname="com.erudex.test.login.LoginTestApache" name="testLoginWithSession" time="0.354"/>
  <testcase classname="com.erudex.test.login.LoginTestApache" name="testLogoutWithSession" time="0.348"/>
  <testcase classname="com.erudex.test.login.LoginTestApache" name="testLogin" time="0.355"/>
  <testcase classname="com.erudex.test.login.LoginTestApache" name="testLogin" time="0.359"/>
  <testcase classname="com.erudex.test.login.LoginTestApache" name="testLogoutWithSession" time="0.357"/>
  <testcase classname="com.erudex.test.login.LoginTestApache" name="testLogin" time="0.387"/>
  <testcase classname="com.erudex.test.login.LoginTestApache" name="testLogoutWithSession" time="0.345"/>
  <testcase classname="com.erudex.test.login.LoginTestApache" name="testLogoutWithSession" time="0.314"/>
  <testcase classname="com.erudex.test.login.LoginTestApache" name="testLogoutWithSession" time="0.447"/>
  <testcase classname="com.erudex.test.login.LoginTestApache" name="testLogin" time="0.356"/>
  <testcase classname="com.erudex.test.login.LoginTestApache" name="testLogin" time="0.317"/>
  <testcase classname="com.erudex.test.login.LoginTestApache" name="testLoginWithSession" time="0.353"/>
  <testcase classname="com.erudex.test.login.LoginTestApache" name="testLogoutWithSession" time="0.355"/>
  <testcase classname="com.erudex.test.login.LoginTestApache" name="testLogin" time="0.366"/>
  <testcase classname="com.erudex.test.login.LoginTestApache" name="testLoginWithSession" time="0.305"/>
  <testcase classname="com.erudex.test.login.LoginTestApache" name="testLoginWithSession" time="0.354"/>
  <testcase classname="com.erudex.test.login.LoginTestApache" name="testLogoutWithSession" time="0.305"/>
  <testcase classname="com.erudex.test.login.LoginTestApache" name="testLoginWithSession" time="0.312"/>
  <testcase classname="com.erudex.test.login.LoginTestApache" name="testLoginWithSession" time="0.354"/>
  <testcase classname="com.erudex.test.login.LoginTestApache" name="testLogin" time="0.358"/>
  <testcase classname="com.erudex.test.login.LoginTestApache" name="testLogoutWithSession" time="0.359"/>
  <testcase classname="com.erudex.test.login.LoginTestApache" name="testLogin" time="0.363"/>
  <testcase classname="com.erudex.test.login.LoginTestApache" name="testLogoutWithSession" time="0.362"/>
  <testcase classname="com.erudex.test.login.LoginTestApache" name="testLogoutWithSession" time="0.354"/>
  <testcase classname="com.erudex.test.login.LoginTestApache" name="testLoginWithSession" time="0.741"/>
  <testcase classname="com.erudex.test.login.LoginTestApache" name="testLogin" time="0.700"/>
  <testcase classname="com.erudex.test.login.LoginTestApache" name="testLogin" time="0.315"/>
  <testcase classname="com.erudex.test.login.LoginTestApache" name="testLogin" time="0.357"/>
  <testcase classname="com.erudex.test.login.LoginTestApache" name="testLogoutWithSession" time="0.363"/>
  <testcase classname="com.erudex.test.login.LoginTestApache" name="testLoginWithSession" time="0.355"/>
  <testcase classname="com.erudex.test.login.LoginTestApache" name="testLogin" time="0.515"/>
  <testcase classname="com.erudex.test.login.LoginTestApache" name="testLogoutWithSession" time="0.352"/>
  <testcase classname="com.erudex.test.login.LoginTestApache" name="testLogoutWithSession" time="0.304"/>
  <testcase classname="com.erudex.test.login.LoginTestApache" name="testLogin" time="0.436"/>
  <testcase classname="com.erudex.test.login.LoginTestApache" name="testLoginWithSession" time="0.308"/>
  <testcase classname="com.erudex.test.login.LoginTestApache" name="testLogoutWithSession" time="0.350"/>
  <testcase classname="com.erudex.test.login.LoginTestApache" name="testLoginWithSession" time="0.365"/>
  <testcase classname="com.erudex.test.login.LoginTestApache" name="testLoginWithSession" time="0.348"/>
  <testcase classname="com.erudex.test.login.LoginTestApache" name="testLogoutWithSession" time="0.359"/>
  <testcase classname="com.erudex.test.login.LoginTestApache" name="testLogin" time="0.355"/>
  <testcase classname="com.erudex.test.login.LoginTestApache" name="testLogin" time="0.317"/>
  <testcase classname="com.erudex.test.login.LoginTestApache" name="testLogin" time="0.358"/>
  <testcase classname="com.erudex.test.login.LoginTestApache" name="testLogoutWithSession" time="0.345"/>
  <testcase classname="com.erudex.test.login.LoginTestApache" name="testLogin" time="0.362"/>
  <testcase classname="com.erudex.test.login.LoginTestApache" name="testLogin" time="0.371"/>
  <testcase classname="com.erudex.test.login.LoginTestApache" name="testLoginWithSession" time="0.344"/>
  <testcase classname="com.erudex.test.login.LoginTestApache" name="testLogoutWithSession" time="0.355"/>
  <testcase classname="com.erudex.test.login.LoginTestApache" name="testLoginWithSession" time="0.351"/>
  <testcase classname="com.erudex.test.login.LoginTestApache" name="testLogoutWithSession" time="0.357"/>
  <testcase classname="com.erudex.test.login.LoginTestApache" name="testLogin" time="0.449"/>
  <testcase classname="com.erudex.test.login.LoginTestApache" name="testLoginWithSession" time="0.361"/>
  <testcase classname="com.erudex.test.login.LoginTestApache" name="testLogin" time="0.335"/>
  <testcase classname="com.erudex.test.login.LoginTestApache" name="testLoginWithSession" time="0.311"/>
  <testcase classname="com.erudex.test.login.LoginTestApache" name="testLogin" time="0.350"/>
  <testcase classname="com.erudex.test.login.LoginTestApache" name="testLogin" time="0.361"/>
  <testcase classname="com.erudex.test.login.LoginTestApache" name="testLogoutWithSession" time="0.308"/>
  <testcase classname="com.erudex.test.login.LoginTestApache" name="testLogoutWithSession" time="0.309"/>
  <testcase classname="com.erudex.test.login.LoginTestApache" name="testLogin" time="0.349"/>
  <testcase classname="com.erudex.test.login.LoginTestApache" name="testLoginWithSession" time="0.349"/>
  <testcase classname="com.erudex.test.login.LoginTestApache" name="testLogin" time="0.365"/>
  <testcase classname="com.erudex.test.login.LoginTestApache" name="testLoginWithSession" time="0.352"/>
  <testcase classname="com.erudex.test.login.LoginTestApache" name="testLogin" time="0.361"/>
  <testcase classname="com.erudex.test.login.LoginTestApache" name="testLogin" time="0.362"/>
  <testcase classname="com.erudex.test.login.LoginTestApache" name="testLogoutWithSession" time="0.354"/>
  <testcase classname="com.erudex.test.login.LoginTestApache" name="testLoginWithSession" time="0.301"/>
  <testcase classname="com.erudex.test.login.LoginTestApache" name="testLogoutWithSession" time="0.304"/>
  <testcase classname="com.erudex.test.login.LoginTestApache" name="testLogoutWithSession" time="0.350"/>
  <testcase classname="com.erudex.test.login.LoginTestApache" name="testLogoutWithSession" time="0.348"/>
  <testcase classname="com.erudex.test.login.LoginTestApache" name="testLogin" time="0.371"/>
  <testcase classname="com.erudex.test.login.LoginTestApache" name="testLoginWithSession" time="0.358"/>
  <testcase classname="com.erudex.test.login.LoginTestApache" name="testLogoutWithSession" time="0.368"/>
  <testcase classname="com.erudex.test.login.LoginTestApache" name="testLogoutWithSession" time="0.302"/>
  <testcase classname="com.erudex.test.login.LoginTestApache" name="testLogoutWithSession" time="0.312"/>
  <testcase classname="com.erudex.test.login.LoginTestApache" name="testLoginWithSession" time="0.355"/>
  <testcase classname="com.erudex.test.login.LoginTestApache" name="testLogin" time="0.361"/>
  <testcase classname="com.erudex.test.login.LoginTestApache" name="testLogin" time="0.367"/>
  <testcase classname="com.erudex.test.login.LoginTestApache" name="testLoginWithSession" time="0.343"/>
  <testcase classname="com.erudex.test.login.LoginTestApache" name="testLogoutWithSession" time="0.702"/>
  <testcase classname="com.erudex.test.login.LoginTestApache" name="testLogoutWithSession" time="0.346"/>
  <testcase classname="com.erudex.test.login.LoginTestApache" name="testLogin" time="0.357"/>
  <testcase classname="com.erudex.test.login.LoginTestApache" name="testLogin" time="0.361"/>
  <testcase classname="com.erudex.test.login.LoginTestApache" name="testLogin" time="0.366"/>
  <testcase classname="com.erudex.test.login.LoginTestApache" name="testLoginWithSession" time="0.348"/>
  <testcase classname="com.erudex.test.login.LoginTestApache" name="testLoginWithSession" time="0.359"/>
  <testcase classname="com.erudex.test.login.LoginTestApache" name="testLogoutWithSession" time="0.357"/>
  <testcase classname="com.erudex.test.login.LoginTestApache" name="testLogin" time="0.383"/>
  <testcase classname="com.erudex.test.login.LoginTestApache" name="testLoginWithSession" time="0.371"/>
  <testcase classname="com.erudex.test.login.LoginTestApache" name="testLoginWithSession" time="0.356"/>
  <testcase classname="com.erudex.test.login.LoginTestApache" name="testLogoutWithSession" time="0.451"/>
  <testcase classname="com.erudex.test.login.LoginTestApache" name="testLogoutWithSession" time="0.308"/>
  <testcase classname="com.erudex.test.login.LoginTestApache" name="testLogoutWithSession" time="0.357"/>
  <testcase classname="com.erudex.test.login.LoginTestApache" name="testLogoutWithSession" time="0.357"/>
  <testcase classname="com.erudex.test.login.LoginTestApache" name="testLogin" time="0.316"/>
  <testcase classname="com.erudex.test.login.LoginTestApache" name="testLogoutWithSession" time="0.397"/>
  <testcase classname="com.erudex.test.login.LoginTestApache" name="testLogin" time="0.434"/>
  <testcase classname="com.erudex.test.login.LoginTestApache" name="testLoginWithSession" time="0.352"/>
  <testcase classname="com.erudex.test.login.LoginTestApache" name="testLogoutWithSession" time="0.356"/>
  <testcase classname="com.erudex.test.login.LoginTestApache" name="testLogin" time="0.389"/>
  <testcase classname="com.erudex.test.login.LoginTestApache" name="testLoginWithSession" time="0.363"/>
  <testcase classname="com.erudex.test.login.LoginTestApache" name="testLoginWithSession" time="0.490"/>
  <testcase classname="com.erudex.test.login.LoginTestApache" name="testLogin" time="0.374"/>
  <testcase classname="com.erudex.test.login.LoginTestApache" name="testLoginWithSession" time="0.355"/>
  <testcase classname="com.erudex.test.login.LoginTestApache" name="testLoginWithSession" time="0.321"/>
  <testcase classname="com.erudex.test.login.LoginTestApache" name="testLoginWithSession" time="0.352"/>
  <testcase classname="com.erudex.test.login.LoginTestApache" name="testLogoutWithSession" time="0.350"/>
  <testcase classname="com.erudex.test.login.LoginTestApache" name="testLogoutWithSession" time="0.352"/>
  <testcase classname="com.erudex.test.login.LoginTestApache" name="testLogoutWithSession" time="0.368"/>
  <testcase classname="com.erudex.test.login.LoginTestApache" name="testLoginWithSession" time="0.775"/>
  <testcase classname="com.erudex.test.login.LoginTestApache" name="testLogin" time="0.358"/>
  <testcase classname="com.erudex.test.login.LoginTestApache" name="testLoginWithSession" time="0.333"/>
  <testcase classname="com.erudex.test.login.LoginTestApache" name="testLoginWithSession" time="0.300"/>
  <testcase classname="com.erudex.test.login.LoginTestApache" name="testLoginWithSession" time="0.354"/>
  <testcase classname="com.erudex.test.login.LoginTestApache" name="testLoginWithSession" time="0.353"/>
  <testcase classname="com.erudex.test.login.LoginTestApache" name="testLogin" time="0.380"/>
  <testcase classname="com.erudex.test.login.LoginTestApache" name="testLogin" time="0.359"/>
  <testcase classname="com.erudex.test.login.LoginTestApache" name="testLogin" time="0.363"/>
  <testcase classname="com.erudex.test.login.LoginTestApache" name="testLoginWithSession" time="0.358"/>
  <testcase classname="com.erudex.test.login.LoginTestApache" name="testLogin" time="0.313"/>
  <testcase classname="com.erudex.test.login.LoginTestApache" name="testLogoutWithSession" time="0.349"/>
  <testcase classname="com.erudex.test.login.LoginTestApache" name="testLogoutWithSession" time="0.358"/>
  <testcase classname="com.erudex.test.login.LoginTestApache" name="testLoginWithSession" time="0.361"/>
  <testcase classname="com.erudex.test.login.LoginTestApache" name="testLogin" time="0.367"/>
  <testcase classname="com.erudex.test.login.LoginTestApache" name="testLoginWithSession" time="0.350"/>
  <testcase classname="com.erudex.test.login.LoginTestApache" name="testLogin" time="0.357"/>
  <testcase classname="com.erudex.test.login.LoginTestApache" name="testLogin" time="0.358"/>
  <testcase classname="com.erudex.test.login.LoginTestApache" name="testLogoutWithSession" time="0.357"/>
  <testcase classname="com.erudex.test.login.LoginTestApache" name="testLogoutWithSession" time="0.315"/>
  <testcase classname="com.erudex.test.login.LoginTestApache" name="testLogoutWithSession" time="0.355"/>
  <testcase classname="com.erudex.test.login.LoginTestApache" name="testLogin" time="0.400"/>
  <testcase classname="com.erudex.test.login.LoginTestApache" name="testLogoutWithSession" time="0.356"/>
  <testcase classname="com.erudex.test.login.LoginTestApache" name="testLogoutWithSession" time="0.499"/>
  <testcase classname="com.erudex.test.login.LoginTestApache" name="testLoginWithSession" time="0.363"/>
  <testcase classname="com.erudex.test.login.LoginTestApache" name="testLogin" time="0.360"/>
  <testcase classname="com.erudex.test.login.LoginTestApache" name="testLogin" time="0.367"/>
  <testcase classname="com.erudex.test.login.LoginTestApache" name="testLogoutWithSession" time="0.297"/>
  <testcase classname="com.erudex.test.login.LoginTestApache" name="testLogin" time="0.364"/>
  <testcase classname="com.erudex.test.login.LoginTestApache" name="testLoginWithSession" time="0.358"/>
  <testcase classname="com.erudex.test.login.LoginTestApache" name="testLogoutWithSession" time="0.310"/>
  <testcase classname="com.erudex.test.login.LoginTestApache" name="testLogoutWithSession" time="0.301"/>
  <testcase classname="com.erudex.test.login.LoginTestApache" name="testLoginWithSession" time="0.309"/>
  <testcase classname="com.erudex.test.login.LoginTestApache" name="testLoginWithSession" time="0.360"/>
  <testcase classname="com.erudex.test.login.LoginTestApache" name="testLogin" time="0.362"/>
  <testcase classname="com.erudex.test.login.LoginTestApache" name="testLoginWithSession" time="0.308"/>
  <testcase classname="com.erudex.test.login.LoginTestApache" name="testLogin" time="0.356"/>
  <testcase classname="com.erudex.test.login.LoginTestApache" name="testLogin" time="0.304"/>
  <testcase classname="com.erudex.test.login.LoginTestApache" name="testLogin" time="0.757"/>
  <testcase classname="com.erudex.test.login.LoginTestApache" name="testLoginWithSession" time="0.351"/>
  <testcase classname="com.erudex.test.login.LoginTestApache" name="testLogoutWithSession" time="0.343"/>
  <testcase classname="com.erudex.test.login.LoginTestApache" name="testLogin" time="0.357"/>
  <testcase classname="com.erudex.test.login.LoginTestApache" name="testLogin" time="0.307"/>
  <testcase classname="com.erudex.test.login.LoginTestApache" name="testLogoutWithSession" time="0.432"/>
  <testcase classname="com.erudex.test.login.LoginTestApache" name="testLogoutWithSession" time="0.307"/>
  <testcase classname="com.erudex.test.login.LoginTestApache" name="testLogin" time="0.364"/>
  <testcase classname="com.erudex.test.login.LoginTestApache" name="testLogin" time="0.312"/>
  <testcase classname="com.erudex.test.login.LoginTestApache" name="testLogoutWithSession" time="0.438"/>
  <testcase classname="com.erudex.test.login.LoginTestApache" name="testLogin" time="0.362"/>
  <testcase classname="com.erudex.test.login.LoginTestApache" name="testLogoutWithSession" time="0.310"/>
  <testcase classname="com.erudex.test.login.LoginTestApache" name="testLogin" time="0.375"/>
  <testcase classname="com.erudex.test.login.LoginTestApache" name="testLoginWithSession" time="0.354"/>
  <testcase classname="com.erudex.test.login.LoginTestApache" name="testLoginWithSession" time="0.304"/>
  <testcase classname="com.erudex.test.login.LoginTestApache" name="testLoginWithSession" time="0.306"/>
  <testcase classname="com.erudex.test.login.LoginTestApache" name="testLogoutWithSession" time="0.350"/>
  <testcase classname="com.erudex.test.login.LoginTestApache" name="testLogoutWithSession" time="0.320"/>
  <testcase classname="com.erudex.test.login.LoginTestApache" name="testLoginWithSession" time="0.304"/>
  <testcase classname="com.erudex.test.login.LoginTestApache" name="testLogin" time="0.306"/>
  <testcase classname="com.erudex.test.login.LoginTestApache" name="testLogin" time="0.370"/>
  <testcase classname="com.erudex.test.login.LoginTestApache" name="testLogin" time="0.311"/>
  <testcase classname="com.erudex.test.login.LoginTestApache" name="testLoginWithSession" time="0.307"/>
  <testcase classname="com.erudex.test.login.LoginTestApache" name="testLoginWithSession" time="0.324"/>
  <testcase classname="com.erudex.test.login.LoginTestApache" name="testLoginWithSession" time="0.306"/>
  <testcase classname="com.erudex.test.login.LoginTestApache" name="testLoginWithSession" time="0.364"/>
  <testcase classname="com.erudex.test.login.LoginTestApache" name="testLogoutWithSession" time="0.360"/>
  <testcase classname="com.erudex.test.login.LoginTestApache" name="testLogoutWithSession" time="0.372"/>
  <testcase classname="com.erudex.test.login.LoginTestApache" name="testLogin" time="0.354"/>
  <testcase classname="com.erudex.test.login.LoginTestApache" name="testLogin" time="0.361"/>
  <testcase classname="com.erudex.test.login.LoginTestApache" name="testLoginWithSession" time="0.353"/>
  <testcase classname="com.erudex.test.login.LoginTestApache" name="testLogin" time="0.307"/>
  <testcase classname="com.erudex.test.login.LoginTestApache" name="testLoginWithSession" time="0.360"/>
  <testcase classname="com.erudex.test.login.LoginTestApache" name="testLoginWithSession" time="0.349"/>
  <testcase classname="com.erudex.test.login.LoginTestApache" name="testLoginWithSession" time="0.333"/>
  <testcase classname="com.erudex.test.login.LoginTestApache" name="testLoginWithSession" time="0.335"/>
  <testcase classname="com.erudex.test.login.LoginTestApache" name="testLogoutWithSession" time="0.356"/>
  <testcase classname="com.erudex.test.login.LoginTestApache" name="testLoginWithSession" time="0.355"/>
  <testcase classname="com.erudex.test.login.LoginTestApache" name="testLoginWithSession" time="0.368"/>
  <testcase classname="com.erudex.test.login.LoginTestApache" name="testLogin" time="0.354"/>
  <testcase classname="com.erudex.test.login.LoginTestApache" name="testLogoutWithSession" time="0.352"/>
  <testcase classname="com.erudex.test.login.LoginTestApache" name="testLogin" time="0.361"/>
  <testcase classname="com.erudex.test.login.LoginTestApache" name="testLogoutWithSession" time="0.350"/>
  <testcase classname="com.erudex.test.login.LoginTestApache" name="testLoginWithSession" time="0.357"/>
  <testcase classname="com.erudex.test.login.LoginTestApache" name="testLogoutWithSession" time="0.359"/>
  <testcase classname="com.erudex.test.login.LoginTestApache" name="testLogoutWithSession" time="0.356"/>
  <testcase classname="com.erudex.test.login.LoginTestApache" name="testLogoutWithSession" time="0.303"/>
  <testcase classname="com.erudex.test.login.LoginTestApache" name="testLogoutWithSession" time="0.364"/>
  <testcase classname="com.erudex.test.login.LoginTestApache" name="testLogoutWithSession" time="0.355"/>
  <testcase classname="com.erudex.test.login.LoginTestApache" name="testLoginWithSession" time="0.349"/>
  <testcase classname="com.erudex.test.login.LoginTestApache" name="testLoginWithSession" time="0.304"/>
  <testcase classname="com.erudex.test.login.LoginTestApache" name="testLogin" time="0.368"/>
  <testcase classname="com.erudex.test.login.LoginTestApache" name="testLogin" time="0.313"/>
  <testcase classname="com.erudex.test.login.LoginTestApache" name="testLogin" time="0.310"/>
  <testcase classname="com.erudex.test.login.LoginTestApache" name="testLogoutWithSession" time="0.323"/>
  <testcase classname="com.erudex.test.login.LoginTestApache" name="testLoginWithSession" time="0.347"/>
  <testcase classname="com.erudex.test.login.LoginTestApache" name="testLogoutWithSession" time="0.347"/>
  <testcase classname="com.erudex.test.login.LoginTestApache" name="testLogoutWithSession" time="0.308"/>
  <testcase classname="com.erudex.test.login.LoginTestApache" name="testLogin" time="0.315"/>
  <testcase classname="com.erudex.test.login.LoginTestApache" name="testLoginWithSession" time="0.343"/>
  <testcase classname="com.erudex.test.login.LoginTestApache" name="testLoginWithSession" time="0.357"/>
  <testcase classname="com.erudex.test.login.LoginTestApache" name="testLogin" time="0.356"/>
  <testcase classname="com.erudex.test.login.LoginTestApache" name="testLogoutWithSession" time="0.356"/>
  <testcase classname="com.erudex.test.login.LoginTestApache" name="testLogin" time="0.310"/>
  <testcase classname="com.erudex.test.login.LoginTestApache" name="testLogoutWithSession" time="0.306"/>
  <testcase classname="com.erudex.test.login.LoginTestApache" name="testLoginWithSession" time="0.366"/>
  <testcase classname="com.erudex.test.login.LoginTestApache" name="testLoginWithSession" time="0.448"/>
  <testcase classname="com.erudex.test.login.LoginTestApache" name="testLogoutWithSession" time="0.310"/>
  <testcase classname="com.erudex.test.login.LoginTestApache" name="testLogin" time="0.364"/>
  <testcase classname="com.erudex.test.login.LoginTestApache" name="testLoginWithSession" time="0.380"/>
  <testcase classname="com.erudex.test.login.LoginTestApache" name="testLogin" time="0.336"/>
  <testcase classname="com.erudex.test.login.LoginTestApache" name="testLogin" time="0.330"/>
  <testcase classname="com.erudex.test.login.LoginTestApache" name="testLogoutWithSession" time="0.357"/>
  <testcase classname="com.erudex.test.login.LoginTestApache" name="testLoginWithSession" time="0.367"/>
  <testcase classname="com.erudex.test.login.LoginTestApache" name="testLogoutWithSession" time="0.305"/>
  <testcase classname="com.erudex.test.login.LoginTestApache" name="testLoginWithSession" time="0.366"/>
  <testcase classname="com.erudex.test.login.LoginTestApache" name="testLogin" time="0.329"/>
  <testcase classname="com.erudex.test.login.LoginTestApache" name="testLoginWithSession" time="0.352"/>
  <testcase classname="com.erudex.test.login.LoginTestApache" name="testLogoutWithSession" time="0.349"/>
  <testcase classname="com.erudex.test.login.LoginTestApache" name="testLoginWithSession" time="0.358"/>
  <testcase classname="com.erudex.test.login.LoginTestApache" name="testLoginWithSession" time="0.344"/>
  <testcase classname="com.erudex.test.login.LoginTestApache" name="testLoginWithSession" time="0.306"/>
  <testcase classname="com.erudex.test.login.LoginTestApache" name="testLogin" time="0.369"/>
  <testcase classname="com.erudex.test.login.LoginTestApache" name="testLogoutWithSession" time="0.733"/>
  <testcase classname="com.erudex.test.login.LoginTestApache" name="testLogin" time="0.361"/>
  <testcase classname="com.erudex.test.login.LoginTestApache" name="testLogin" time="0.324"/>
  <testcase classname="com.erudex.test.login.LoginTestApache" name="testLogin" time="0.357"/>
  <testcase classname="com.erudex.test.login.LoginTestApache" name="testLogin" time="0.351"/>
  <testcase classname="com.erudex.test.login.LoginTestApache" name="testLogoutWithSession" time="0.352"/>
  <testcase classname="com.erudex.test.login.LoginTestApache" name="testLoginWithSession" time="0.343"/>
  <testcase classname="com.erudex.test.login.LoginTestApache" name="testLoginWithSession" time="0.312"/>
  <testcase classname="com.erudex.test.login.LoginTestApache" name="testLoginWithSession" time="0.304"/>
  <testcase classname="com.erudex.test.login.LoginTestApache" name="testLogin" time="0.313"/>
  <testcase classname="com.erudex.test.login.LoginTestApache" name="testLogin" time="0.320"/>
  <testcase classname="com.erudex.test.login.LoginTestApache" name="testLoginWithSession" time="0.357"/>
  <testcase classname="com.erudex.test.login.LoginTestApache" name="testLogin" time="0.361"/>
  <testcase classname="com.erudex.test.login.LoginTestApache" name="testLogin" time="0.352"/>
  <testcase classname="com.erudex.test.login.LoginTestApache" name="testLoginWithSession" time="0.340"/>
  <testcase classname="com.erudex.test.login.LoginTestApache" name="testLogoutWithSession" time="0.308"/>
  <testcase classname="com.erudex.test.login.LoginTestApache" name="testLoginWithSession" time="0.302"/>
  <testcase classname="com.erudex.test.login.LoginTestApache" name="testLogin" time="0.310"/>
  <testcase classname="com.erudex.test.login.LoginTestApache" name="testLoginWithSession" time="0.309"/>
  <testcase classname="com.erudex.test.login.LoginTestApache" name="testLogin" time="0.365"/>
  <testcase classname="com.erudex.test.login.LoginTestApache" name="testLogin" time="0.363"/>
  <testcase classname="com.erudex.test.login.LoginTestApache" name="testLoginWithSession" time="0.358"/>
  <testcase classname="com.erudex.test.login.LoginTestApache" name="testLogin" time="0.344"/>
  <testcase classname="com.erudex.test.login.LoginTestApache" name="testLogin" time="0.365"/>
  <testcase classname="com.erudex.test.login.LoginTestApache" name="testLogin" time="0.372"/>
  <testcase classname="com.erudex.test.login.LoginTestApache" name="testLoginWithSession" time="0.369"/>
  <testcase classname="com.erudex.test.login.LoginTestApache" name="testLoginWithSession" time="0.399"/>
  <testcase classname="com.erudex.test.login.LoginTestApache" name="testLogin" time="0.339"/>
  <testcase classname="com.erudex.test.login.LoginTestApache" name="testLogin" time="0.361"/>
  <testcase classname="com.erudex.test.login.LoginTestApache" name="testLogoutWithSession" time="0.349"/>
  <testcase classname="com.erudex.test.login.LoginTestApache" name="testLoginWithSession" time="0.355"/>
  <testcase classname="com.erudex.test.login.LoginTestApache" name="testLoginWithSession" time="0.303"/>
  <testcase classname="com.erudex.test.login.LoginTestApache" name="testLoginWithSession" time="0.356"/>
  <testcase classname="com.erudex.test.login.LoginTestApache" name="testLogin" time="0.362"/>
  <testcase classname="com.erudex.test.login.LoginTestApache" name="testLoginWithSession" time="0.303"/>
  <testcase classname="com.erudex.test.login.LoginTestApache" name="testLogoutWithSession" time="0.311"/>
  <testcase classname="com.erudex.test.login.LoginTestApache" name="testLogoutWithSession" time="0.348"/>
  <testcase classname="com.erudex.test.login.LoginTestApache" name="testLogin" time="0.364"/>
  <testcase classname="com.erudex.test.login.LoginTestApache" name="testLogoutWithSession" time="0.388"/>
  <testcase classname="com.erudex.test.login.LoginTestApache" name="testLoginWithSession" time="0.315"/>
  <testcase classname="com.erudex.test.login.LoginTestApache" name="testLogin" time="0.308"/>
  <testcase classname="com.erudex.test.login.LoginTestApache" name="testLoginWithSession" time="0.307"/>
  <testcase classname="com.erudex.test.login.LoginTestApache" name="testLogoutWithSession" time="0.309"/>
  <testcase classname="com.erudex.test.login.LoginTestApache" name="testLogin" time="0.315"/>
  <testcase classname="com.erudex.test.login.LoginTestApache" name="testLogin" time="0.319"/>
  <testcase classname="com.erudex.test.login.LoginTestApache" name="testLoginWithSession" time="0.312"/>
  <testcase classname="com.erudex.test.login.LoginTestApache" name="testLoginWithSession" time="0.357"/>
  <testcase classname="com.erudex.test.login.LoginTestApache" name="testLoginWithSession" time="0.368"/>
  <testcase classname="com.erudex.test.login.LoginTestApache" name="testLogin" time="0.365"/>
  <testcase classname="com.erudex.test.login.LoginTestApache" name="testLoginWithSession" time="0.355"/>
  <testcase classname="com.erudex.test.login.LoginTestApache" name="testLogin" time="0.355"/>
  <testcase classname="com.erudex.test.login.LoginTestApache" name="testLogin" time="0.313"/>
  <testcase classname="com.erudex.test.login.LoginTestApache" name="testLoginWithSession" time="0.355"/>
  <testcase classname="com.erudex.test.login.LoginTestApache" name="testLoginWithSession" time="0.303"/>
  <testcase classname="com.erudex.test.login.LoginTestApache" name="testLogoutWithSession" time="0.356"/>
  <testcase classname="com.erudex.test.login.LoginTestApache" name="testLogoutWithSession" time="0.313"/>
  <testcase classname="com.erudex.test.login.LoginTestApache" name="testLogin" time="0.369"/>
  <testcase classname="com.erudex.test.login.LoginTestApache" name="testLogoutWithSession" time="0.352"/>
  <testcase classname="com.erudex.test.login.LoginTestApache" name="testLoginWithSession" time="0.308"/>
  <testcase classname="com.erudex.test.login.LoginTestApache" name="testLogin" time="0.313"/>
  <testcase classname="com.erudex.test.login.LoginTestApache" name="testLogoutWithSession" time="0.365"/>
  <testcase classname="com.erudex.test.login.LoginTestApache" name="testLogoutWithSession" time="0.361"/>
  <testcase classname="com.erudex.test.login.LoginTestApache" name="testLogoutWithSession" time="0.428"/>
  <testcase classname="com.erudex.test.login.LoginTestApache" name="testLoginWithSession" time="0.318"/>
  <testcase classname="com.erudex.test.login.LoginTestApache" name="testLogin" time="0.365"/>
  <testcase classname="com.erudex.test.login.LoginTestApache" name="testLogin" time="0.354"/>
  <testcase classname="com.erudex.test.login.LoginTestApache" name="testLogoutWithSession" time="0.352"/>
  <testcase classname="com.erudex.test.login.LoginTestApache" name="testLoginWithSession" time="0.351"/>
  <testcase classname="com.erudex.test.login.LoginTestApache" name="testLogoutWithSession" time="0.535"/>
  <testcase classname="com.erudex.test.login.LoginTestApache" name="testLoginWithSession" time="0.346"/>
  <testcase classname="com.erudex.test.login.LoginTestApache" name="testLoginWithSession" time="0.351"/>
  <testcase classname="com.erudex.test.login.LoginTestApache" name="testLogin" time="0.332"/>
  <testcase classname="com.erudex.test.login.LoginTestApache" name="testLogin" time="0.357"/>
  <testcase classname="com.erudex.test.login.LoginTestApache" name="testLoginWithSession" time="0.347"/>
  <testcase classname="com.erudex.test.login.LoginTestApache" name="testLogoutWithSession" time="0.367"/>
  <testcase classname="com.erudex.test.login.LoginTestApache" name="testLogoutWithSession" time="0.351"/>
  <testcase classname="com.erudex.test.login.LoginTestApache" name="testLoginWithSession" time="0.352"/>
  <testcase classname="com.erudex.test.login.LoginTestApache" name="testLogoutWithSession" time="0.311"/>
  <testcase classname="com.erudex.test.login.LoginTestApache" name="testLogoutWithSession" time="0.306"/>
  <testcase classname="com.erudex.test.login.LoginTestApache" name="testLogin" time="0.356"/>
  <testcase classname="com.erudex.test.login.LoginTestApache" name="testLoginWithSession" time="0.350"/>
  <testcase classname="com.erudex.test.login.LoginTestApache" name="testLoginWithSession" time="0.352"/>
  <testcase classname="com.erudex.test.login.LoginTestApache" name="testLogin" time="0.363"/>
  <testcase classname="com.erudex.test.login.LoginTestApache" name="testLogoutWithSession" time="0.318"/>
  <testcase classname="com.erudex.test.login.LoginTestApache" name="testLoginWithSession" time="0.359"/>
  <testcase classname="com.erudex.test.login.LoginTestApache" name="testLogin" time="0.362"/>
  <testcase classname="com.erudex.test.login.LoginTestApache" name="testLoginWithSession" time="0.312"/>
  <testcase classname="com.erudex.test.login.LoginTestApache" name="testLogoutWithSession" time="0.316"/>
  <testcase classname="com.erudex.test.login.LoginTestApache" name="testLogin" time="0.477"/>
  <testcase classname="com.erudex.test.login.LoginTestApache" name="testLogoutWithSession" time="0.420"/>
  <testcase classname="com.erudex.test.login.LoginTestApache" name="testLoginWithSession" time="0.351"/>
  <testcase classname="com.erudex.test.login.LoginTestApache" name="testLogin" time="0.355"/>
  <testcase classname="com.erudex.test.login.LoginTestApache" name="testLogin" time="0.354"/>
  <testcase classname="com.erudex.test.login.LoginTestApache" name="testLoginWithSession" time="0.339"/>
  <testcase classname="com.erudex.test.login.LoginTestApache" name="testLogin" time="0.436"/>
  <testcase classname="com.erudex.test.login.LoginTestApache" name="testLogin" time="0.368"/>
  <testcase classname="com.erudex.test.login.LoginTestApache" name="testLoginWithSession" time="0.740"/>
  <testcase classname="com.erudex.test.login.LoginTestApache" name="testLoginWithSession" time="0.311"/>
  <testcase classname="com.erudex.test.login.LoginTestApache" name="testLoginWithSession" time="0.362"/>
  <testcase classname="com.erudex.test.login.LoginTestApache" name="testLogoutWithSession" time="0.303"/>
  <testcase classname="com.erudex.test.login.LoginTestApache" name="testLoginWithSession" time="0.350"/>
  <testcase classname="com.erudex.test.login.LoginTestApache" name="testLogoutWithSession" time="0.345"/>
  <testcase classname="com.erudex.test.login.LoginTestApache" name="testLogoutWithSession" time="0.304"/>
  <testcase classname="com.erudex.test.login.LoginTestApache" name="testLogoutWithSession" time="0.299"/>
  <testcase classname="com.erudex.test.login.LoginTestApache" name="testLoginWithSession" time="0.308"/>
  <testcase classname="com.erudex.test.login.LoginTestApache" name="testLoginWithSession" time="0.352"/>
  <testcase classname="com.erudex.test.login.LoginTestApache" name="testLogoutWithSession" time="0.374"/>
  <testcase classname="com.erudex.test.login.LoginTestApache" name="testLogin" time="0.361"/>
  <testcase classname="com.erudex.test.login.LoginTestApache" name="testLoginWithSession" time="0.306"/>
  <testcase classname="com.erudex.test.login.LoginTestApache" name="testLogoutWithSession" time="0.318"/>
  <testcase classname="com.erudex.test.login.LoginTestApache" name="testLogin" time="0.397"/>
  <testcase classname="com.erudex.test.login.LoginTestApache" name="testLoginWithSession" time="0.305"/>
  <testcase classname="com.erudex.test.login.LoginTestApache" name="testLogoutWithSession" time="0.349"/>
  <testcase classname="com.erudex.test.login.LoginTestApache" name="testLoginWithSession" time="0.344"/>
  <testcase classname="com.erudex.test.login.LoginTestApache" name="testLogoutWithSession" time="0.362"/>
  <testcase classname="com.erudex.test.login.LoginTestApache" name="testLogoutWithSession" time="0.346"/>
  <testcase classname="com.erudex.test.login.LoginTestApache" name="testLoginWithSession" time="0.362"/>
  <testcase classname="com.erudex.test.login.LoginTestApache" name="testLoginWithSession" time="0.329"/>
  <testcase classname="com.erudex.test.login.LoginTestApache" name="testLogoutWithSession" time="0.358"/>
  <testcase classname="com.erudex.test.login.LoginTestApache" name="testLoginWithSession" time="0.355"/>
  <testcase classname="com.erudex.test.login.LoginTestApache" name="testLogoutWithSession" time="0.361"/>
  <testcase classname="com.erudex.test.login.LoginTestApache" name="testLogin" time="0.319"/>
  <testcase classname="com.erudex.test.login.LoginTestApache" name="testLogin" time="0.318"/>
  <testcase classname="com.erudex.test.login.LoginTestApache" name="testLogin" time="0.315"/>
  <testcase classname="com.erudex.test.login.LoginTestApache" name="testLoginWithSession" time="0.345"/>
  <testcase classname="com.erudex.test.login.LoginTestApache" name="testLogin" time="0.337"/>
  <testcase classname="com.erudex.test.login.LoginTestApache" name="testLoginWithSession" time="0.358"/>
  <testcase classname="com.erudex.test.login.LoginTestApache" name="testLoginWithSession" time="0.360"/>
  <testcase classname="com.erudex.test.login.LoginTestApache" name="testLogin" time="0.355"/>
  <testcase classname="com.erudex.test.login.LoginTestApache" name="testLogoutWithSession" time="0.548"/>
  <testcase classname="com.erudex.test.login.LoginTestApache" name="testLogin" time="0.326"/>
  <testcase classname="com.erudex.test.login.LoginTestApache" name="testLoginWithSession" time="0.359"/>
  <testcase classname="com.erudex.test.login.LoginTestApache" name="testLogin" time="0.318"/>
  <testcase classname="com.erudex.test.login.LoginTestApache" name="testLogoutWithSession" time="0.356"/>
  <testcase classname="com.erudex.test.login.LoginTestApache" name="testLoginWithSession" time="0.303"/>
  <testcase classname="com.erudex.test.login.LoginTestApache" name="testLogin" time="0.333"/>
  <testcase classname="com.erudex.test.login.LoginTestApache" name="testLogin" time="0.371"/>
  <testcase classname="com.erudex.test.login.LoginTestApache" name="testLogoutWithSession" time="0.352"/>
  <testcase classname="com.erudex.test.login.LoginTestApache" name="testLogoutWithSession" time="0.344"/>
  <testcase classname="com.erudex.test.login.LoginTestApache" name="testLoginWithSession" time="0.356"/>
  <testcase classname="com.erudex.test.login.LoginTestApache" name="testLogoutWithSession" time="0.308"/>
  <testcase classname="com.erudex.test.login.LoginTestApache" name="testLoginWithSession" time="0.305"/>
  <testcase classname="com.erudex.test.login.LoginTestApache" name="testLogoutWithSession" time="0.316"/>
  <testcase classname="com.erudex.test.login.LoginTestApache" name="testLogin" time="0.600"/>
  <testcase classname="com.erudex.test.login.LoginTestApache" name="testLogin" time="0.360"/>
  <testcase classname="com.erudex.test.login.LoginTestApache" name="testLogoutWithSession" time="0.356"/>
  <testcase classname="com.erudex.test.login.LoginTestApache" name="testLoginWithSession" time="0.357"/>
  <testcase classname="com.erudex.test.login.LoginTestApache" name="testLogoutWithSession" time="0.370"/>
  <testcase classname="com.erudex.test.login.LoginTestApache" name="testLoginWithSession" time="0.311"/>
  <testcase classname="com.erudex.test.login.LoginTestApache" name="testLoginWithSession" time="0.364"/>
  <testcase classname="com.erudex.test.login.LoginTestApache" name="testLogin" time="0.449"/>
  <testcase classname="com.erudex.test.login.LoginTestApache" name="testLogin" time="0.354"/>
  <testcase classname="com.erudex.test.login.LoginTestApache" name="testLoginWithSession" time="0.352"/>
  <testcase classname="com.erudex.test.login.LoginTestApache" name="testLogin" time="0.371"/>
  <testcase classname="com.erudex.test.login.LoginTestApache" name="testLogin" time="0.367"/>
  <testcase classname="com.erudex.test.login.LoginTestApache" name="testLogoutWithSession" time="0.344"/>
  <testcase classname="com.erudex.test.login.LoginTestApache" name="testLogoutWithSession" time="0.359"/>
  <testcase classname="com.erudex.test.login.LoginTestApache" name="testLoginWithSession" time="0.352"/>
  <testcase classname="com.erudex.test.login.LoginTestApache" name="testLoginWithSession" time="0.359"/>
  <testcase classname="com.erudex.test.login.LoginTestApache" name="testLogoutWithSession" time="0.358"/>
  <testcase classname="com.erudex.test.login.LoginTestApache" name="testLogoutWithSession" time="0.359"/>
  <testcase classname="com.erudex.test.login.LoginTestApache" name="testLogoutWithSession" time="0.352"/>
  <testcase classname="com.erudex.test.login.LoginTestApache" name="testLogin" time="0.756"/>
  <testcase classname="com.erudex.test.login.LoginTestApache" name="testLogin" time="0.709"/>
  <testcase classname="com.erudex.test.login.LoginTestApache" name="testLoginWithSession" time="0.300"/>
  <testcase classname="com.erudex.test.login.LoginTestApache" name="testLogin" time="0.420"/>
  <testcase classname="com.erudex.test.login.LoginTestApache" name="testLoginWithSession" time="0.348"/>
  <testcase classname="com.erudex.test.login.LoginTestApache" name="testLogoutWithSession" time="0.361"/>
  <testcase classname="com.erudex.test.login.LoginTestApache" name="testLogoutWithSession" time="0.310"/>
  <testcase classname="com.erudex.test.login.LoginTestApache" name="testLogin" time="0.383"/>
  <testcase classname="com.erudex.test.login.LoginTestApache" name="testLogin" time="0.359"/>
  <testcase classname="com.erudex.test.login.LoginTestApache" name="testLogoutWithSession" time="0.312"/>
  <testcase classname="com.erudex.test.login.LoginTestApache" name="testLogin" time="0.323"/>
  <testcase classname="com.erudex.test.login.LoginTestApache" name="testLoginWithSession" time="0.352"/>
  <testcase classname="com.erudex.test.login.LoginTestApache" name="testLogin" time="0.374"/>
  <testcase classname="com.erudex.test.login.LoginTestApache" name="testLogoutWithSession" time="0.345"/>
  <testcase classname="com.erudex.test.login.LoginTestApache" name="testLogin" time="0.372"/>
  <testcase classname="com.erudex.test.login.LoginTestApache" name="testLogoutWithSession" time="0.358"/>
  <testcase classname="com.erudex.test.login.LoginTestApache" name="testLogoutWithSession" time="0.359"/>
  <testcase classname="com.erudex.test.login.LoginTestApache" name="testLoginWithSession" time="0.352"/>
  <testcase classname="com.erudex.test.login.LoginTestApache" name="testLoginWithSession" time="0.354"/>
  <testcase classname="com.erudex.test.login.LoginTestApache" name="testLogoutWithSession" time="0.349"/>
  <testcase classname="com.erudex.test.login.LoginTestApache" name="testLogoutWithSession" time="0.306"/>
  <testcase classname="com.erudex.test.login.LoginTestApache" name="testLoginWithSession" time="0.308"/>
  <testcase classname="com.erudex.test.login.LoginTestApache" name="testLogoutWithSession" time="0.311"/>
  <testcase classname="com.erudex.test.login.LoginTestApache" name="testLogin" time="0.374"/>
  <testcase classname="com.erudex.test.login.LoginTestApache" name="testLogin" time="0.355"/>
  <testcase classname="com.erudex.test.login.LoginTestApache" name="testLoginWithSession" time="0.358"/>
  <testcase classname="com.erudex.test.login.LoginTestApache" name="testLogoutWithSession" time="0.353"/>
  <testcase classname="com.erudex.test.login.LoginTestApache" name="testLoginWithSession" time="0.367"/>
  <testcase classname="com.erudex.test.login.LoginTestApache" name="testLogoutWithSession" time="0.307"/>
  <testcase classname="com.erudex.test.login.LoginTestApache" name="testLogoutWithSession" time="0.318"/>
  <testcase classname="com.erudex.test.login.LoginTestApache" name="testLogin" time="0.319"/>
  <testcase classname="com.erudex.test.login.LoginTestApache" name="testLoginWithSession" time="0.361"/>
  <testcase classname="com.erudex.test.login.LoginTestApache" name="testLogin" time="0.363"/>
  <testcase classname="com.erudex.test.login.LoginTestApache" name="testLoginWithSession" time="0.347"/>
  <testcase classname="com.erudex.test.login.LoginTestApache" name="testLogin" time="0.349"/>
  <testcase classname="com.erudex.test.login.LoginTestApache" name="testLogin" time="0.390"/>
  <testcase classname="com.erudex.test.login.LoginTestApache" name="testLoginWithSession" time="0.351"/>
  <testcase classname="com.erudex.test.login.LoginTestApache" name="testLogin" time="0.354"/>
  <testcase classname="com.erudex.test.login.LoginTestApache" name="testLogin" time="0.312"/>
  <testcase classname="com.erudex.test.login.LoginTestApache" name="testLoginWithSession" time="0.311"/>
  <testcase classname="com.erudex.test.login.LoginTestApache" name="testLogin" time="0.354"/>
  <testcase classname="com.erudex.test.login.LoginTestApache" name="testLogin" time="0.369"/>
  <testcase classname="com.erudex.test.login.LoginTestApache" name="testLogin" time="0.315"/>
  <testcase classname="com.erudex.test.login.LoginTestApache" name="testLogin" time="0.357"/>
  <testcase classname="com.erudex.test.login.LoginTestApache" name="testLoginWithSession" time="0.357"/>
  <testcase classname="com.erudex.test.login.LoginTestApache" name="testLogoutWithSession" time="0.308"/>
  <testcase classname="com.erudex.test.login.LoginTestApache" name="testLogoutWithSession" time="0.350"/>
  <testcase classname="com.erudex.test.login.LoginTestApache" name="testLogoutWithSession" time="0.357"/>
  <testcase classname="com.erudex.test.login.LoginTestApache" name="testLoginWithSession" time="0.348"/>
  <testcase classname="com.erudex.test.login.LoginTestApache" name="testLogoutWithSession" time="0.353"/>
  <testcase classname="com.erudex.test.login.LoginTestApache" name="testLogin" time="0.365"/>
  <testcase classname="com.erudex.test.login.LoginTestApache" name="testLogin" time="0.405"/>
  <testcase classname="com.erudex.test.login.LoginTestApache" name="testLogin" time="0.313"/>
  <testcase classname="com.erudex.test.login.LoginTestApache" name="testLoginWithSession" time="0.357"/>
  <testcase classname="com.erudex.test.login.LoginTestApache" name="testLoginWithSession" time="0.348"/>
  <testcase classname="com.erudex.test.login.LoginTestApache" name="testLoginWithSession" time="0.317"/>
  <testcase classname="com.erudex.test.login.LoginTestApache" name="testLoginWithSession" time="0.358"/>
  <testcase classname="com.erudex.test.login.LoginTestApache" name="testLoginWithSession" time="0.348"/>
  <testcase classname="com.erudex.test.login.LoginTestApache" name="testLogin" time="0.475"/>
  <testcase classname="com.erudex.test.login.LoginTestApache" name="testLogin" time="0.386"/>
  <testcase classname="com.erudex.test.login.LoginTestApache" name="testLoginWithSession" time="0.348"/>
  <testcase classname="com.erudex.test.login.LoginTestApache" name="testLogoutWithSession" time="0.361"/>
  <testcase classname="com.erudex.test.login.LoginTestApache" name="testLogoutWithSession" time="0.368"/>
  <testcase classname="com.erudex.test.login.LoginTestApache" name="testLogoutWithSession" time="0.355"/>
  <testcase classname="com.erudex.test.login.LoginTestApache" name="testLogoutWithSession" time="0.358"/>
  <testcase classname="com.erudex.test.login.LoginTestApache" name="testLoginWithSession" time="0.345"/>
  <testcase classname="com.erudex.test.login.LoginTestApache" name="testLoginWithSession" time="0.356"/>
  <testcase classname="com.erudex.test.login.LoginTestApache" name="testLogoutWithSession" time="0.383"/>
  <testcase classname="com.erudex.test.login.LoginTestApache" name="testLogin" time="0.370"/>
  <testcase classname="com.erudex.test.login.LoginTestApache" name="testLoginWithSession" time="0.353"/>
  <testcase classname="com.erudex.test.login.LoginTestApache" name="testLogin" time="0.318"/>
  <testcase classname="com.erudex.test.login.LoginTestApache" name="testLogin" time="0.370"/>
  <testcase classname="com.erudex.test.login.LoginTestApache" name="testLogin" time="0.316"/>
  <testcase classname="com.erudex.test.login.LoginTestApache" name="testLogin" time="0.385"/>
  <testcase classname="com.erudex.test.login.LoginTestApache" name="testLogin" time="0.323"/>
  <testcase classname="com.erudex.test.login.LoginTestApache" name="testLoginWithSession" time="0.306"/>
  <testcase classname="com.erudex.test.login.LoginTestApache" name="testLoginWithSession" time="0.366"/>
  <testcase classname="com.erudex.test.login.LoginTestApache" name="testLoginWithSession" time="0.311"/>
  <testcase classname="com.erudex.test.login.LoginTestApache" name="testLoginWithSession" time="0.304"/>
  <testcase classname="com.erudex.test.login.LoginTestApache" name="testLogin" time="0.310"/>
  <testcase classname="com.erudex.test.login.LoginTestApache" name="testLogin" time="0.366"/>
  <testcase classname="com.erudex.test.login.LoginTestApache" name="testLogoutWithSession" time="0.347"/>
  <testcase classname="com.erudex.test.login.LoginTestApache" name="testLoginWithSession" time="0.351"/>
  <testcase classname="com.erudex.test.login.LoginTestApache" name="testLoginWithSession" time="0.353"/>
  <testcase classname="com.erudex.test.login.LoginTestApache" name="testLogoutWithSession" time="0.305"/>
  <testcase classname="com.erudex.test.login.LoginTestApache" name="testLogoutWithSession" time="0.304"/>
  <testcase classname="com.erudex.test.login.LoginTestApache" name="testLogoutWithSession" time="0.310"/>
  <testcase classname="com.erudex.test.login.LoginTestApache" name="testLogoutWithSession" time="0.357"/>
  <testcase classname="com.erudex.test.login.LoginTestApache" name="testLogoutWithSession" time="0.407"/>
  <testcase classname="com.erudex.test.login.LoginTestApache" name="testLogin" time="0.308"/>
  <testcase classname="com.erudex.test.login.LoginTestApache" name="testLogin" time="0.385"/>
  <testcase classname="com.erudex.test.login.LoginTestApache" name="testLogin" time="0.366"/>
  <testcase classname="com.erudex.test.login.LoginTestApache" name="testLogin" time="0.352"/>
  <testcase classname="com.erudex.test.login.LoginTestApache" name="testLogin" time="0.416"/>
  <testcase classname="com.erudex.test.login.LoginTestApache" name="testLogoutWithSession" time="0.306"/>
  <testcase classname="com.erudex.test.login.LoginTestApache" name="testLogoutWithSession" time="0.354"/>
  <testcase classname="com.erudex.test.login.LoginTestApache" name="testLogoutWithSession" time="0.350"/>
  <testcase classname="com.erudex.test.login.LoginTestApache" name="testLogin" time="0.366"/>
  <testcase classname="com.erudex.test.login.LoginTestApache" name="testLogin" time="0.354"/>
  <testcase classname="com.erudex.test.login.LoginTestApache" name="testLogin" time="0.358"/>
  <testcase classname="com.erudex.test.login.LoginTestApache" name="testLogoutWithSession" time="0.310"/>
  <testcase classname="com.erudex.test.login.LoginTestApache" name="testLogoutWithSession" time="0.359"/>
  <testcase classname="com.erudex.test.login.LoginTestApache" name="testLoginWithSession" time="0.353"/>
  <testcase classname="com.erudex.test.login.LoginTestApache" name="testLogin" time="0.359"/>
  <testcase classname="com.erudex.test.login.LoginTestApache" name="testLogoutWithSession" time="0.360"/>
  <testcase classname="com.erudex.test.login.LoginTestApache" name="testLoginWithSession" time="0.302"/>
  <testcase classname="com.erudex.test.login.LoginTestApache" name="testLogoutWithSession" time="0.310"/>
  <testcase classname="com.erudex.test.login.LoginTestApache" name="testLoginWithSession" time="0.307"/>
  <testcase classname="com.erudex.test.login.LoginTestApache" name="testLogoutWithSession" time="0.362"/>
  <testcase classname="com.erudex.test.login.LoginTestApache" name="testLogoutWithSession" time="0.342"/>
  <testcase classname="com.erudex.test.login.LoginTestApache" name="testLogoutWithSession" time="0.351"/>
  <testcase classname="com.erudex.test.login.LoginTestApache" name="testLogoutWithSession" time="0.371"/>
  <testcase classname="com.erudex.test.login.LoginTestApache" name="testLogoutWithSession" time="0.363"/>
  <testcase classname="com.erudex.test.login.LoginTestApache" name="testLogin" time="0.307"/>
  <testcase classname="com.erudex.test.login.LoginTestApache" name="testLogoutWithSession" time="0.315"/>
  <testcase classname="com.erudex.test.login.LoginTestApache" name="testLoginWithSession" time="0.360"/>
  <testcase classname="com.erudex.test.login.LoginTestApache" name="testLogin" time="0.320"/>
  <testcase classname="com.erudex.test.login.LoginTestApache" name="testLogoutWithSession" time="0.395"/>
  <testcase classname="com.erudex.test.login.LoginTestApache" name="testLogin" time="0.760"/>
  <testcase classname="com.erudex.test.login.LoginTestApache" name="testLogin" time="0.362"/>
  <testcase classname="com.erudex.test.login.LoginTestApache" name="testLogoutWithSession" time="0.352"/>
  <testcase classname="com.erudex.test.login.LoginTestApache" name="testLoginWithSession" time="0.349"/>
  <testcase classname="com.erudex.test.login.LoginTestApache" name="testLogoutWithSession" time="0.363"/>
  <testcase classname="com.erudex.test.login.LoginTestApache" name="testLoginWithSession" time="0.317"/>
  <testcase classname="com.erudex.test.login.LoginTestApache" name="testLogoutWithSession" time="0.342"/>
  <testcase classname="com.erudex.test.login.LoginTestApache" name="testLogoutWithSession" time="0.348"/>
  <testcase classname="com.erudex.test.login.LoginTestApache" name="testLogoutWithSession" time="0.349"/>
  <testcase classname="com.erudex.test.login.LoginTestApache" name="testLogin" time="0.321"/>
  <testcase classname="com.erudex.test.login.LoginTestApache" name="testLoginWithSession" time="0.356"/>
  <testcase classname="com.erudex.test.login.LoginTestApache" name="testLogoutWithSession" time="0.356"/>
  <testcase classname="com.erudex.test.login.LoginTestApache" name="testLoginWithSession" time="0.341"/>
  <testcase classname="com.erudex.test.login.LoginTestApache" name="testLoginWithSession" time="0.354"/>
  <testcase classname="com.erudex.test.login.LoginTestApache" name="testLogin" time="0.367"/>
  <testcase classname="com.erudex.test.login.LoginTestApache" name="testLoginWithSession" time="0.362"/>
  <testcase classname="com.erudex.test.login.LoginTestApache" name="testLogin" time="0.358"/>
  <testcase classname="com.erudex.test.login.LoginTestApache" name="testLogin" time="0.325"/>
  <testcase classname="com.erudex.test.login.LoginTestApache" name="testLoginWithSession" time="0.352"/>
  <testcase classname="com.erudex.test.login.LoginTestApache" name="testLogin" time="0.356"/>
  <testcase classname="com.erudex.test.login.LoginTestApache" name="testLoginWithSession" time="0.344"/>
  <testcase classname="com.erudex.test.login.LoginTestApache" name="testLogin" time="0.373"/>
  <testcase classname="com.erudex.test.login.LoginTestApache" name="testLogin" time="0.320"/>
  <testcase classname="com.erudex.test.login.LoginTestApache" name="testLogin" time="0.309"/>
  <testcase classname="com.erudex.test.login.LoginTestApache" name="testNavToLoginPage" time="0.271"/>
  <testcase classname="com.erudex.test.login.LoginTestApache" name="testLoginWithSession" time="0.345"/>
  <testcase classname="com.erudex.test.login.LoginTestApache" name="testLogoutWithSession" time="0.350"/>
  <testcase classname="com.erudex.test.login.LoginTestApache" name="testLogoutWithSession" time="0.369"/>
  <testcase classname="com.erudex.test.login.LoginTestApache" name="testLogin" time="0.438"/>
  <testcase classname="com.erudex.test.login.LoginTestApache" name="testLogin" time="0.364"/>
  <testcase classname="com.erudex.test.login.LoginTestApache" name="testLogin" time="0.393"/>
  <testcase classname="com.erudex.test.login.LoginTestApache" name="testLoginWithSession" time="0.350"/>
  <testcase classname="com.erudex.test.login.LoginTestApache" name="testLoginWithSession" time="0.354"/>
  <testcase classname="com.erudex.test.login.LoginTestApache" name="testLogoutWithSession" time="0.357"/>
  <testcase classname="com.erudex.test.login.LoginTestApache" name="testLoginWithSession" time="0.356"/>
  <testcase classname="com.erudex.test.login.LoginTestApache" name="testLoginWithSession" time="0.317"/>
  <testcase classname="com.erudex.test.login.LoginTestApache" name="testLogoutWithSession" time="0.351"/>
  <testcase classname="com.erudex.test.login.LoginTestApache" name="testLogoutWithSession" time="0.346"/>
  <testcase classname="com.erudex.test.login.LoginTestApache" name="testLoginWithSession" time="0.360"/>
  <testcase classname="com.erudex.test.login.LoginTestApache" name="testLogin" time="0.352"/>
  <testcase classname="com.erudex.test.login.LoginTestApache" name="testLogin" time="0.354"/>
  <testcase classname="com.erudex.test.login.LoginTestApache" name="testLogoutWithSession" time="0.750"/>
  <testcase classname="com.erudex.test.login.LoginTestApache" name="testLogin" time="0.370"/>
  <testcase classname="com.erudex.test.login.LoginTestApache" name="testLogoutWithSession" time="0.365"/>
  <testcase classname="com.erudex.test.login.LoginTestApache" name="testLogoutWithSession" time="0.310"/>
  <testcase classname="com.erudex.test.login.LoginTestApache" name="testLogin" time="0.315"/>
  <testcase classname="com.erudex.test.login.LoginTestApache" name="testLoginWithSession" time="0.306"/>
  <testcase classname="com.erudex.test.login.LoginTestApache" name="testLoginWithSession" time="0.371"/>
  <testcase classname="com.erudex.test.login.LoginTestApache" name="testLogin" time="0.623"/>
  <testcase classname="com.erudex.test.login.LoginTestApache" name="testLogin" time="0.365"/>
  <testcase classname="com.erudex.test.login.LoginTestApache" name="testLoginWithSession" time="0.352"/>
  <testcase classname="com.erudex.test.login.LoginTestApache" name="testLogin" time="0.319"/>
  <testcase classname="com.erudex.test.login.LoginTestApache" name="testLoginWithSession" time="0.345"/>
  <testcase classname="com.erudex.test.login.LoginTestApache" name="testLoginWithSession" time="0.358"/>
  <testcase classname="com.erudex.test.login.LoginTestApache" name="testLoginWithSession" time="0.356"/>
  <testcase classname="com.erudex.test.login.LoginTestApache" name="testLoginWithSession" time="0.356"/>
  <testcase classname="com.erudex.test.login.LoginTestApache" name="testLoginWithSession" time="0.355"/>
  <testcase classname="com.erudex.test.login.LoginTestApache" name="testLogoutWithSession" time="0.707"/>
  <testcase classname="com.erudex.test.login.LoginTestApache" name="testLogin" time="0.372"/>
  <testcase classname="com.erudex.test.login.LoginTestApache" name="testLogin" time="0.323"/>
  <testcase classname="com.erudex.test.login.LoginTestApache" name="testLoginWithSession" time="0.360"/>
  <testcase classname="com.erudex.test.login.LoginTestApache" name="testLoginWithSession" time="0.355"/>
  <testcase classname="com.erudex.test.login.LoginTestApache" name="testLogin" time="0.359"/>
  <testcase classname="com.erudex.test.login.LoginTestApache" name="testLoginWithSession" time="0.310"/>
  <testcase classname="com.erudex.test.login.LoginTestApache" name="testLoginWithSession" time="0.356"/>
  <testcase classname="com.erudex.test.login.LoginTestApache" name="testLoginWithSession" time="0.353"/>
  <testcase classname="com.erudex.test.login.LoginTestApache" name="testLoginWithSession" time="0.350"/>
  <testcase classname="com.erudex.test.login.LoginTestApache" name="testLogoutWithSession" time="0.357"/>
  <testcase classname="com.erudex.test.login.LoginTestApache" name="testLogin" time="0.591"/>
  <testcase classname="com.erudex.test.login.LoginTestApache" name="testLogoutWithSession" time="0.346"/>
  <testcase classname="com.erudex.test.login.LoginTestApache" name="testLogin" time="0.755"/>
  <testcase classname="com.erudex.test.login.LoginTestApache" name="testLoginWithSession" time="0.316"/>
  <testcase classname="com.erudex.test.login.LoginTestApache" name="testLoginWithSession" time="0.360"/>
  <testcase classname="com.erudex.test.login.LoginTestApache" name="testLogoutWithSession" time="0.311"/>
  <testcase classname="com.erudex.test.login.LoginTestApache" name="testLogin" time="0.349"/>
  <testcase classname="com.erudex.test.login.LoginTestApache" name="testLogoutWithSession" time="0.352"/>
  <testcase classname="com.erudex.test.login.LoginTestApache" name="testLoginWithSession" time="0.321"/>
  <testcase classname="com.erudex.test.login.LoginTestApache" name="testLogoutWithSession" time="0.301"/>
  <testcase classname="com.erudex.test.login.LoginTestApache" name="testLogoutWithSession" time="0.352"/>
  <testcase classname="com.erudex.test.login.LoginTestApache" name="testLogin" time="0.359"/>
  <testcase classname="com.erudex.test.login.LoginTestApache" name="testLogin" time="0.323"/>
  <testcase classname="com.erudex.test.login.LoginTestApache" name="testLogin" time="0.706"/>
  <testcase classname="com.erudex.test.login.LoginTestApache" name="testLoginWithSession" time="0.314"/>
  <testcase classname="com.erudex.test.login.LoginTestApache" name="testLogoutWithSession" time="0.351"/>
  <testcase classname="com.erudex.test.login.LoginTestApache" name="testLogin" time="0.379"/>
  <testcase classname="com.erudex.test.login.LoginTestApache" name="testLogin" time="0.362"/>
  <testcase classname="com.erudex.test.login.LoginTestApache" name="testLoginWithSession" time="0.312"/>
  <testcase classname="com.erudex.test.login.LoginTestApache" name="testLogin" time="0.361"/>
  <testcase classname="com.erudex.test.login.LoginTestApache" name="testLoginWithSession" time="0.364"/>
  <testcase classname="com.erudex.test.login.LoginTestApache" name="testLogoutWithSession" time="0.355"/>
  <testcase classname="com.erudex.test.login.LoginTestApache" name="testLogin" time="0.364"/>
  <testcase classname="com.erudex.test.login.LoginTestApache" name="testLogoutWithSession" time="0.313"/>
  <testcase classname="com.erudex.test.login.LoginTestApache" name="testLogoutWithSession" time="0.355"/>
  <testcase classname="com.erudex.test.login.LoginTestApache" name="testLogin" time="0.325"/>
  <testcase classname="com.erudex.test.login.LoginTestApache" name="testLoginWithSession" time="0.364"/>
  <testcase classname="com.erudex.test.login.LoginTestApache" name="testLogoutWithSession" time="0.310"/>
  <testcase classname="com.erudex.test.login.LoginTestApache" name="testLogoutWithSession" time="0.356"/>
  <testcase classname="com.erudex.test.login.LoginTestApache" name="testLoginWithSession" time="0.383"/>
  <testcase classname="com.erudex.test.login.LoginTestApache" name="testLogoutWithSession" time="0.357"/>
  <testcase classname="com.erudex.test.login.LoginTestApache" name="testLoginWithSession" time="0.305"/>
  <testcase classname="com.erudex.test.login.LoginTestApache" name="testLogoutWithSession" time="0.352"/>
  <testcase classname="com.erudex.test.login.LoginTestApache" name="testLoginWithSession" time="0.356"/>
  <testcase classname="com.erudex.test.login.LoginTestApache" name="testLogin" time="0.379"/>
  <testcase classname="com.erudex.test.login.LoginTestApache" name="testLogin" time="0.356"/>
  <testcase classname="com.erudex.test.login.LoginTestApache" name="testLogin" time="0.313"/>
  <testcase classname="com.erudex.test.login.LoginTestApache" name="testLogin" time="0.310"/>
  <testcase classname="com.erudex.test.login.LoginTestApache" name="testLoginWithSession" time="0.350"/>
  <testcase classname="com.erudex.test.login.LoginTestApache" name="testLogoutWithSession" time="0.304"/>
  <testcase classname="com.erudex.test.login.LoginTestApache" name="testLoginWithSession" time="0.358"/>
  <testcase classname="com.erudex.test.login.LoginTestApache" name="testLogin" time="0.316"/>
  <testcase classname="com.erudex.test.login.LoginTestApache" name="testLogoutWithSession" time="0.309"/>
  <testcase classname="com.erudex.test.login.LoginTestApache" name="testLogin" time="0.314"/>
  <testcase classname="com.erudex.test.login.LoginTestApache" name="testLogoutWithSession" time="0.316"/>
  <testcase classname="com.erudex.test.login.LoginTestApache" name="testLogin" time="0.371"/>
  <testcase classname="com.erudex.test.login.LoginTestApache" name="testLoginWithSession" time="0.308"/>
  <testcase classname="com.erudex.test.login.LoginTestApache" name="testLoginWithSession" time="0.315"/>
  <testcase classname="com.erudex.test.login.LoginTestApache" name="testLogoutWithSession" time="0.346"/>
  <testcase classname="com.erudex.test.login.LoginTestApache" name="testLogin" time="0.354"/>
  <testcase classname="com.erudex.test.login.LoginTestApache" name="testLoginWithSession" time="0.348"/>
  <testcase classname="com.erudex.test.login.LoginTestApache" name="testLoginWithSession" time="0.356"/>
  <testcase classname="com.erudex.test.login.LoginTestApache" name="testLoginWithSession" time="0.313"/>
  <testcase classname="com.erudex.test.login.LoginTestApache" name="testLoginWithSession" time="0.456"/>
  <testcase classname="com.erudex.test.login.LoginTestApache" name="testLogoutWithSession" time="0.355"/>
  <testcase classname="com.erudex.test.login.LoginTestApache" name="testLogin" time="0.640"/>
  <testcase classname="com.erudex.test.login.LoginTestApache" name="testLogin" time="0.329"/>
  <testcase classname="com.erudex.test.login.LoginTestApache" name="testLoginWithSession" time="0.365"/>
  <testcase classname="com.erudex.test.login.LoginTestApache" name="testLogoutWithSession" time="0.348"/>
  <testcase classname="com.erudex.test.login.LoginTestApache" name="testLogoutWithSession" time="0.353"/>
  <testcase classname="com.erudex.test.login.LoginTestApache" name="testLogoutWithSession" time="0.351"/>
  <testcase classname="com.erudex.test.login.LoginTestApache" name="testLogoutWithSession" time="0.356"/>
  <testcase classname="com.erudex.test.login.LoginTestApache" name="testLogin" time="0.307"/>
  <testcase classname="com.erudex.test.login.LoginTestApache" name="testLogin" time="0.358"/>
  <testcase classname="com.erudex.test.login.LoginTestApache" name="testLogoutWithSession" time="0.332"/>
  <testcase classname="com.erudex.test.login.LoginTestApache" name="testLogoutWithSession" time="0.360"/>
  <testcase classname="com.erudex.test.login.LoginTestApache" name="testLogin" time="0.355"/>
  <testcase classname="com.erudex.test.login.LoginTestApache" name="testLogoutWithSession" time="0.355"/>
  <testcase classname="com.erudex.test.login.LoginTestApache" name="testLogin" time="0.353"/>
  <testcase classname="com.erudex.test.login.LoginTestApache" name="testLogoutWithSession" time="0.366"/>
  <testcase classname="com.erudex.test.login.LoginTestApache" name="testLoginWithSession" time="0.308"/>
  <testcase classname="com.erudex.test.login.LoginTestApache" name="testLogoutWithSession" time="0.346"/>
  <testcase classname="com.erudex.test.login.LoginTestApache" name="testLogoutWithSession" time="0.310"/>
  <testcase classname="com.erudex.test.login.LoginTestApache" name="testLogin" time="0.387"/>
  <testcase classname="com.erudex.test.login.LoginTestApache" name="testLogoutWithSession" time="0.310"/>
  <testcase classname="com.erudex.test.login.LoginTestApache" name="testLogin" time="0.367"/>
  <testcase classname="com.erudex.test.login.LoginTestApache" name="testLoginWithSession" time="0.314"/>
  <testcase classname="com.erudex.test.login.LoginTestApache" name="testLoginWithSession" time="0.355"/>
  <testcase classname="com.erudex.test.login.LoginTestApache" name="testLoginWithSession" time="0.351"/>
  <testcase classname="com.erudex.test.login.LoginTestApache" name="testLogoutWithSession" time="0.312"/>
  <testcase classname="com.erudex.test.login.LoginTestApache" name="testLogoutWithSession" time="0.353"/>
  <testcase classname="com.erudex.test.login.LoginTestApache" name="testLogoutWithSession" time="0.345"/>
  <testcase classname="com.erudex.test.login.LoginTestApache" name="testLogoutWithSession" time="0.359"/>
  <testcase classname="com.erudex.test.login.LoginTestApache" name="testLogin" time="0.319"/>
  <testcase classname="com.erudex.test.login.LoginTestApache" name="testLogoutWithSession" time="0.358"/>
  <testcase classname="com.erudex.test.login.LoginTestApache" name="testLogoutWithSession" time="0.307"/>
  <testcase classname="com.erudex.test.login.LoginTestApache" name="testLoginWithSession" time="0.363"/>
  <testcase classname="com.erudex.test.login.LoginTestApache" name="testLoginWithSession" time="0.352"/>
  <testcase classname="com.erudex.test.login.LoginTestApache" name="testLoginWithSession" time="0.346"/>
  <testcase classname="com.erudex.test.login.LoginTestApache" name="testLoginWithSession" time="0.353"/>
  <testcase classname="com.erudex.test.login.LoginTestApache" name="testLogin" time="0.372"/>
  <testcase classname="com.erudex.test.login.LoginTestApache" name="testLogin" time="0.355"/>
  <testcase classname="com.erudex.test.login.LoginTestApache" name="testLoginWithSession" time="0.351"/>
  <testcase classname="com.erudex.test.login.LoginTestApache" name="testLogin" time="0.364"/>
  <testcase classname="com.erudex.test.login.LoginTestApache" name="testLogoutWithSession" time="0.315"/>
  <testcase classname="com.erudex.test.login.LoginTestApache" name="testLoginWithSession" time="0.311"/>
  <testcase classname="com.erudex.test.login.LoginTestApache" name="testLogin" time="0.772"/>
  <testcase classname="com.erudex.test.login.LoginTestApache" name="testLoginWithSession" time="0.307"/>
  <testcase classname="com.erudex.test.login.LoginTestApache" name="testLogoutWithSession" time="0.459"/>
  <testcase classname="com.erudex.test.login.LoginTestApache" name="testLoginWithSession" time="0.303"/>
  <testcase classname="com.erudex.test.login.LoginTestApache" name="testLogoutWithSession" time="0.306"/>
  <testcase classname="com.erudex.test.login.LoginTestApache" name="testLogin" time="0.409"/>
  <testcase classname="com.erudex.test.login.LoginTestApache" name="testLogoutWithSession" time="0.317"/>
  <testcase classname="com.erudex.test.login.LoginTestApache" name="testLogin" time="0.361"/>
  <testcase classname="com.erudex.test.login.LoginTestApache" name="testLogoutWithSession" time="0.361"/>
  <testcase classname="com.erudex.test.login.LoginTestApache" name="testLoginWithSession" time="0.386"/>
  <testcase classname="com.erudex.test.login.LoginTestApache" name="testLoginWithSession" time="0.303"/>
  <testcase classname="com.erudex.test.login.LoginTestApache" name="testLoginWithSession" time="0.346"/>
  <testcase classname="com.erudex.test.login.LoginTestApache" name="testLogin" time="0.480"/>
  <testcase classname="com.erudex.test.login.LoginTestApache" name="testLogin" time="0.307"/>
  <testcase classname="com.erudex.test.login.LoginTestApache" name="testLogin" time="0.367"/>
  <testcase classname="com.erudex.test.login.LoginTestApache" name="testLoginWithSession" time="0.353"/>
  <testcase classname="com.erudex.test.login.LoginTestApache" name="testLogoutWithSession" time="0.306"/>
  <testcase classname="com.erudex.test.login.LoginTestApache" name="testLogoutWithSession" time="0.529"/>
  <testcase classname="com.erudex.test.login.LoginTestApache" name="testLogoutWithSession" time="0.334"/>
  <testcase classname="com.erudex.test.login.LoginTestApache" name="testLogin" time="0.377"/>
  <testcase classname="com.erudex.test.login.LoginTestApache" name="testLoginWithSession" time="0.313"/>
  <testcase classname="com.erudex.test.login.LoginTestApache" name="testLogoutWithSession" time="0.307"/>
  <testcase classname="com.erudex.test.login.LoginTestApache" name="testLoginWithSession" time="0.719"/>
  <testcase classname="com.erudex.test.login.LoginTestApache" name="testLogoutWithSession" time="0.365"/>
  <testcase classname="com.erudex.test.login.LoginTestApache" name="testLogin" time="0.311"/>
  <testcase classname="com.erudex.test.login.LoginTestApache" name="testLogin" time="0.308"/>
  <testcase classname="com.erudex.test.login.LoginTestApache" name="testLogoutWithSession" time="0.361"/>
  <testcase classname="com.erudex.test.login.LoginTestApache" name="testLoginWithSession" time="0.312"/>
  <testcase classname="com.erudex.test.login.LoginTestApache" name="testLoginWithSession" time="0.309"/>
  <testcase classname="com.erudex.test.login.LoginTestApache" name="testLogin" time="0.354"/>
  <testcase classname="com.erudex.test.login.LoginTestApache" name="testLogoutWithSession" time="0.709"/>
  <testcase classname="com.erudex.test.login.LoginTestApache" name="testLogin" time="0.314"/>
  <testcase classname="com.erudex.test.login.LoginTestApache" name="testLoginWithSession" time="0.353"/>
  <testcase classname="com.erudex.test.login.LoginTestApache" name="testLoginWithSession" time="0.351"/>
  <testcase classname="com.erudex.test.login.LoginTestApache" name="testLogin" time="0.314"/>
  <testcase classname="com.erudex.test.login.LoginTestApache" name="testLogoutWithSession" time="0.315"/>
  <testcase classname="com.erudex.test.login.LoginTestApache" name="testLoginWithSession" time="0.493"/>
  <testcase classname="com.erudex.test.login.LoginTestApache" name="testLoginWithSession" time="0.356"/>
  <testcase classname="com.erudex.test.login.LoginTestApache" name="testLoginWithSession" time="0.353"/>
  <testcase classname="com.erudex.test.login.LoginTestApache" name="testLogoutWithSession" time="0.301"/>
  <testcase classname="com.erudex.test.login.LoginTestApache" name="testLoginWithSession" time="0.358"/>
  <testcase classname="com.erudex.test.login.LoginTestApache" name="testLogin" time="0.315"/>
  <testcase classname="com.erudex.test.login.LoginTestApache" name="testLogin" time="0.356"/>
  <testcase classname="com.erudex.test.login.LoginTestApache" name="testLogoutWithSession" time="0.351"/>
  <testcase classname="com.erudex.test.login.LoginTestApache" name="testLoginWithSession" time="0.357"/>
  <testcase classname="com.erudex.test.login.LoginTestApache" name="testLogin" time="0.320"/>
  <testcase classname="com.erudex.test.login.LoginTestApache" name="testLoginWithSession" time="0.354"/>
  <testcase classname="com.erudex.test.login.LoginTestApache" name="testLoginWithSession" time="0.313"/>
  <testcase classname="com.erudex.test.login.LoginTestApache" name="testLogoutWithSession" time="0.356"/>
  <testcase classname="com.erudex.test.login.LoginTestApache" name="testLogoutWithSession" time="0.497"/>
  <testcase classname="com.erudex.test.login.LoginTestApache" name="testLogoutWithSession" time="0.347"/>
  <testcase classname="com.erudex.test.login.LoginTestApache" name="testLoginWithSession" time="0.349"/>
  <testcase classname="com.erudex.test.login.LoginTestApache" name="testLogoutWithSession" time="0.345"/>
  <testcase classname="com.erudex.test.login.LoginTestApache" name="testLoginWithSession" time="0.346"/>
  <testcase classname="com.erudex.test.login.LoginTestApache" name="testLoginWithSession" time="0.304"/>
  <testcase classname="com.erudex.test.login.LoginTestApache" name="testLoginWithSession" time="0.352"/>
  <testcase classname="com.erudex.test.login.LoginTestApache" name="testLoginWithSession" time="0.347"/>
  <testcase classname="com.erudex.test.login.LoginTestApache" name="testLogoutWithSession" time="0.511"/>
  <testcase classname="com.erudex.test.login.LoginTestApache" name="testLogin" time="0.323"/>
  <testcase classname="com.erudex.test.login.LoginTestApache" name="testLogoutWithSession" time="0.351"/>
  <testcase classname="com.erudex.test.login.LoginTestApache" name="testLogin" time="0.321"/>
  <testcase classname="com.erudex.test.login.LoginTestApache" name="testLogoutWithSession" time="0.405"/>
  <testcase classname="com.erudex.test.login.LoginTestApache" name="testLogin" time="0.370"/>
  <testcase classname="com.erudex.test.login.LoginTestApache" name="testLogoutWithSession" time="0.351"/>
  <testcase classname="com.erudex.test.login.LoginTestApache" name="testLogin" time="0.372"/>
  <testcase classname="com.erudex.test.login.LoginTestApache" name="testLogoutWithSession" time="0.357"/>
  <testcase classname="com.erudex.test.login.LoginTestApache" name="testLoginWithSession" time="0.306"/>
  <testcase classname="com.erudex.test.login.LoginTestApache" name="testLogin" time="0.321"/>
  <testcase classname="com.erudex.test.login.LoginTestApache" name="testLoginWithSession" time="0.347"/>
  <testcase classname="com.erudex.test.login.LoginTestApache" name="testLogoutWithSession" time="0.352"/>
  <testcase classname="com.erudex.test.login.LoginTestApache" name="testLogin" time="0.365"/>
  <testcase classname="com.erudex.test.login.LoginTestApache" name="testLoginWithSession" time="0.309"/>
  <testcase classname="com.erudex.test.login.LoginTestApache" name="testLoginWithSession" time="0.321"/>
  <testcase classname="com.erudex.test.login.LoginTestApache" name="testLoginWithSession" time="0.303"/>
  <testcase classname="com.erudex.test.login.LoginTestApache" name="testLogoutWithSession" time="0.359"/>
  <testcase classname="com.erudex.test.login.LoginTestApache" name="testLogoutWithSession" time="0.314"/>
  <testcase classname="com.erudex.test.login.LoginTestApache" name="testLoginWithSession" time="0.310"/>
  <testcase classname="com.erudex.test.login.LoginTestApache" name="testLoginWithSession" time="0.306"/>
  <testcase classname="com.erudex.test.login.LoginTestApache" name="testLoginWithSession" time="0.303"/>
  <testcase classname="com.erudex.test.login.LoginTestApache" name="testLogin" time="0.360"/>
  <testcase classname="com.erudex.test.login.LoginTestApache" name="testLogin" time="0.359"/>
  <testcase classname="com.erudex.test.login.LoginTestApache" name="testLoginWithSession" time="0.357"/>
  <testcase classname="com.erudex.test.login.LoginTestApache" name="testLoginWithSession" time="0.355"/>
  <testcase classname="com.erudex.test.login.LoginTestApache" name="testLoginWithSession" time="0.354"/>
  <testcase classname="com.erudex.test.login.LoginTestApache" name="testLogoutWithSession" time="0.361"/>
  <testcase classname="com.erudex.test.login.LoginTestApache" name="testLogoutWithSession" time="0.351"/>
  <testcase classname="com.erudex.test.login.LoginTestApache" name="testLogin" time="0.749"/>
  <testcase classname="com.erudex.test.login.LoginTestApache" name="testLoginWithSession" time="0.311"/>
  <testcase classname="com.erudex.test.login.LoginTestApache" name="testLogin" time="0.350"/>
  <testcase classname="com.erudex.test.login.LoginTestApache" name="testLogin" time="0.360"/>
  <testcase classname="com.erudex.test.login.LoginTestApache" name="testLogin" time="0.479"/>
  <testcase classname="com.erudex.test.login.LoginTestApache" name="testLogoutWithSession" time="0.361"/>
  <testcase classname="com.erudex.test.login.LoginTestApache" name="testLoginWithSession" time="0.515"/>
  <testcase classname="com.erudex.test.login.LoginTestApache" name="testLogoutWithSession" time="0.352"/>
  <testcase classname="com.erudex.test.login.LoginTestApache" name="testLogin" time="0.414"/>
  <testcase classname="com.erudex.test.login.LoginTestApache" name="testLogoutWithSession" time="0.346"/>
  <testcase classname="com.erudex.test.login.LoginTestApache" name="testLogoutWithSession" time="0.355"/>
  <testcase classname="com.erudex.test.login.LoginTestApache" name="testLogin" time="0.362"/>
  <testcase classname="com.erudex.test.login.LoginTestApache" name="testLogoutWithSession" time="0.361"/>
  <testcase classname="com.erudex.test.login.LoginTestApache" name="testLoginWithSession" time="0.314"/>
  <testcase classname="com.erudex.test.login.LoginTestApache" name="testLogin" time="0.348"/>
  <testcase classname="com.erudex.test.login.LoginTestApache" name="testLogoutWithSession" time="0.360"/>
  <testcase classname="com.erudex.test.login.LoginTestApache" name="testLogin" time="0.515"/>
  <testcase classname="com.erudex.test.login.LoginTestApache" name="testLoginWithSession" time="0.351"/>
  <testcase classname="com.erudex.test.login.LoginTestApache" name="testLogoutWithSession" time="0.311"/>
  <testcase classname="com.erudex.test.login.LoginTestApache" name="testLoginWithSession" time="0.347"/>
  <testcase classname="com.erudex.test.login.LoginTestApache" name="testLogin" time="0.362"/>
  <testcase classname="com.erudex.test.login.LoginTestApache" name="testLogin" time="0.368"/>
  <testcase classname="com.erudex.test.login.LoginTestApache" name="testLoginWithSession" time="0.307"/>
  <testcase classname="com.erudex.test.login.LoginTestApache" name="testLogoutWithSession" time="0.344"/>
  <testcase classname="com.erudex.test.login.LoginTestApache" name="testLogin" time="0.737"/>
  <testcase classname="com.erudex.test.login.LoginTestApache" name="testLoginWithSession" time="0.355"/>
  <testcase classname="com.erudex.test.login.LoginTestApache" name="testLogoutWithSession" time="0.354"/>
  <testcase classname="com.erudex.test.login.LoginTestApache" name="testLoginWithSession" time="0.315"/>
  <testcase classname="com.erudex.test.login.LoginTestApache" name="testLoginWithSession" time="0.306"/>
  <testcase classname="com.erudex.test.login.LoginTestApache" name="testLoginWithSession" time="0.406"/>
  <testcase classname="com.erudex.test.login.LoginTestApache" name="testLoginWithSession" time="0.318"/>
  <testcase classname="com.erudex.test.login.LoginTestApache" name="testLoginWithSession" time="0.309"/>
  <testcase classname="com.erudex.test.login.LoginTestApache" name="testLoginWithSession" time="0.353"/>
  <testcase classname="com.erudex.test.login.LoginTestApache" name="testLoginWithSession" time="0.352"/>
  <testcase classname="com.erudex.test.login.LoginTestApache" name="testLogoutWithSession" time="0.356"/>
  <testcase classname="com.erudex.test.login.LoginTestApache" name="testLoginWithSession" time="0.307"/>
  <testcase classname="com.erudex.test.login.LoginTestApache" name="testLogoutWithSession" time="0.302"/>
  <testcase classname="com.erudex.test.login.LoginTestApache" name="testLogin" time="0.372"/>
  <testcase classname="com.erudex.test.login.LoginTestApache" name="testLogoutWithSession" time="0.712"/>
  <testcase classname="com.erudex.test.login.LoginTestApache" name="testLoginWithSession" time="0.366"/>
  <testcase classname="com.erudex.test.login.LoginTestApache" name="testLogin" time="0.376"/>
  <testcase classname="com.erudex.test.login.LoginTestApache" name="testLoginWithSession" time="0.349"/>
  <testcase classname="com.erudex.test.login.LoginTestApache" name="testLogin" time="0.365"/>
  <testcase classname="com.erudex.test.login.LoginTestApache" name="testLogin" time="0.319"/>
  <testcase classname="com.erudex.test.login.LoginTestApache" name="testLogoutWithSession" time="0.350"/>
  <testcase classname="com.erudex.test.login.LoginTestApache" name="testLogoutWithSession" time="0.316"/>
  <testcase classname="com.erudex.test.login.LoginTestApache" name="testLogoutWithSession" time="0.365"/>
  <testcase classname="com.erudex.test.login.LoginTestApache" name="testLogin" time="0.330"/>
  <testcase classname="com.erudex.test.login.LoginTestApache" name="testLogoutWithSession" time="0.305"/>
  <testcase classname="com.erudex.test.login.LoginTestApache" name="testLogoutWithSession" time="0.559"/>
  <testcase classname="com.erudex.test.login.LoginTestApache" name="testLogin" time="0.323"/>
  <testcase classname="com.erudex.test.login.LoginTestApache" name="testLogoutWithSession" time="0.312"/>
  <testcase classname="com.erudex.test.login.LoginTestApache" name="testLogin" time="0.306"/>
  <testcase classname="com.erudex.test.login.LoginTestApache" name="testLogoutWithSession" time="0.308"/>
  <testcase classname="com.erudex.test.login.LoginTestApache" name="testLogoutWithSession" time="0.348"/>
  <testcase classname="com.erudex.test.login.LoginTestApache" name="testLoginWithSession" time="0.339"/>
  <testcase classname="com.erudex.test.login.LoginTestApache" name="testLogoutWithSession" time="0.353"/>
  <testcase classname="com.erudex.test.login.LoginTestApache" name="testLogin" time="0.309"/>
  <testcase classname="com.erudex.test.login.LoginTestApache" name="testLoginWithSession" time="0.365"/>
  <testcase classname="com.erudex.test.login.LoginTestApache" name="testLogoutWithSession" time="0.311"/>
  <testcase classname="com.erudex.test.login.LoginTestApache" name="testLogin" time="0.391"/>
  <testcase classname="com.erudex.test.login.LoginTestApache" name="testLoginWithSession" time="0.305"/>
  <testcase classname="com.erudex.test.login.LoginTestApache" name="testLogoutWithSession" time="0.354"/>
  <testcase classname="com.erudex.test.login.LoginTestApache" name="testLoginWithSession" time="0.307"/>
  <testcase classname="com.erudex.test.login.LoginTestApache" name="testLogin" time="0.374"/>
  <testcase classname="com.erudex.test.login.LoginTestApache" name="testLogin" time="0.358"/>
  <testcase classname="com.erudex.test.login.LoginTestApache" name="testLoginWithSession" time="0.366"/>
  <testcase classname="com.erudex.test.login.LoginTestApache" name="testLogoutWithSession" time="0.312"/>
  <testcase classname="com.erudex.test.login.LoginTestApache" name="testLoginWithSession" time="0.308"/>
  <testcase classname="com.erudex.test.login.LoginTestApache" name="testLoginWithSession" time="0.370"/>
  <testcase classname="com.erudex.test.login.LoginTestApache" name="testLogoutWithSession" time="0.347"/>
  <testcase classname="com.erudex.test.login.LoginTestApache" name="testLoginWithSession" time="0.346"/>
  <testcase classname="com.erudex.test.login.LoginTestApache" name="testLogoutWithSession" time="0.366"/>
  <testcase classname="com.erudex.test.login.LoginTestApache" name="testLoginWithSession" time="0.318"/>
  <testcase classname="com.erudex.test.login.LoginTestApache" name="testLogin" time="0.367"/>
  <testcase classname="com.erudex.test.login.LoginTestApache" name="testLoginWithSession" time="0.357"/>
  <testcase classname="com.erudex.test.login.LoginTestApache" name="testLogoutWithSession" time="0.354"/>
  <testcase classname="com.erudex.test.login.LoginTestApache" name="testLogin" time="0.325"/>
  <testcase classname="com.erudex.test.login.LoginTestApache" name="testLogoutWithSession" time="0.395"/>
  <testcase classname="com.erudex.test.login.LoginTestApache" name="testLogin" time="0.365"/>
  <testcase classname="com.erudex.test.login.LoginTestApache" name="testLoginWithSession" time="0.310"/>
  <testcase classname="com.erudex.test.login.LoginTestApache" name="testLoginWithSession" time="0.355"/>
  <testcase classname="com.erudex.test.login.LoginTestApache" name="testLoginWithSession" time="0.356"/>
  <testcase classname="com.erudex.test.login.LoginTestApache" name="testLogoutWithSession" time="0.358"/>
  <testcase classname="com.erudex.test.login.LoginTestApache" name="testLogoutWithSession" time="0.320"/>
  <testcase classname="com.erudex.test.login.LoginTestApache" name="testLoginWithSession" time="0.351"/>
  <testcase classname="com.erudex.test.login.LoginTestApache" name="testLoginWithSession" time="0.350"/>
  <testcase classname="com.erudex.test.login.LoginTestApache" name="testLogoutWithSession" time="0.307"/>
  <testcase classname="com.erudex.test.login.LoginTestApache" name="testLoginWithSession" time="0.314"/>
  <testcase classname="com.erudex.test.login.LoginTestApache" name="testLogin" time="0.447"/>
  <testcase classname="com.erudex.test.login.LoginTestApache" name="testLoginWithSession" time="0.321"/>
  <testcase classname="com.erudex.test.login.LoginTestApache" name="testLogin" time="0.353"/>
  <testcase classname="com.erudex.test.login.LoginTestApache" name="testLogin" time="0.312"/>
  <testcase classname="com.erudex.test.login.LoginTestApache" name="testLogoutWithSession" time="0.344"/>
  <testcase classname="com.erudex.test.login.LoginTestApache" name="testLoginWithSession" time="0.309"/>
  <testcase classname="com.erudex.test.login.LoginTestApache" name="testLoginWithSession" time="0.368"/>
  <testcase classname="com.erudex.test.login.LoginTestApache" name="testLogoutWithSession" time="0.372"/>
  <testcase classname="com.erudex.test.login.LoginTestApache" name="testLogoutWithSession" time="0.352"/>
  <testcase classname="com.erudex.test.login.LoginTestApache" name="testLoginWithSession" time="0.368"/>
  <testcase classname="com.erudex.test.login.LoginTestApache" name="testLogin" time="0.326"/>
  <testcase classname="com.erudex.test.login.LoginTestApache" name="testLoginWithSession" time="0.358"/>
  <testcase classname="com.erudex.test.login.LoginTestApache" name="testLogoutWithSession" time="0.372"/>
  <testcase classname="com.erudex.test.login.LoginTestApache" name="testLoginWithSession" time="0.302"/>
  <testcase classname="com.erudex.test.login.LoginTestApache" name="testLogoutWithSession" time="0.361"/>
  <testcase classname="com.erudex.test.login.LoginTestApache" name="testLoginWithSession" time="0.344"/>
  <testcase classname="com.erudex.test.login.LoginTestApache" name="testLoginWithSession" time="0.352"/>
  <testcase classname="com.erudex.test.login.LoginTestApache" name="testLogoutWithSession" time="0.304"/>
  <testcase classname="com.erudex.test.login.LoginTestApache" name="testLogin" time="0.386"/>
  <testcase classname="com.erudex.test.login.LoginTestApache" name="testLoginWithSession" time="0.365"/>
  <testcase classname="com.erudex.test.login.LoginTestApache" name="testLogoutWithSession" time="0.307"/>
  <testcase classname="com.erudex.test.login.LoginTestApache" name="testLogin" time="0.312"/>
  <testcase classname="com.erudex.test.login.LoginTestApache" name="testLogin" time="0.325"/>
  <testcase classname="com.erudex.test.login.LoginTestApache" name="testLoginWithSession" time="0.353"/>
  <testcase classname="com.erudex.test.login.LoginTestApache" name="testLogin" time="0.315"/>
  <testcase classname="com.erudex.test.login.LoginTestApache" name="testLogin" time="0.380"/>
  <testcase classname="com.erudex.test.login.LoginTestApache" name="testLogin" time="0.312"/>
  <testcase classname="com.erudex.test.login.LoginTestApache" name="testLoginWithSession" time="0.319"/>
  <testcase classname="com.erudex.test.login.LoginTestApache" name="testLoginWithSession" time="0.744"/>
  <testcase classname="com.erudex.test.login.LoginTestApache" name="testLogoutWithSession" time="0.349"/>
  <testcase classname="com.erudex.test.login.LoginTestApache" name="testLoginWithSession" time="0.312"/>
  <testcase classname="com.erudex.test.login.LoginTestApache" name="testLogoutWithSession" time="0.492"/>
  <testcase classname="com.erudex.test.login.LoginTestApache" name="testLoginWithSession" time="0.354"/>
  <testcase classname="com.erudex.test.login.LoginTestApache" name="testLogoutWithSession" time="0.357"/>
  <testcase classname="com.erudex.test.login.LoginTestApache" name="testLogoutWithSession" time="0.350"/>
  <testcase classname="com.erudex.test.login.LoginTestApache" name="testLogoutWithSession" time="0.310"/>
  <testcase classname="com.erudex.test.login.LoginTestApache" name="testLoginWithSession" time="0.360"/>
  <testcase classname="com.erudex.test.login.LoginTestApache" name="testLogoutWithSession" time="0.361"/>
  <testcase classname="com.erudex.test.login.LoginTestApache" name="testLoginWithSession" time="0.307"/>
  <testcase classname="com.erudex.test.login.LoginTestApache" name="testLoginWithSession" time="0.320"/>
  <testcase classname="com.erudex.test.login.LoginTestApache" name="testLoginWithSession" time="0.355"/>
  <testcase classname="com.erudex.test.login.LoginTestApache" name="testLoginWithSession" time="0.358"/>
  <testcase classname="com.erudex.test.login.LoginTestApache" name="testLogoutWithSession" time="0.357"/>
  <testcase classname="com.erudex.test.login.LoginTestApache" name="testLoginWithSession" time="0.352"/>
  <testcase classname="com.erudex.test.login.LoginTestApache" name="testLoginWithSession" time="0.353"/>
  <testcase classname="com.erudex.test.login.LoginTestApache" name="testLoginWithSession" time="0.312"/>
  <testcase classname="com.erudex.test.login.LoginTestApache" name="testLogoutWithSession" time="0.352"/>
  <testcase classname="com.erudex.test.login.LoginTestApache" name="testLogoutWithSession" time="0.313"/>
  <testcase classname="com.erudex.test.login.LoginTestApache" name="testLogoutWithSession" time="0.368"/>
  <testcase classname="com.erudex.test.login.LoginTestApache" name="testLogin" time="0.457"/>
  <testcase classname="com.erudex.test.login.LoginTestApache" name="testLoginWithSession" time="0.362"/>
  <testcase classname="com.erudex.test.login.LoginTestApache" name="testLogin" time="0.504"/>
  <testcase classname="com.erudex.test.login.LoginTestApache" name="testLoginWithSession" time="0.353"/>
  <testcase classname="com.erudex.test.login.LoginTestApache" name="testLogin" time="0.416"/>
  <testcase classname="com.erudex.test.login.LoginTestApache" name="testLogoutWithSession" time="0.357"/>
  <testcase classname="com.erudex.test.login.LoginTestApache" name="testLoginWithSession" time="0.342"/>
  <testcase classname="com.erudex.test.login.LoginTestApache" name="testLoginWithSession" time="0.313"/>
  <testcase classname="com.erudex.test.login.LoginTestApache" name="testLoginWithSession" time="0.373"/>
  <testcase classname="com.erudex.test.login.LoginTestApache" name="testLogoutWithSession" time="0.357"/>
  <testcase classname="com.erudex.test.login.LoginTestApache" name="testLoginWithSession" time="0.361"/>
  <testcase classname="com.erudex.test.login.LoginTestApache" name="testLoginWithSession" time="0.303"/>
  <testcase classname="com.erudex.test.login.LoginTestApache" name="testLogoutWithSession" time="0.345"/>
  <testcase classname="com.erudex.test.login.LoginTestApache" name="testLoginWithSession" time="0.306"/>
  <testcase classname="com.erudex.test.login.LoginTestApache" name="testLoginWithSession" time="0.701"/>
  <testcase classname="com.erudex.test.login.LoginTestApache" name="testLoginWithSession" time="0.356"/>
  <testcase classname="com.erudex.test.login.LoginTestApache" name="testLogoutWithSession" time="0.308"/>
  <testcase classname="com.erudex.test.login.LoginTestApache" name="testLogin" time="0.357"/>
  <testcase classname="com.erudex.test.login.LoginTestApache" name="testLogin" time="0.755"/>
  <testcase classname="com.erudex.test.login.LoginTestApache" name="testLogin" time="0.350"/>
  <testcase classname="com.erudex.test.login.LoginTestApache" name="testLogoutWithSession" time="0.311"/>
  <testcase classname="com.erudex.test.login.LoginTestApache" name="testLogoutWithSession" time="0.348"/>
  <testcase classname="com.erudex.test.login.LoginTestApache" name="testLogoutWithSession" time="0.310"/>
  <testcase classname="com.erudex.test.login.LoginTestApache" name="testLogoutWithSession" time="0.309"/>
  <testcase classname="com.erudex.test.login.LoginTestApache" name="testLogoutWithSession" time="0.373"/>
  <testcase classname="com.erudex.test.login.LoginTestApache" name="testLogin" time="0.368"/>
  <testcase classname="com.erudex.test.login.LoginTestApache" name="testLogoutWithSession" time="0.354"/>
  <testcase classname="com.erudex.test.login.LoginTestApache" name="testLogoutWithSession" time="0.352"/>
  <testcase classname="com.erudex.test.login.LoginTestApache" name="testLogin" time="0.356"/>
  <testcase classname="com.erudex.test.login.LoginTestApache" name="testLogoutWithSession" time="0.355"/>
  <testcase classname="com.erudex.test.login.LoginTestApache" name="testLogin" time="0.316"/>
  <testcase classname="com.erudex.test.login.LoginTestApache" name="testLogoutWithSession" time="0.327"/>
  <testcase classname="com.erudex.test.login.LoginTestApache" name="testLogoutWithSession" time="0.344"/>
  <testcase classname="com.erudex.test.login.LoginTestApache" name="testLogin" time="0.311"/>
  <testcase classname="com.erudex.test.login.LoginTestApache" name="testLogoutWithSession" time="0.359"/>
  <testcase classname="com.erudex.test.login.LoginTestApache" name="testLogoutWithSession" time="0.357"/>
  <testcase classname="com.erudex.test.login.LoginTestApache" name="testLogin" time="0.356"/>
  <testcase classname="com.erudex.test.login.LoginTestApache" name="testLogin" time="0.490"/>
  <testcase classname="com.erudex.test.login.LoginTestApache" name="testLogoutWithSession" time="0.369"/>
  <testcase classname="com.erudex.test.login.LoginTestApache" name="testLoginWithSession" time="0.358"/>
  <testcase classname="com.erudex.test.login.LoginTestApache" name="testLoginWithSession" time="0.306"/>
  <testcase classname="com.erudex.test.login.LoginTestApache" name="testLoginWithSession" time="0.359"/>
  <testcase classname="com.erudex.test.login.LoginTestApache" name="testLogoutWithSession" time="0.310"/>
  <testcase classname="com.erudex.test.login.LoginTestApache" name="testLogoutWithSession" time="0.298"/>
  <testcase classname="com.erudex.test.login.LoginTestApache" name="testLogoutWithSession" time="0.357"/>
  <testcase classname="com.erudex.test.login.LoginTestApache" name="testLogin" time="0.356"/>
  <testcase classname="com.erudex.test.login.LoginTestApache" name="testLogoutWithSession" time="0.358"/>
  <testcase classname="com.erudex.test.login.LoginTestApache" name="testLogoutWithSession" time="0.342"/>
  <testcase classname="com.erudex.test.login.LoginTestApache" name="testLogoutWithSession" time="0.355"/>
  <testcase classname="com.erudex.test.login.LoginTestApache" name="testLoginWithSession" time="0.354"/>
  <testcase classname="com.erudex.test.login.LoginTestApache" name="testLoginWithSession" time="0.354"/>
  <testcase classname="com.erudex.test.login.LoginTestApache" name="testLoginWithSession" time="0.373"/>
  <testcase classname="com.erudex.test.login.LoginTestApache" name="testLoginWithSession" time="0.353"/>
  <testcase classname="com.erudex.test.login.LoginTestApache" name="testLogoutWithSession" time="0.311"/>
  <testcase classname="com.erudex.test.login.LoginTestApache" name="testLogin" time="0.363"/>
  <testcase classname="com.erudex.test.login.LoginTestApache" name="testLogoutWithSession" time="0.306"/>
  <testcase classname="com.erudex.test.login.LoginTestApache" name="testLogoutWithSession" time="0.360"/>
  <testcase classname="com.erudex.test.login.LoginTestApache" name="testLoginWithSession" time="0.329"/>
  <testcase classname="com.erudex.test.login.LoginTestApache" name="testLogin" time="0.373"/>
  <testcase classname="com.erudex.test.login.LoginTestApache" name="testLogoutWithSession" time="0.371"/>
  <testcase classname="com.erudex.test.login.LoginTestApache" name="testLoginWithSession" time="0.350"/>
  <testcase classname="com.erudex.test.login.LoginTestApache" name="testLogoutWithSession" time="0.351"/>
  <testcase classname="com.erudex.test.login.LoginTestApache" name="testLoginWithSession" time="0.301"/>
  <testcase classname="com.erudex.test.login.LoginTestApache" name="testLoginWithSession" time="0.400"/>
  <testcase classname="com.erudex.test.login.LoginTestApache" name="testLogoutWithSession" time="0.376"/>
  <testcase classname="com.erudex.test.login.LoginTestApache" name="testLogoutWithSession" time="0.314"/>
  <testcase classname="com.erudex.test.login.LoginTestApache" name="testLogin" time="0.784"/>
  <testcase classname="com.erudex.test.login.LoginTestApache" name="testLogin" time="0.361"/>
  <testcase classname="com.erudex.test.login.LoginTestApache" name="testLoginWithSession" time="0.348"/>
  <testcase classname="com.erudex.test.login.LoginTestApache" name="testLogoutWithSession" time="0.364"/>
  <testcase classname="com.erudex.test.login.LoginTestApache" name="testLogoutWithSession" time="0.313"/>
  <testcase classname="com.erudex.test.login.LoginTestApache" name="testLogin" time="0.362"/>
  <testcase classname="com.erudex.test.login.LoginTestApache" name="testLoginWithSession" time="0.357"/>
  <testcase classname="com.erudex.test.login.LoginTestApache" name="testLoginWithSession" time="0.357"/>
  <testcase classname="com.erudex.test.login.LoginTestApache" name="testLogoutWithSession" time="0.706"/>
  <testcase classname="com.erudex.test.login.LoginTestApache" name="testLogoutWithSession" time="0.802"/>
  <testcase classname="com.erudex.test.login.LoginTestApache" name="testLogoutWithSession" time="0.332"/>
  <testcase classname="com.erudex.test.login.LoginTestApache" name="testLogoutWithSession" time="0.353"/>
  <testcase classname="com.erudex.test.login.LoginTestApache" name="testLogoutWithSession" time="0.304"/>
  <testcase classname="com.erudex.test.login.LoginTestApache" name="testLoginWithSession" time="0.398"/>
  <testcase classname="com.erudex.test.login.LoginTestApache" name="testLoginWithSession" time="0.308"/>
  <testcase classname="com.erudex.test.login.LoginTestApache" name="testLogoutWithSession" time="0.354"/>
  <testcase classname="com.erudex.test.login.LoginTestApache" name="testLoginWithSession" time="0.378"/>
  <testcase classname="com.erudex.test.login.LoginTestApache" name="testLoginWithSession" time="0.302"/>
  <testcase classname="com.erudex.test.login.LoginTestApache" name="testLogoutWithSession" time="0.361"/>
  <testcase classname="com.erudex.test.login.LoginTestApache" name="testLoginWithSession" time="0.357"/>
  <testcase classname="com.erudex.test.login.LoginTestApache" name="testLoginWithSession" time="0.356"/>
  <testcase classname="com.erudex.test.login.LoginTestApache" name="testLogin" time="0.313"/>
  <testcase classname="com.erudex.test.login.LoginTestApache" name="testLoginWithSession" time="0.343"/>
  <testcase classname="com.erudex.test.login.LoginTestApache" name="testLogin" time="0.758"/>
  <testcase classname="com.erudex.test.login.LoginTestApache" name="testLogoutWithSession" time="0.332"/>
  <testcase classname="com.erudex.test.login.LoginTestApache" name="testLoginWithSession" time="0.347"/>
  <testcase classname="com.erudex.test.login.LoginTestApache" name="testLoginWithSession" time="0.310"/>
  <testcase classname="com.erudex.test.login.LoginTestApache" name="testLoginWithSession" time="0.754"/>
  <testcase classname="com.erudex.test.login.LoginTestApache" name="testLogin" time="0.314"/>
  <testcase classname="com.erudex.test.login.LoginTestApache" name="testLoginWithSession" time="0.351"/>
  <testcase classname="com.erudex.test.login.LoginTestApache" name="testLogoutWithSession" time="0.349"/>
  <testcase classname="com.erudex.test.login.LoginTestApache" name="testLoginWithSession" time="0.421"/>
  <testcase classname="com.erudex.test.login.LoginTestApache" name="testLoginWithSession" time="0.365"/>
  <testcase classname="com.erudex.test.login.LoginTestApache" name="testLoginWithSession" time="0.456"/>
  <testcase classname="com.erudex.test.login.LoginTestApache" name="testLogin" time="0.311"/>
  <testcase classname="com.erudex.test.login.LoginTestApache" name="testLogoutWithSession" time="0.366"/>
  <testcase classname="com.erudex.test.login.LoginTestApache" name="testLoginWithSession" time="0.358"/>
  <testcase classname="com.erudex.test.login.LoginTestApache" name="testLogoutWithSession" time="0.317"/>
  <testcase classname="com.erudex.test.login.LoginTestApache" name="testLogoutWithSession" time="0.358"/>
  <testcase classname="com.erudex.test.login.LoginTestApache" name="testLogin" time="0.357"/>
  <testcase classname="com.erudex.test.login.LoginTestApache" name="testLoginWithSession" time="0.348"/>
  <testcase classname="com.erudex.test.login.LoginTestApache" name="testLogin" time="0.361"/>
  <testcase classname="com.erudex.test.login.LoginTestApache" name="testLogin" time="0.364"/>
  <testcase classname="com.erudex.test.login.LoginTestApache" name="testLogin" time="0.380"/>
  <testcase classname="com.erudex.test.login.LoginTestApache" name="testLoginWithSession" time="0.359"/>
  <testcase classname="com.erudex.test.login.LoginTestApache" name="testLogin" time="0.316"/>
  <testcase classname="com.erudex.test.login.LoginTestApache" name="testLoginWithSession" time="0.302"/>
  <testcase classname="com.erudex.test.login.LoginTestApache" name="testLogoutWithSession" time="0.353"/>
  <testcase classname="com.erudex.test.login.LoginTestApache" name="testLoginWithSession" time="0.349"/>
  <testcase classname="com.erudex.test.login.LoginTestApache" name="testLogin" time="0.310"/>
  <testcase classname="com.erudex.test.login.LoginTestApache" name="testLoginWithSession" time="0.312"/>
  <testcase classname="com.erudex.test.login.LoginTestApache" name="testLogoutWithSession" time="0.309"/>
  <testcase classname="com.erudex.test.login.LoginTestApache" name="testLogoutWithSession" time="0.361"/>
  <testcase classname="com.erudex.test.login.LoginTestApache" name="testLoginWithSession" time="0.304"/>
  <testcase classname="com.erudex.test.login.LoginTestApache" name="testLoginWithSession" time="0.361"/>
  <testcase classname="com.erudex.test.login.LoginTestApache" name="testLogin" time="0.360"/>
  <testcase classname="com.erudex.test.login.LoginTestApache" name="testLogin" time="0.313"/>
  <testcase classname="com.erudex.test.login.LoginTestApache" name="testLoginWithSession" time="0.355"/>
  <testcase classname="com.erudex.test.login.LoginTestApache" name="testLogin" time="0.321"/>
  <testcase classname="com.erudex.test.login.LoginTestApache" name="testLogin" time="0.360"/>
  <testcase classname="com.erudex.test.login.LoginTestApache" name="testLoginWithSession" time="0.308"/>
  <testcase classname="com.erudex.test.login.LoginTestApache" name="testLoginWithSession" time="0.305"/>
  <testcase classname="com.erudex.test.login.LoginTestApache" name="testLoginWithSession" time="0.398"/>
  <testcase classname="com.erudex.test.login.LoginTestApache" name="testLogin" time="0.313"/>
  <testcase classname="com.erudex.test.login.LoginTestApache" name="testLoginWithSession" time="0.313"/>
  <testcase classname="com.erudex.test.login.LoginTestApache" name="testLogoutWithSession" time="0.363"/>
  <testcase classname="com.erudex.test.login.LoginTestApache" name="testLoginWithSession" time="0.465"/>
  <testcase classname="com.erudex.test.login.LoginTestApache" name="testLogin" time="0.352"/>
  <testcase classname="com.erudex.test.login.LoginTestApache" name="testLogoutWithSession" time="0.314"/>
  <testcase classname="com.erudex.test.login.LoginTestApache" name="testLogin" time="0.421"/>
  <testcase classname="com.erudex.test.login.LoginTestApache" name="testLogoutWithSession" time="0.349"/>
  <testcase classname="com.erudex.test.login.LoginTestApache" name="testLoginWithSession" time="0.355"/>
  <testcase classname="com.erudex.test.login.LoginTestApache" name="testLogoutWithSession" time="0.307"/>
  <testcase classname="com.erudex.test.login.LoginTestApache" name="testLogin" time="0.384"/>
  <testcase classname="com.erudex.test.login.LoginTestApache" name="testLoginWithSession" time="0.354"/>
  <testcase classname="com.erudex.test.login.LoginTestApache" name="testLoginWithSession" time="0.362"/>
  <testcase classname="com.erudex.test.login.LoginTestApache" name="testLogoutWithSession" time="0.369"/>
  <testcase classname="com.erudex.test.login.LoginTestApache" name="testLoginWithSession" time="0.354"/>
  <testcase classname="com.erudex.test.login.LoginTestApache" name="testLogoutWithSession" time="0.320"/>
  <testcase classname="com.erudex.test.login.LoginTestApache" name="testLogoutWithSession" time="0.360"/>
  <testcase classname="com.erudex.test.login.LoginTestApache" name="testLogoutWithSession" time="0.352"/>
  <testcase classname="com.erudex.test.login.LoginTestApache" name="testLogoutWithSession" time="0.314"/>
  <testcase classname="com.erudex.test.login.LoginTestApache" name="testLogin" time="0.359"/>
  <testcase classname="com.erudex.test.login.LoginTestApache" name="testLoginWithSession" time="0.367"/>
  <testcase classname="com.erudex.test.login.LoginTestApache" name="testLoginWithSession" time="0.359"/>
  <testcase classname="com.erudex.test.login.LoginTestApache" name="testLogoutWithSession" time="0.356"/>
  <testcase classname="com.erudex.test.login.LoginTestApache" name="testLogin" time="0.321"/>
  <testcase classname="com.erudex.test.login.LoginTestApache" name="testLoginWithSession" time="0.361"/>
  <testcase classname="com.erudex.test.login.LoginTestApache" name="testLogin" time="0.321"/>
  <testcase classname="com.erudex.test.login.LoginTestApache" name="testLogin" time="0.309"/>
  <testcase classname="com.erudex.test.login.LoginTestApache" name="testLoginWithSession" time="0.748"/>
  <testcase classname="com.erudex.test.login.LoginTestApache" name="testLogin" time="0.360"/>
  <testcase classname="com.erudex.test.login.LoginTestApache" name="testLoginWithSession" time="0.358"/>
  <testcase classname="com.erudex.test.login.LoginTestApache" name="testLoginWithSession" time="0.349"/>
  <testcase classname="com.erudex.test.login.LoginTestApache" name="testLogin" time="0.326"/>
  <testcase classname="com.erudex.test.login.LoginTestApache" name="testLogoutWithSession" time="0.303"/>
  <testcase classname="com.erudex.test.login.LoginTestApache" name="testLogin" time="0.365"/>
  <testcase classname="com.erudex.test.login.LoginTestApache" name="testLoginWithSession" time="0.309"/>
  <testcase classname="com.erudex.test.login.LoginTestApache" name="testLogin" time="0.327"/>
  <testcase classname="com.erudex.test.login.LoginTestApache" name="testLogoutWithSession" time="0.374"/>
  <testcase classname="com.erudex.test.login.LoginTestApache" name="testLogoutWithSession" time="0.353"/>
  <testcase classname="com.erudex.test.login.LoginTestApache" name="testLogin" time="0.362"/>
  <testcase classname="com.erudex.test.login.LoginTestApache" name="testLoginWithSession" time="0.367"/>
  <testcase classname="com.erudex.test.login.LoginTestApache" name="testLoginWithSession" time="0.351"/>
  <testcase classname="com.erudex.test.login.LoginTestApache" name="testLogoutWithSession" time="0.308"/>
  <testcase classname="com.erudex.test.login.LoginTestApache" name="testLogoutWithSession" time="0.303"/>
  <testcase classname="com.erudex.test.login.LoginTestApache" name="testLogin" time="0.366"/>
  <testcase classname="com.erudex.test.login.LoginTestApache" name="testLogin" time="0.355"/>
  <testcase classname="com.erudex.test.login.LoginTestApache" name="testLogoutWithSession" time="0.708"/>
  <testcase classname="com.erudex.test.login.LoginTestApache" name="testLogin" time="0.372"/>
  <testcase classname="com.erudex.test.login.LoginTestApache" name="testLogin" time="0.356"/>
  <testcase classname="com.erudex.test.login.LoginTestApache" name="testLogoutWithSession" time="0.345"/>
  <testcase classname="com.erudex.test.login.LoginTestApache" name="testLogin" time="0.353"/>
  <testcase classname="com.erudex.test.login.LoginTestApache" name="testLogin" time="0.320"/>
  <testcase classname="com.erudex.test.login.LoginTestApache" name="testLoginWithSession" time="0.352"/>
  <testcase classname="com.erudex.test.login.LoginTestApache" name="testLogin" time="0.388"/>
  <testcase classname="com.erudex.test.login.LoginTestApache" name="testLogin" time="0.317"/>
  <testcase classname="com.erudex.test.login.LoginTestApache" name="testLoginWithSession" time="0.367"/>
  <testcase classname="com.erudex.test.login.LoginTestApache" name="testLogoutWithSession" time="0.364"/>
  <testcase classname="com.erudex.test.login.LoginTestApache" name="testLoginWithSession" time="0.352"/>
  <testcase classname="com.erudex.test.login.LoginTestApache" name="testLogin" time="0.575"/>
  <testcase classname="com.erudex.test.login.LoginTestApache" name="testLoginWithSession" time="0.309"/>
  <testcase classname="com.erudex.test.login.LoginTestApache" name="testLogoutWithSession" time="0.375"/>
  <testcase classname="com.erudex.test.login.LoginTestApache" name="testLogoutWithSession" time="0.544"/>
  <testcase classname="com.erudex.test.login.LoginTestApache" name="testLogoutWithSession" time="0.309"/>
  <testcase classname="com.erudex.test.login.LoginTestApache" name="testLogin" time="0.365"/>
  <testcase classname="com.erudex.test.login.LoginTestApache" name="testLogoutWithSession" time="0.303"/>
  <testcase classname="com.erudex.test.login.LoginTestApache" name="testLoginWithSession" time="0.354"/>
  <testcase classname="com.erudex.test.login.LoginTestApache" name="testLoginWithSession" time="0.354"/>
  <testcase classname="com.erudex.test.login.LoginTestApache" name="testLogoutWithSession" time="0.356"/>
  <testcase classname="com.erudex.test.login.LoginTestApache" name="testLogin" time="0.349"/>
  <testcase classname="com.erudex.test.login.LoginTestApache" name="testLogin" time="0.354"/>
  <testcase classname="com.erudex.test.login.LoginTestApache" name="testLogin" time="0.312"/>
  <testcase classname="com.erudex.test.login.LoginTestApache" name="testLogin" time="0.318"/>
  <testcase classname="com.erudex.test.login.LoginTestApache" name="testLoginWithSession" time="0.307"/>
  <testcase classname="com.erudex.test.login.LoginTestApache" name="testLogoutWithSession" time="0.343"/>
  <testcase classname="com.erudex.test.login.LoginTestApache" name="testLogin" time="0.368"/>
  <testcase classname="com.erudex.test.login.LoginTestApache" name="testLogoutWithSession" time="0.318"/>
  <testcase classname="com.erudex.test.login.LoginTestApache" name="testLogin" time="0.317"/>
  <testcase classname="com.erudex.test.login.LoginTestApache" name="testLoginWithSession" time="0.356"/>
  <testcase classname="com.erudex.test.login.LoginTestApache" name="testLogoutWithSession" time="0.349"/>
  <testcase classname="com.erudex.test.login.LoginTestApache" name="testLogoutWithSession" time="0.351"/>
  <testcase classname="com.erudex.test.login.LoginTestApache" name="testLoginWithSession" time="0.354"/>
  <testcase classname="com.erudex.test.login.LoginTestApache" name="testLoginWithSession" time="0.345"/>
  <testcase classname="com.erudex.test.login.LoginTestApache" name="testLoginWithSession" time="0.313"/>
  <testcase classname="com.erudex.test.login.LoginTestApache" name="testLogoutWithSession" time="0.311"/>
  <testcase classname="com.erudex.test.login.LoginTestApache" name="testLoginWithSession" time="0.308"/>
  <testcase classname="com.erudex.test.login.LoginTestApache" name="testLogoutWithSession" time="0.357"/>
  <testcase classname="com.erudex.test.login.LoginTestApache" name="testLogin" time="0.358"/>
  <testcase classname="com.erudex.test.login.LoginTestApache" name="testLogoutWithSession" time="0.361"/>
  <testcase classname="com.erudex.test.login.LoginTestApache" name="testLogin" time="0.369"/>
  <testcase classname="com.erudex.test.login.LoginTestApache" name="testLogoutWithSession" time="0.359"/>
  <testcase classname="com.erudex.test.login.LoginTestApache" name="testLoginWithSession" time="0.323"/>
  <testcase classname="com.erudex.test.login.LoginTestApache" name="testLogin" time="0.558"/>
  <testcase classname="com.erudex.test.login.LoginTestApache" name="testLogin" time="0.363"/>
  <testcase classname="com.erudex.test.login.LoginTestApache" name="testLogoutWithSession" time="0.352"/>
  <testcase classname="com.erudex.test.login.LoginTestApache" name="testLogin" time="0.305"/>
  <testcase classname="com.erudex.test.login.LoginTestApache" name="testLogoutWithSession" time="0.752"/>
  <testcase classname="com.erudex.test.login.LoginTestApache" name="testLoginWithSession" time="0.300"/>
  <testcase classname="com.erudex.test.login.LoginTestApache" name="testLogin" time="0.361"/>
  <testcase classname="com.erudex.test.login.LoginTestApache" name="testLogoutWithSession" time="0.303"/>
  <testcase classname="com.erudex.test.login.LoginTestApache" name="testLogin" time="0.368"/>
  <testcase classname="com.erudex.test.login.LoginTestApache" name="testLogoutWithSession" time="0.304"/>
  <testcase classname="com.erudex.test.login.LoginTestApache" name="testLogoutWithSession" time="0.364"/>
  <testcase classname="com.erudex.test.login.LoginTestApache" name="testLogoutWithSession" time="0.353"/>
  <testcase classname="com.erudex.test.login.LoginTestApache" name="testLogoutWithSession" time="0.346"/>
  <testcase classname="com.erudex.test.login.LoginTestApache" name="testLogin" time="0.317"/>
  <testcase classname="com.erudex.test.login.LoginTestApache" name="testLogin" time="0.357"/>
  <testcase classname="com.erudex.test.login.LoginTestApache" name="testLogoutWithSession" time="0.322"/>
  <testcase classname="com.erudex.test.login.LoginTestApache" name="testLogoutWithSession" time="0.308"/>
  <testcase classname="com.erudex.test.login.LoginTestApache" name="testLoginWithSession" time="0.363"/>
  <testcase classname="com.erudex.test.login.LoginTestApache" name="testLoginWithSession" time="0.312"/>
  <testcase classname="com.erudex.test.login.LoginTestApache" name="testLoginWithSession" time="0.349"/>
  <testcase classname="com.erudex.test.login.LoginTestApache" name="testLoginWithSession" time="0.311"/>
  <testcase classname="com.erudex.test.login.LoginTestApache" name="testLogoutWithSession" time="0.355"/>
  <testcase classname="com.erudex.test.login.LoginTestApache" name="testLoginWithSession" time="0.314"/>
  <testcase classname="com.erudex.test.login.LoginTestApache" name="testLoginWithSession" time="0.356"/>
  <testcase classname="com.erudex.test.login.LoginTestApache" name="testLogoutWithSession" time="0.354"/>
  <testcase classname="com.erudex.test.login.LoginTestApache" name="testLogin" time="0.761"/>
  <testcase classname="com.erudex.test.login.LoginTestApache" name="testLogoutWithSession" time="0.363"/>
  <testcase classname="com.erudex.test.login.LoginTestApache" name="testLogin" time="0.482"/>
  <testcase classname="com.erudex.test.login.LoginTestApache" name="testLoginWithSession" time="0.341"/>
  <testcase classname="com.erudex.test.login.LoginTestApache" name="testLogoutWithSession" time="0.303"/>
  <testcase classname="com.erudex.test.login.LoginTestApache" name="testLogin" time="0.309"/>
  <testcase classname="com.erudex.test.login.LoginTestApache" name="testLoginWithSession" time="0.738"/>
  <testcase classname="com.erudex.test.login.LoginTestApache" name="testLogin" time="0.358"/>
  <testcase classname="com.erudex.test.login.LoginTestApache" name="testLogin" time="0.392"/>
  <testcase classname="com.erudex.test.login.LoginTestApache" name="testLogoutWithSession" time="0.365"/>
  <testcase classname="com.erudex.test.login.LoginTestApache" name="testLogoutWithSession" time="0.354"/>
  <testcase classname="com.erudex.test.login.LoginTestApache" name="testLogin" time="0.360"/>
  <testcase classname="com.erudex.test.login.LoginTestApache" name="testLoginWithSession" time="0.378"/>
  <testcase classname="com.erudex.test.login.LoginTestApache" name="testLogoutWithSession" time="0.350"/>
  <testcase classname="com.erudex.test.login.LoginTestApache" name="testLoginWithSession" time="0.348"/>
  <testcase classname="com.erudex.test.login.LoginTestApache" name="testLogoutWithSession" time="0.350"/>
  <testcase classname="com.erudex.test.login.LoginTestApache" name="testLoginWithSession" time="0.350"/>
  <testcase classname="com.erudex.test.login.LoginTestApache" name="testLoginWithSession" time="0.359"/>
  <testcase classname="com.erudex.test.login.LoginTestApache" name="testLogoutWithSession" time="0.413"/>
  <testcase classname="com.erudex.test.login.LoginTestApache" name="testLogoutWithSession" time="0.360"/>
  <testcase classname="com.erudex.test.login.LoginTestApache" name="testLogin" time="0.354"/>
  <testcase classname="com.erudex.test.login.LoginTestApache" name="testLogin" time="0.360"/>
  <testcase classname="com.erudex.test.login.LoginTestApache" name="testLoginWithSession" time="0.303"/>
  <testcase classname="com.erudex.test.login.LoginTestApache" name="testLogin" time="0.523"/>
  <testcase classname="com.erudex.test.login.LoginTestApache" name="testLogoutWithSession" time="0.386"/>
  <testcase classname="com.erudex.test.login.LoginTestApache" name="testLogin" time="0.322"/>
  <testcase classname="com.erudex.test.login.LoginTestApache" name="testLogin" time="0.364"/>
  <testcase classname="com.erudex.test.login.LoginTestApache" name="testLogoutWithSession" time="0.304"/>
  <testcase classname="com.erudex.test.login.LoginTestApache" name="testLogin" time="0.321"/>
  <testcase classname="com.erudex.test.login.LoginTestApache" name="testLogin" time="0.373"/>
  <testcase classname="com.erudex.test.login.LoginTestApache" name="testLoginWithSession" time="0.369"/>
  <testcase classname="com.erudex.test.login.LoginTestApache" name="testLoginWithSession" time="0.356"/>
  <testcase classname="com.erudex.test.login.LoginTestApache" name="testLoginWithSession" time="0.365"/>
  <testcase classname="com.erudex.test.login.LoginTestApache" name="testLoginWithSession" time="0.365"/>
  <testcase classname="com.erudex.test.login.LoginTestApache" name="testLogin" time="0.366"/>
  <testcase classname="com.erudex.test.login.LoginTestApache" name="testLogoutWithSession" time="0.382"/>
  <testcase classname="com.erudex.test.login.LoginTestApache" name="testLoginWithSession" time="0.306"/>
  <testcase classname="com.erudex.test.login.LoginTestApache" name="testLogin" time="0.354"/>
  <testcase classname="com.erudex.test.login.LoginTestApache" name="testLogin" time="0.350"/>
  <testcase classname="com.erudex.test.login.LoginTestApache" name="testLogoutWithSession" time="0.361"/>
  <testcase classname="com.erudex.test.login.LoginTestApache" name="testLogin" time="0.372"/>
  <testcase classname="com.erudex.test.login.LoginTestApache" name="testLogoutWithSession" time="0.351"/>
  <testcase classname="com.erudex.test.login.LoginTestApache" name="testLoginWithSession" time="0.351"/>
  <testcase classname="com.erudex.test.login.LoginTestApache" name="testLoginWithSession" time="0.409"/>
  <testcase classname="com.erudex.test.login.LoginTestApache" name="testLogin" time="0.351"/>
  <testcase classname="com.erudex.test.login.LoginTestApache" name="testLoginWithSession" time="0.362"/>
  <testcase classname="com.erudex.test.login.LoginTestApache" name="testLogoutWithSession" time="0.346"/>
  <testcase classname="com.erudex.test.login.LoginTestApache" name="testLogoutWithSession" time="0.310"/>
  <testcase classname="com.erudex.test.login.LoginTestApache" name="testLoginWithSession" time="0.357"/>
  <testcase classname="com.erudex.test.login.LoginTestApache" name="testLoginWithSession" time="0.355"/>
  <testcase classname="com.erudex.test.login.LoginTestApache" name="testLoginWithSession" time="0.351"/>
  <testcase classname="com.erudex.test.login.LoginTestApache" name="testLogoutWithSession" time="0.354"/>
  <testcase classname="com.erudex.test.login.LoginTestApache" name="testLogin" time="0.362"/>
  <testcase classname="com.erudex.test.login.LoginTestApache" name="testLogoutWithSession" time="0.306"/>
  <testcase classname="com.erudex.test.login.LoginTestApache" name="testLogin" time="0.360"/>
  <testcase classname="com.erudex.test.login.LoginTestApache" name="testLogoutWithSession" time="0.369"/>
  <testcase classname="com.erudex.test.login.LoginTestApache" name="testLogoutWithSession" time="0.314"/>
  <testcase classname="com.erudex.test.login.LoginTestApache" name="testLoginWithSession" time="0.415"/>
  <testcase classname="com.erudex.test.login.LoginTestApache" name="testLoginWithSession" time="0.352"/>
  <testcase classname="com.erudex.test.login.LoginTestApache" name="testLogoutWithSession" time="0.372"/>
  <testcase classname="com.erudex.test.login.LoginTestApache" name="testLoginWithSession" time="0.350"/>
  <testcase classname="com.erudex.test.login.LoginTestApache" name="testLogoutWithSession" time="0.328"/>
  <testcase classname="com.erudex.test.login.LoginTestApache" name="testLogoutWithSession" time="0.307"/>
  <testcase classname="com.erudex.test.login.LoginTestApache" name="testLogin" time="0.433"/>
  <testcase classname="com.erudex.test.login.LoginTestApache" name="testLogin" time="0.354"/>
  <testcase classname="com.erudex.test.login.LoginTestApache" name="testLogoutWithSession" time="0.352"/>
  <testcase classname="com.erudex.test.login.LoginTestApache" name="testLogoutWithSession" time="0.304"/>
  <testcase classname="com.erudex.test.login.LoginTestApache" name="testLogin" time="0.407"/>
  <testcase classname="com.erudex.test.login.LoginTestApache" name="testLogoutWithSession" time="0.366"/>
  <testcase classname="com.erudex.test.login.LoginTestApache" name="testLogin" time="0.357"/>
  <testcase classname="com.erudex.test.login.LoginTestApache" name="testLogoutWithSession" time="0.348"/>
  <testcase classname="com.erudex.test.login.LoginTestApache" name="testLogin" time="0.308"/>
  <testcase classname="com.erudex.test.login.LoginTestApache" name="testLogoutWithSession" time="0.345"/>
  <testcase classname="com.erudex.test.login.LoginTestApache" name="testLogoutWithSession" time="0.493"/>
  <testcase classname="com.erudex.test.login.LoginTestApache" name="testLoginWithSession" time="0.528"/>
  <testcase classname="com.erudex.test.login.LoginTestApache" name="testLogin" time="0.320"/>
  <testcase classname="com.erudex.test.login.LoginTestApache" name="testLogoutWithSession" time="0.304"/>
  <testcase classname="com.erudex.test.login.LoginTestApache" name="testLoginWithSession" time="0.309"/>
  <testcase classname="com.erudex.test.login.LoginTestApache" name="testLogoutWithSession" time="0.308"/>
  <testcase classname="com.erudex.test.login.LoginTestApache" name="testLoginWithSession" time="0.308"/>
  <testcase classname="com.erudex.test.login.LoginTestApache" name="testLoginWithSession" time="0.599"/>
  <testcase classname="com.erudex.test.login.LoginTestApache" name="testLogin" time="0.312"/>
  <testcase classname="com.erudex.test.login.LoginTestApache" name="testLoginWithSession" time="0.367"/>
  <testcase classname="com.erudex.test.login.LoginTestApache" name="testLogin" time="0.330"/>
  <testcase classname="com.erudex.test.login.LoginTestApache" name="testLogin" time="0.322"/>
  <testcase classname="com.erudex.test.login.LoginTestApache" name="testLogin" time="0.327"/>
  <testcase classname="com.erudex.test.login.LoginTestApache" name="testLogoutWithSession" time="0.312"/>
  <testcase classname="com.erudex.test.login.LoginTestApache" name="testLogoutWithSession" time="0.303"/>
  <testcase classname="com.erudex.test.login.LoginTestApache" name="testLogoutWithSession" time="0.356"/>
  <testcase classname="com.erudex.test.login.LoginTestApache" name="testLoginWithSession" time="0.308"/>
  <testcase classname="com.erudex.test.login.LoginTestApache" name="testLogoutWithSession" time="0.348"/>
  <testcase classname="com.erudex.test.login.LoginTestApache" name="testLogoutWithSession" time="0.359"/>
  <testcase classname="com.erudex.test.login.LoginTestApache" name="testLogin" time="0.750"/>
  <testcase classname="com.erudex.test.login.LoginTestApache" name="testLogin" time="0.360"/>
  <testcase classname="com.erudex.test.login.LoginTestApache" name="testLoginWithSession" time="0.358"/>
  <testcase classname="com.erudex.test.login.LoginTestApache" name="testLogin" time="0.372"/>
  <testcase classname="com.erudex.test.login.LoginTestApache" name="testLoginWithSession" time="0.368"/>
  <testcase classname="com.erudex.test.login.LoginTestApache" name="testLogoutWithSession" time="0.315"/>
  <testcase classname="com.erudex.test.login.LoginTestApache" name="testLogoutWithSession" time="0.314"/>
  <testcase classname="com.erudex.test.login.LoginTestApache" name="testLogoutWithSession" time="0.354"/>
  <testcase classname="com.erudex.test.login.LoginTestApache" name="testLogin" time="0.317"/>
  <testcase classname="com.erudex.test.login.LoginTestApache" name="testLogoutWithSession" time="0.352"/>
  <testcase classname="com.erudex.test.login.LoginTestApache" name="testLogoutWithSession" time="0.696"/>
  <testcase classname="com.erudex.test.login.LoginTestApache" name="testLogin" time="0.381"/>
  <testcase classname="com.erudex.test.login.LoginTestApache" name="testLoginWithSession" time="0.446"/>
  <testcase classname="com.erudex.test.login.LoginTestApache" name="testLogin" time="0.319"/>
  <testcase classname="com.erudex.test.login.LoginTestApache" name="testLoginWithSession" time="0.360"/>
  <testcase classname="com.erudex.test.login.LoginTestApache" name="testLogin" time="0.366"/>
  <testcase classname="com.erudex.test.login.LoginTestApache" name="testLogin" time="0.363"/>
  <testcase classname="com.erudex.test.login.LoginTestApache" name="testLogoutWithSession" time="0.354"/>
  <testcase classname="com.erudex.test.login.LoginTestApache" name="testLoginWithSession" time="0.306"/>
  <testcase classname="com.erudex.test.login.LoginTestApache" name="testLogoutWithSession" time="0.394"/>
  <testcase classname="com.erudex.test.login.LoginTestApache" name="testLogin" time="0.369"/>
  <testcase classname="com.erudex.test.login.LoginTestApache" name="testLogin" time="0.367"/>
  <testcase classname="com.erudex.test.login.LoginTestApache" name="testLogin" time="0.362"/>
  <testcase classname="com.erudex.test.login.LoginTestApache" name="testLoginWithSession" time="0.349"/>
  <testcase classname="com.erudex.test.login.LoginTestApache" name="testLogoutWithSession" time="0.353"/>
  <testcase classname="com.erudex.test.login.LoginTestApache" name="testLoginWithSession" time="0.358"/>
  <testcase classname="com.erudex.test.login.LoginTestApache" name="testLogoutWithSession" time="0.354"/>
  <testcase classname="com.erudex.test.login.LoginTestApache" name="testLoginWithSession" time="0.394"/>
  <testcase classname="com.erudex.test.login.LoginTestApache" name="testLoginWithSession" time="0.365"/>
  <testcase classname="com.erudex.test.login.LoginTestApache" name="testLogin" time="0.423"/>
  <testcase classname="com.erudex.test.login.LoginTestApache" name="testLoginWithSession" time="0.312"/>
  <testcase classname="com.erudex.test.login.LoginTestApache" name="testLogin" time="0.324"/>
  <testcase classname="com.erudex.test.login.LoginTestApache" name="testLogin" time="0.363"/>
  <testcase classname="com.erudex.test.login.LoginTestApache" name="testLogin" time="0.308"/>
  <testcase classname="com.erudex.test.login.LoginTestApache" name="testLoginWithSession" time="0.316"/>
  <testcase classname="com.erudex.test.login.LoginTestApache" name="testLogin" time="0.364"/>
  <testcase classname="com.erudex.test.login.LoginTestApache" name="testLoginWithSession" time="0.360"/>
  <testcase classname="com.erudex.test.login.LoginTestApache" name="testLogoutWithSession" time="0.353"/>
  <testcase classname="com.erudex.test.login.LoginTestApache" name="testLogin" time="0.353"/>
  <testcase classname="com.erudex.test.login.LoginTestApache" name="testLogoutWithSession" time="0.358"/>
  <testcase classname="com.erudex.test.login.LoginTestApache" name="testLoginWithSession" time="0.352"/>
  <testcase classname="com.erudex.test.login.LoginTestApache" name="testLogoutWithSession" time="0.351"/>
  <testcase classname="com.erudex.test.login.LoginTestApache" name="testLogoutWithSession" time="0.370"/>
  <testcase classname="com.erudex.test.login.LoginTestApache" name="testLogin" time="0.318"/>
  <testcase classname="com.erudex.test.login.LoginTestApache" name="testLoginWithSession" time="0.346"/>
  <testcase classname="com.erudex.test.login.LoginTestApache" name="testLogoutWithSession" time="0.349"/>
  <testcase classname="com.erudex.test.login.LoginTestApache" name="testLoginWithSession" time="0.356"/>
  <testcase classname="com.erudex.test.login.LoginTestApache" name="testLogoutWithSession" time="0.360"/>
  <testcase classname="com.erudex.test.login.LoginTestApache" name="testLoginWithSession" time="0.311"/>
  <testcase classname="com.erudex.test.login.LoginTestApache" name="testLogoutWithSession" time="0.311"/>
  <testcase classname="com.erudex.test.login.LoginTestApache" name="testLoginWithSession" time="0.345"/>
  <testcase classname="com.erudex.test.login.LoginTestApache" name="testLoginWithSession" time="0.351"/>
  <testcase classname="com.erudex.test.login.LoginTestApache" name="testLogin" time="0.349"/>
  <testcase classname="com.erudex.test.login.LoginTestApache" name="testLogin" time="0.324"/>
  <testcase classname="com.erudex.test.login.LoginTestApache" name="testLogoutWithSession" time="0.362"/>
  <testcase classname="com.erudex.test.login.LoginTestApache" name="testLogoutWithSession" time="0.431"/>
  <testcase classname="com.erudex.test.login.LoginTestApache" name="testLoginWithSession" time="0.303"/>
  <testcase classname="com.erudex.test.login.LoginTestApache" name="testLogoutWithSession" time="0.350"/>
  <testcase classname="com.erudex.test.login.LoginTestApache" name="testLogoutWithSession" time="0.308"/>
  <testcase classname="com.erudex.test.login.LoginTestApache" name="testLogoutWithSession" time="0.306"/>
  <testcase classname="com.erudex.test.login.LoginTestApache" name="testLoginWithSession" time="0.350"/>
  <testcase classname="com.erudex.test.login.LoginTestApache" name="testLoginWithSession" time="0.942"/>
  <testcase classname="com.erudex.test.login.LoginTestApache" name="testLoginWithSession" time="0.352"/>
  <testcase classname="com.erudex.test.login.LoginTestApache" name="testLoginWithSession" time="0.305"/>
  <testcase classname="com.erudex.test.login.LoginTestApache" name="testLoginWithSession" time="0.304"/>
  <testcase classname="com.erudex.test.login.LoginTestApache" name="testLogin" time="0.328"/>
  <testcase classname="com.erudex.test.login.LoginTestApache" name="testLoginWithSession" time="0.341"/>
  <testcase classname="com.erudex.test.login.LoginTestApache" name="testLoginWithSession" time="0.352"/>
  <testcase classname="com.erudex.test.login.LoginTestApache" name="testLoginWithSession" time="0.303"/>
  <testcase classname="com.erudex.test.login.LoginTestApache" name="testLogin" time="0.518"/>
  <testcase classname="com.erudex.test.login.LoginTestApache" name="testLogin" time="0.375"/>
</testsuite> <!-- com.erudex.test.login.LoginTestApache -->
